TN:
SF:src\hooks\index.ts
FNF:0
FNH:0
LF:0
LH:0
BRF:0
BRH:0
end_of_record
TN:
SF:src\hooks\useAccessibility.tsx
FN:8,(anonymous_0)
FN:19,(anonymous_1)
FN:26,(anonymous_2)
FN:32,(anonymous_3)
FN:37,(anonymous_4)
FN:44,(anonymous_5)
FNF:6
FNH:0
FNDA:0,(anonymous_0)
FNDA:0,(anonymous_1)
FNDA:0,(anonymous_2)
FNDA:0,(anonymous_3)
FNDA:0,(anonymous_4)
FNDA:0,(anonymous_5)
DA:8,0
DA:9,0
DA:10,0
DA:11,0
DA:15,0
DA:19,0
DA:20,0
DA:21,0
DA:25,0
DA:28,0
DA:29,0
DA:32,0
DA:33,0
DA:37,0
DA:38,0
DA:44,0
DA:45,0
DA:55,0
LF:18
LH:0
BRDA:10,0,0,0
BRDA:10,0,1,0
BRDA:26,1,0,0
BRF:3
BRH:0
end_of_record
TN:
SF:src\hooks\useApiMutation.ts
FN:66,useApiMutation
FN:90,(anonymous_1)
FN:92,(anonymous_2)
FN:108,(anonymous_3)
FNF:4
FNH:3
FNDA:10,useApiMutation
FNDA:4,(anonymous_1)
FNDA:0,(anonymous_2)
FNDA:1,(anonymous_3)
DA:74,10
DA:75,10
DA:85,10
DA:87,10
DA:92,4
DA:93,0
DA:97,4
DA:99,2
DA:102,2
DA:106,4
DA:109,1
DA:112,1
LF:12
LH:11
BRDA:80,0,0,10
BRDA:81,1,0,10
BRDA:97,2,0,2
BRDA:97,2,1,2
BRDA:99,3,0,1
BRDA:99,3,1,1
BRF:6
BRH:6
end_of_record
TN:
SF:src\hooks\useApiQuery.ts
FN:38,useApiQuery
FNF:1
FNH:0
FNDA:0,useApiQuery
DA:41,0
LF:1
LH:0
BRF:0
BRH:0
end_of_record
TN:
SF:src\hooks\useAttendance.ts
FN:28,useAttendanceRecords
FN:31,(anonymous_1)
FN:36,useAttendanceGridData
FN:39,(anonymous_3)
FN:44,useRecentAttendance
FN:47,(anonymous_5)
FN:52,useCreateAttendance
FN:57,(anonymous_7)
FN:59,(anonymous_8)
FN:71,(anonymous_9)
FN:80,useUpdateAttendance
FN:85,(anonymous_11)
FN:87,(anonymous_12)
FN:99,(anonymous_13)
FN:108,useDeleteAttendance
FN:113,(anonymous_15)
FN:114,(anonymous_16)
FN:126,(anonymous_17)
FN:136,useEvents
FN:139,(anonymous_19)
FN:144,useActiveEvents
FN:147,(anonymous_21)
FN:152,useAnalysisEvents
FN:155,(anonymous_23)
FN:160,useCreateEvent
FN:165,(anonymous_25)
FN:167,(anonymous_26)
FN:171,(anonymous_27)
FN:180,useUpdateEvent
FN:185,(anonymous_29)
FN:187,(anonymous_30)
FN:191,(anonymous_31)
FN:201,useEventAnalytics
FN:204,(anonymous_33)
FN:211,useAllEventsAnalytics
FN:214,(anonymous_35)
FN:219,useMonthlyAnalyticsForAllEvents
FN:222,(anonymous_37)
FN:224,(anonymous_38)
FN:233,useDashboardWidgetData
FN:236,(anonymous_40)
FN:242,useEmailEventAnalytics
FN:246,(anonymous_42)
FN:256,(anonymous_43)
FN:259,(anonymous_44)
FN:268,useEmailAllEventsAnalytics
FN:272,(anonymous_46)
FN:274,(anonymous_47)
FN:280,(anonymous_48)
FN:290,useAttendanceValidation
FN:292,(anonymous_50)
FN:295,(anonymous_51)
FN:302,useAttendanceManagement
FN:319,useEventManagement
FNF:54
FNH:0
FNDA:0,useAttendanceRecords
FNDA:0,(anonymous_1)
FNDA:0,useAttendanceGridData
FNDA:0,(anonymous_3)
FNDA:0,useRecentAttendance
FNDA:0,(anonymous_5)
FNDA:0,useCreateAttendance
FNDA:0,(anonymous_7)
FNDA:0,(anonymous_8)
FNDA:0,(anonymous_9)
FNDA:0,useUpdateAttendance
FNDA:0,(anonymous_11)
FNDA:0,(anonymous_12)
FNDA:0,(anonymous_13)
FNDA:0,useDeleteAttendance
FNDA:0,(anonymous_15)
FNDA:0,(anonymous_16)
FNDA:0,(anonymous_17)
FNDA:0,useEvents
FNDA:0,(anonymous_19)
FNDA:0,useActiveEvents
FNDA:0,(anonymous_21)
FNDA:0,useAnalysisEvents
FNDA:0,(anonymous_23)
FNDA:0,useCreateEvent
FNDA:0,(anonymous_25)
FNDA:0,(anonymous_26)
FNDA:0,(anonymous_27)
FNDA:0,useUpdateEvent
FNDA:0,(anonymous_29)
FNDA:0,(anonymous_30)
FNDA:0,(anonymous_31)
FNDA:0,useEventAnalytics
FNDA:0,(anonymous_33)
FNDA:0,useAllEventsAnalytics
FNDA:0,(anonymous_35)
FNDA:0,useMonthlyAnalyticsForAllEvents
FNDA:0,(anonymous_37)
FNDA:0,(anonymous_38)
FNDA:0,useDashboardWidgetData
FNDA:0,(anonymous_40)
FNDA:0,useEmailEventAnalytics
FNDA:0,(anonymous_42)
FNDA:0,(anonymous_43)
FNDA:0,(anonymous_44)
FNDA:0,useEmailAllEventsAnalytics
FNDA:0,(anonymous_46)
FNDA:0,(anonymous_47)
FNDA:0,(anonymous_48)
FNDA:0,useAttendanceValidation
FNDA:0,(anonymous_50)
FNDA:0,(anonymous_51)
FNDA:0,useAttendanceManagement
FNDA:0,useEventManagement
DA:25,0
DA:29,0
DA:31,0
DA:37,0
DA:39,0
DA:45,0
DA:47,0
DA:53,0
DA:54,0
DA:56,0
DA:58,0
DA:60,0
DA:63,0
DA:66,0
DA:69,0
DA:72,0
DA:81,0
DA:82,0
DA:84,0
DA:86,0
DA:88,0
DA:91,0
DA:94,0
DA:97,0
DA:100,0
DA:109,0
DA:110,0
DA:112,0
DA:113,0
DA:115,0
DA:118,0
DA:121,0
DA:124,0
DA:127,0
DA:137,0
DA:139,0
DA:145,0
DA:147,0
DA:153,0
DA:155,0
DA:161,0
DA:162,0
DA:164,0
DA:166,0
DA:168,0
DA:169,0
DA:172,0
DA:181,0
DA:182,0
DA:184,0
DA:186,0
DA:188,0
DA:189,0
DA:192,0
DA:202,0
DA:205,0
DA:212,0
DA:214,0
DA:220,0
DA:223,0
DA:224,0
DA:225,0
DA:227,0
DA:234,0
DA:236,0
DA:243,0
DA:245,0
DA:255,0
DA:257,0
DA:260,0
DA:269,0
DA:271,0
DA:273,0
DA:275,0
DA:281,0
DA:291,0
DA:293,0
DA:296,0
DA:303,0
DA:304,0
DA:305,0
DA:306,0
DA:308,0
DA:320,0
DA:321,0
DA:322,0
DA:324,0
LF:87
LH:0
BRDA:203,0,0,0
BRDA:203,0,1,0
BRDA:205,1,0,0
BRDA:205,1,1,0
BRF:4
BRH:0
end_of_record
TN:
SF:src\hooks\useDataProtection.ts
FN:18,(anonymous_0)
FN:21,(anonymous_1)
FN:31,(anonymous_2)
FN:36,(anonymous_3)
FN:43,(anonymous_4)
FN:61,(anonymous_5)
FNF:6
FNH:0
FNDA:0,(anonymous_0)
FNDA:0,(anonymous_1)
FNDA:0,(anonymous_2)
FNDA:0,(anonymous_3)
FNDA:0,(anonymous_4)
FNDA:0,(anonymous_5)
DA:12,0
DA:18,0
DA:19,0
DA:21,0
DA:31,0
DA:32,0
DA:33,0
DA:35,0
DA:42,0
DA:45,0
DA:50,0
DA:55,0
DA:59,0
DA:62,0
LF:14
LH:0
BRDA:22,0,0,0
BRDA:22,0,1,0
BRF:2
BRH:0
end_of_record
TN:
SF:src\hooks\useDistricts.ts
FN:18,(anonymous_0)
FN:21,(anonymous_1)
FN:30,(anonymous_2)
FN:35,(anonymous_3)
FN:42,(anonymous_4)
FN:58,(anonymous_5)
FNF:6
FNH:0
FNDA:0,(anonymous_0)
FNDA:0,(anonymous_1)
FNDA:0,(anonymous_2)
FNDA:0,(anonymous_3)
FNDA:0,(anonymous_4)
FNDA:0,(anonymous_5)
DA:12,0
DA:18,0
DA:19,0
DA:21,0
DA:30,0
DA:31,0
DA:32,0
DA:34,0
DA:41,0
DA:44,0
DA:49,0
DA:53,0
DA:56,0
DA:59,0
LF:14
LH:0
BRDA:53,0,0,0
BRDA:53,0,1,0
BRF:2
BRH:0
end_of_record
TN:
SF:src\hooks\useEscapeKey.ts
FN:28,useEscapeKey
FN:32,(anonymous_1)
FN:35,(anonymous_2)
FN:43,(anonymous_3)
FNF:4
FNH:4
FNDA:9,useEscapeKey
FNDA:9,(anonymous_1)
FNDA:5,(anonymous_2)
FNDA:5,(anonymous_3)
DA:32,9
DA:33,9
DA:35,5
DA:36,5
DA:37,2
DA:38,2
DA:42,5
DA:43,5
LF:8
LH:8
BRDA:30,0,0,9
BRDA:33,1,0,4
BRDA:33,1,1,5
BRDA:33,2,0,9
BRDA:33,2,1,6
BRDA:36,3,0,2
BRDA:36,3,1,3
BRF:7
BRH:7
end_of_record
TN:
SF:src\hooks\useFocus.ts
FN:11,(anonymous_0)
FN:24,(anonymous_1)
FN:27,(anonymous_2)
FN:31,(anonymous_3)
FN:32,(anonymous_4)
FN:41,(anonymous_5)
FN:56,(anonymous_6)
FN:59,(anonymous_7)
FN:60,(anonymous_8)
FN:68,(anonymous_9)
FNF:10
FNH:0
FNDA:0,(anonymous_0)
FNDA:0,(anonymous_1)
FNDA:0,(anonymous_2)
FNDA:0,(anonymous_3)
FNDA:0,(anonymous_4)
FNDA:0,(anonymous_5)
FNDA:0,(anonymous_6)
FNDA:0,(anonymous_7)
FNDA:0,(anonymous_8)
FNDA:0,(anonymous_9)
DA:11,0
DA:12,0
DA:13,0
DA:14,0
DA:16,0
DA:24,0
DA:25,0
DA:27,0
DA:28,0
DA:29,0
DA:31,0
DA:32,0
DA:33,0
DA:34,0
DA:38,0
DA:39,0
DA:41,0
DA:42,0
DA:43,0
DA:47,0
DA:56,0
DA:57,0
DA:59,0
DA:60,0
DA:61,0
DA:62,0
DA:67,0
DA:69,0
DA:71,0
DA:74,0
DA:75,0
DA:76,0
DA:79,0
DA:80,0
DA:81,0
DA:83,0
DA:84,0
DA:85,0
DA:87,0
DA:88,0
DA:89,0
DA:92,0
DA:93,0
DA:94,0
DA:100,0
LF:45
LH:0
BRDA:13,0,0,0
BRDA:13,0,1,0
BRDA:29,1,0,0
BRDA:29,1,1,0
BRDA:33,2,0,0
BRDA:33,2,1,0
BRDA:61,3,0,0
BRDA:61,3,1,0
BRDA:62,4,0,0
BRDA:62,4,1,0
BRDA:71,5,0,0
BRDA:71,5,1,0
BRDA:71,5,2,0
BRDA:71,5,3,0
BRDA:71,5,4,0
BRDA:71,5,5,0
BRDA:92,6,0,0
BRDA:92,6,1,0
BRF:18
BRH:0
end_of_record
TN:
SF:src\hooks\useFormFocus.ts
FN:30,useFormFocus
FN:33,(anonymous_1)
FNF:2
FNH:2
FNDA:5,useFormFocus
FNDA:5,(anonymous_1)
DA:33,5
DA:34,5
DA:35,5
DA:38,3
DA:39,3
DA:42,3
DA:43,2
DA:44,2
DA:49,1
DA:52,1
LF:10
LH:10
BRDA:35,0,0,2
BRDA:35,0,1,3
BRDA:42,1,0,2
BRDA:42,1,1,1
BRF:4
BRH:4
end_of_record
TN:
SF:src\hooks\useNavigation.ts
FN:11,(anonymous_0)
FNF:1
FNH:0
FNDA:0,(anonymous_0)
DA:11,0
DA:12,0
DA:13,0
DA:14,0
DA:16,0
LF:5
LH:0
BRDA:13,0,0,0
BRDA:13,0,1,0
BRF:2
BRH:0
end_of_record
TN:
SF:src\hooks\useNotification.ts
FN:12,(anonymous_0)
FNF:1
FNH:0
FNDA:0,(anonymous_0)
DA:12,0
DA:13,0
DA:14,0
DA:15,0
DA:19,0
LF:5
LH:0
BRDA:14,0,0,0
BRDA:14,0,1,0
BRF:2
BRH:0
end_of_record
TN:
SF:src\hooks\useOptimisticList.ts
FN:48,useOptimisticList
FN:61,(anonymous_1)
FN:64,(anonymous_2)
FN:68,(anonymous_3)
FN:69,(anonymous_4)
FN:73,(anonymous_5)
FN:78,(anonymous_6)
FN:91,(anonymous_7)
FN:94,(anonymous_8)
FN:98,(anonymous_9)
FN:104,(anonymous_10)
FN:109,(anonymous_11)
FN:122,(anonymous_12)
FN:125,(anonymous_13)
FN:129,(anonymous_14)
FN:130,(anonymous_15)
FN:136,(anonymous_16)
FN:141,(anonymous_17)
FNF:18
FNH:0
FNDA:0,useOptimisticList
FNDA:0,(anonymous_1)
FNDA:0,(anonymous_2)
FNDA:0,(anonymous_3)
FNDA:0,(anonymous_4)
FNDA:0,(anonymous_5)
FNDA:0,(anonymous_6)
FNDA:0,(anonymous_7)
FNDA:0,(anonymous_8)
FNDA:0,(anonymous_9)
FNDA:0,(anonymous_10)
FNDA:0,(anonymous_11)
FNDA:0,(anonymous_12)
FNDA:0,(anonymous_13)
FNDA:0,(anonymous_14)
FNDA:0,(anonymous_15)
FNDA:0,(anonymous_16)
FNDA:0,(anonymous_17)
DA:52,0
DA:60,0
DA:63,0
DA:65,0
DA:66,0
DA:67,0
DA:68,0
DA:69,0
DA:71,0
DA:74,0
DA:75,0
DA:79,0
DA:90,0
DA:93,0
DA:95,0
DA:96,0
DA:97,0
DA:98,0
DA:102,0
DA:105,0
DA:106,0
DA:110,0
DA:121,0
DA:124,0
DA:126,0
DA:127,0
DA:128,0
DA:129,0
DA:131,0
DA:134,0
DA:137,0
DA:138,0
DA:142,0
DA:148,0
LF:34
LH:0
BRDA:69,0,0,0
BRDA:69,0,1,0
BRDA:74,1,0,0
BRDA:74,1,1,0
BRDA:99,2,0,0
BRDA:99,2,1,0
BRDA:105,3,0,0
BRDA:105,3,1,0
BRDA:130,4,0,0
BRDA:130,4,1,0
BRDA:131,5,0,0
BRDA:131,5,1,0
BRDA:137,6,0,0
BRDA:137,6,1,0
BRF:14
BRH:0
end_of_record
TN:
SF:src\hooks\useRBAC.ts
FN:81,(anonymous_0)
FN:86,(anonymous_1)
FN:99,(anonymous_2)
FN:114,(anonymous_3)
FN:119,(anonymous_4)
FN:123,(anonymous_5)
FN:124,(anonymous_6)
FN:125,(anonymous_7)
FN:128,(anonymous_8)
FN:129,(anonymous_9)
FN:131,(anonymous_10)
FN:135,(anonymous_11)
FN:136,(anonymous_12)
FN:139,(anonymous_13)
FN:152,(anonymous_14)
FN:157,(anonymous_15)
FN:190,(anonymous_16)
FN:198,(anonymous_17)
FN:206,(anonymous_18)
FN:214,(anonymous_19)
FN:222,(anonymous_20)
FN:230,(anonymous_21)
FN:238,(anonymous_22)
FN:246,(anonymous_23)
FNF:24
FNH:14
FNDA:27,(anonymous_0)
FNDA:26,(anonymous_1)
FNDA:26,(anonymous_2)
FNDA:26,(anonymous_3)
FNDA:26,(anonymous_4)
FNDA:5,(anonymous_5)
FNDA:2,(anonymous_6)
FNDA:2,(anonymous_7)
FNDA:3,(anonymous_8)
FNDA:2,(anonymous_9)
FNDA:2,(anonymous_10)
FNDA:1,(anonymous_11)
FNDA:2,(anonymous_12)
FNDA:0,(anonymous_13)
FNDA:0,(anonymous_14)
FNDA:3,(anonymous_15)
FNDA:0,(anonymous_16)
FNDA:0,(anonymous_17)
FNDA:0,(anonymous_18)
FNDA:0,(anonymous_19)
FNDA:0,(anonymous_20)
FNDA:0,(anonymous_21)
FNDA:0,(anonymous_22)
FNDA:0,(anonymous_23)
DA:81,1
DA:82,27
DA:85,27
DA:86,26
DA:98,27
DA:99,26
DA:114,27
DA:115,26
DA:118,27
DA:119,26
DA:123,5
DA:124,2
DA:125,2
DA:128,3
DA:129,2
DA:131,2
DA:135,1
DA:136,2
DA:144,0
DA:145,0
DA:153,0
DA:154,0
DA:163,3
DA:164,1
DA:166,2
DA:183,27
DA:190,1
DA:191,0
DA:192,0
DA:198,1
DA:199,0
DA:200,0
DA:206,1
DA:207,0
DA:208,0
DA:214,1
DA:215,0
DA:216,0
DA:222,1
DA:223,0
DA:224,0
DA:230,1
DA:231,0
DA:232,0
DA:238,1
DA:243,0
DA:245,0
DA:246,0
LF:48
LH:29
BRDA:106,0,0,26
BRDA:106,0,1,18
BRDA:142,1,0,0
BRDA:144,2,0,0
BRDA:144,2,1,0
BRDA:153,3,0,0
BRDA:153,3,1,0
BRDA:161,4,0,3
BRDA:163,5,0,1
BRDA:163,5,1,2
BRDA:241,6,0,0
BRF:11
BRH:5
end_of_record
TN:
SF:src\hooks\useRegisterNumbers.ts
FN:21,useRegisterNumberPreview
FN:24,(anonymous_1)
FN:35,useRegisterNumberStatus
FN:38,(anonymous_3)
FN:46,useGenerateRegisterNumbers
FN:51,(anonymous_5)
FN:53,(anonymous_6)
FN:62,(anonymous_7)
FN:73,useRegisterNumbers
FNF:9
FNH:0
FNDA:0,useRegisterNumberPreview
FNDA:0,(anonymous_1)
FNDA:0,useRegisterNumberStatus
FNDA:0,(anonymous_3)
FNDA:0,useGenerateRegisterNumbers
FNDA:0,(anonymous_5)
FNDA:0,(anonymous_6)
FNDA:0,(anonymous_7)
FNDA:0,useRegisterNumbers
DA:14,0
DA:22,0
DA:24,0
DA:36,0
DA:38,0
DA:47,0
DA:48,0
DA:50,0
DA:52,0
DA:55,0
DA:56,0
DA:58,0
DA:63,0
DA:74,0
DA:75,0
DA:76,0
DA:78,0
LF:17
LH:0
BRDA:21,0,0,0
BRDA:82,1,0,0
BRDA:82,1,1,0
BRF:3
BRH:0
end_of_record
TN:
SF:src\hooks\useReminderCategories.ts
FN:21,(anonymous_0)
FN:24,(anonymous_1)
FN:32,(anonymous_2)
FN:35,(anonymous_3)
FN:44,(anonymous_4)
FN:49,(anonymous_5)
FN:51,(anonymous_6)
FN:60,(anonymous_7)
FN:70,(anonymous_8)
FN:75,(anonymous_9)
FN:82,(anonymous_10)
FN:91,(anonymous_11)
FN:102,(anonymous_12)
FN:107,(anonymous_13)
FN:108,(anonymous_14)
FN:117,(anonymous_15)
FNF:16
FNH:0
FNDA:0,(anonymous_0)
FNDA:0,(anonymous_1)
FNDA:0,(anonymous_2)
FNDA:0,(anonymous_3)
FNDA:0,(anonymous_4)
FNDA:0,(anonymous_5)
FNDA:0,(anonymous_6)
FNDA:0,(anonymous_7)
FNDA:0,(anonymous_8)
FNDA:0,(anonymous_9)
FNDA:0,(anonymous_10)
FNDA:0,(anonymous_11)
FNDA:0,(anonymous_12)
FNDA:0,(anonymous_13)
FNDA:0,(anonymous_14)
FNDA:0,(anonymous_15)
DA:15,0
DA:21,0
DA:22,0
DA:24,0
DA:32,0
DA:33,0
DA:35,0
DA:44,0
DA:45,0
DA:46,0
DA:48,0
DA:50,0
DA:52,0
DA:55,0
DA:58,0
DA:61,0
DA:70,0
DA:71,0
DA:72,0
DA:74,0
DA:81,0
DA:83,0
DA:86,0
DA:89,0
DA:92,0
DA:102,0
DA:103,0
DA:104,0
DA:106,0
DA:107,0
DA:109,0
DA:112,0
DA:115,0
DA:118,0
LF:34
LH:0
BRF:0
BRH:0
end_of_record
TN:
SF:src\hooks\useReminders.ts
FN:24,(anonymous_0)
FN:27,(anonymous_1)
FN:46,(anonymous_2)
FN:49,(anonymous_3)
FN:58,(anonymous_4)
FN:63,(anonymous_5)
FN:69,(anonymous_6)
FN:76,(anonymous_7)
FN:88,(anonymous_8)
FN:93,(anonymous_9)
FN:100,(anonymous_10)
FN:106,(anonymous_11)
FN:117,(anonymous_12)
FN:122,(anonymous_13)
FN:129,(anonymous_14)
FN:138,(anonymous_15)
FN:149,(anonymous_16)
FN:154,(anonymous_17)
FN:155,(anonymous_18)
FN:161,(anonymous_19)
FN:172,(anonymous_20)
FN:175,(anonymous_21)
FNF:22
FNH:0
FNDA:0,(anonymous_0)
FNDA:0,(anonymous_1)
FNDA:0,(anonymous_2)
FNDA:0,(anonymous_3)
FNDA:0,(anonymous_4)
FNDA:0,(anonymous_5)
FNDA:0,(anonymous_6)
FNDA:0,(anonymous_7)
FNDA:0,(anonymous_8)
FNDA:0,(anonymous_9)
FNDA:0,(anonymous_10)
FNDA:0,(anonymous_11)
FNDA:0,(anonymous_12)
FNDA:0,(anonymous_13)
FNDA:0,(anonymous_14)
FNDA:0,(anonymous_15)
FNDA:0,(anonymous_16)
FNDA:0,(anonymous_17)
FNDA:0,(anonymous_18)
FNDA:0,(anonymous_19)
FNDA:0,(anonymous_20)
FNDA:0,(anonymous_21)
DA:17,0
DA:24,0
DA:25,0
DA:28,0
DA:29,0
DA:30,0
DA:31,0
DA:37,0
DA:46,0
DA:47,0
DA:49,0
DA:58,0
DA:59,0
DA:60,0
DA:62,0
DA:64,0
DA:65,0
DA:66,0
DA:67,0
DA:70,0
DA:71,0
DA:74,0
DA:77,0
DA:78,0
DA:88,0
DA:89,0
DA:90,0
DA:92,0
DA:99,0
DA:101,0
DA:104,0
DA:107,0
DA:117,0
DA:118,0
DA:119,0
DA:121,0
DA:128,0
DA:130,0
DA:133,0
DA:136,0
DA:139,0
DA:149,0
DA:150,0
DA:151,0
DA:153,0
DA:154,0
DA:156,0
DA:159,0
DA:162,0
DA:172,0
DA:173,0
DA:175,0
LF:52
LH:0
BRDA:133,0,0,0
BRDA:133,0,1,0
BRF:2
BRH:0
end_of_record
TN:
SF:src\hooks\useRiskAssessments.ts
FN:28,(anonymous_0)
FN:41,(anonymous_1)
FN:48,(anonymous_2)
FN:57,(anonymous_3)
FN:60,(anonymous_4)
FN:69,(anonymous_5)
FN:74,(anonymous_6)
FN:76,(anonymous_7)
FN:82,(anonymous_8)
FN:93,(anonymous_9)
FN:96,(anonymous_10)
FN:105,(anonymous_11)
FN:110,(anonymous_12)
FN:117,(anonymous_13)
FN:123,(anonymous_14)
FN:134,(anonymous_15)
FN:139,(anonymous_16)
FN:140,(anonymous_17)
FN:146,(anonymous_18)
FN:157,(anonymous_19)
FN:162,(anonymous_20)
FN:169,(anonymous_21)
FN:189,(anonymous_22)
FN:201,(anonymous_23)
FN:204,(anonymous_24)
FN:212,(anonymous_25)
FN:215,(anonymous_26)
FN:223,(anonymous_27)
FN:228,(anonymous_28)
FN:230,(anonymous_29)
FN:236,(anonymous_30)
FN:246,(anonymous_31)
FN:251,(anonymous_32)
FN:258,(anonymous_33)
FN:267,(anonymous_34)
FN:277,(anonymous_35)
FN:282,(anonymous_36)
FN:283,(anonymous_37)
FN:289,(anonymous_38)
FNF:39
FNH:0
FNDA:0,(anonymous_0)
FNDA:0,(anonymous_1)
FNDA:0,(anonymous_2)
FNDA:0,(anonymous_3)
FNDA:0,(anonymous_4)
FNDA:0,(anonymous_5)
FNDA:0,(anonymous_6)
FNDA:0,(anonymous_7)
FNDA:0,(anonymous_8)
FNDA:0,(anonymous_9)
FNDA:0,(anonymous_10)
FNDA:0,(anonymous_11)
FNDA:0,(anonymous_12)
FNDA:0,(anonymous_13)
FNDA:0,(anonymous_14)
FNDA:0,(anonymous_15)
FNDA:0,(anonymous_16)
FNDA:0,(anonymous_17)
FNDA:0,(anonymous_18)
FNDA:0,(anonymous_19)
FNDA:0,(anonymous_20)
FNDA:0,(anonymous_21)
FNDA:0,(anonymous_22)
FNDA:0,(anonymous_23)
FNDA:0,(anonymous_24)
FNDA:0,(anonymous_25)
FNDA:0,(anonymous_26)
FNDA:0,(anonymous_27)
FNDA:0,(anonymous_28)
FNDA:0,(anonymous_29)
FNDA:0,(anonymous_30)
FNDA:0,(anonymous_31)
FNDA:0,(anonymous_32)
FNDA:0,(anonymous_33)
FNDA:0,(anonymous_34)
FNDA:0,(anonymous_35)
FNDA:0,(anonymous_36)
FNDA:0,(anonymous_37)
FNDA:0,(anonymous_38)
DA:18,0
DA:28,0
DA:34,0
DA:42,0
DA:48,0
DA:57,0
DA:58,0
DA:60,0
DA:69,0
DA:70,0
DA:71,0
DA:73,0
DA:75,0
DA:77,0
DA:80,0
DA:83,0
DA:93,0
DA:94,0
DA:96,0
DA:105,0
DA:106,0
DA:107,0
DA:109,0
DA:116,0
DA:118,0
DA:121,0
DA:124,0
DA:134,0
DA:135,0
DA:136,0
DA:138,0
DA:139,0
DA:141,0
DA:144,0
DA:147,0
DA:157,0
DA:158,0
DA:159,0
DA:161,0
DA:168,0
DA:170,0
DA:174,0
DA:175,0
DA:182,0
DA:184,0
DA:190,0
DA:201,0
DA:202,0
DA:204,0
DA:212,0
DA:213,0
DA:215,0
DA:223,0
DA:224,0
DA:225,0
DA:227,0
DA:229,0
DA:231,0
DA:234,0
DA:237,0
DA:246,0
DA:247,0
DA:248,0
DA:250,0
DA:257,0
DA:259,0
DA:262,0
DA:265,0
DA:268,0
DA:277,0
DA:278,0
DA:279,0
DA:281,0
DA:282,0
DA:284,0
DA:287,0
DA:290,0
LF:77
LH:0
BRDA:174,0,0,0
BRDA:174,0,1,0
BRDA:175,1,0,0
BRDA:175,1,1,0
BRF:4
BRH:0
end_of_record
TN:
SF:src\hooks\useTheme.ts
FN:10,(anonymous_0)
FNF:1
FNH:0
FNDA:0,(anonymous_0)
DA:10,0
DA:11,0
DA:12,0
DA:13,0
DA:15,0
LF:5
LH:0
BRDA:12,0,0,0
BRDA:12,0,1,0
BRF:2
BRH:0
end_of_record
TN:
SF:src\hooks\useToast.ts
FN:20,(anonymous_0)
FN:24,(anonymous_1)
FN:41,(anonymous_2)
FN:45,(anonymous_3)
FN:46,(anonymous_4)
FN:46,(anonymous_5)
FN:55,(anonymous_6)
FN:56,(anonymous_7)
FN:56,(anonymous_8)
FN:60,(anonymous_9)
FN:67,(anonymous_10)
FN:74,(anonymous_11)
FN:81,(anonymous_12)
FN:87,(anonymous_13)
FNF:14
FNH:0
FNDA:0,(anonymous_0)
FNDA:0,(anonymous_1)
FNDA:0,(anonymous_2)
FNDA:0,(anonymous_3)
FNDA:0,(anonymous_4)
FNDA:0,(anonymous_5)
FNDA:0,(anonymous_6)
FNDA:0,(anonymous_7)
FNDA:0,(anonymous_8)
FNDA:0,(anonymous_9)
FNDA:0,(anonymous_10)
FNDA:0,(anonymous_11)
FNDA:0,(anonymous_12)
FNDA:0,(anonymous_13)
DA:20,0
DA:21,0
DA:23,0
DA:32,0
DA:33,0
DA:41,0
DA:44,0
DA:45,0
DA:46,0
DA:50,0
DA:55,0
DA:56,0
DA:59,0
DA:61,0
DA:66,0
DA:68,0
DA:73,0
DA:75,0
DA:80,0
DA:82,0
DA:87,0
DA:88,0
DA:91,0
LF:23
LH:0
BRDA:37,0,0,0
BRDA:37,0,1,0
BRDA:38,1,0,0
BRDA:38,1,1,0
BRDA:44,2,0,0
BRDA:44,2,1,0
BRDA:44,3,0,0
BRDA:44,3,1,0
BRF:8
BRH:0
end_of_record
TN:
SF:src\hooks\useTokenRefresh.ts
FN:22,(anonymous_0)
FN:37,(anonymous_1)
FN:43,(anonymous_2)
FN:45,(anonymous_3)
FN:46,(anonymous_4)
FN:93,(anonymous_5)
FN:95,(anonymous_6)
FN:113,(anonymous_7)
FN:121,(anonymous_8)
FN:123,(anonymous_9)
FN:140,(anonymous_10)
FN:151,(anonymous_11)
FN:167,(anonymous_12)
FN:175,(anonymous_13)
FN:176,(anonymous_14)
FNF:15
FNH:0
FNDA:0,(anonymous_0)
FNDA:0,(anonymous_1)
FNDA:0,(anonymous_2)
FNDA:0,(anonymous_3)
FNDA:0,(anonymous_4)
FNDA:0,(anonymous_5)
FNDA:0,(anonymous_6)
FNDA:0,(anonymous_7)
FNDA:0,(anonymous_8)
FNDA:0,(anonymous_9)
FNDA:0,(anonymous_10)
FNDA:0,(anonymous_11)
FNDA:0,(anonymous_12)
FNDA:0,(anonymous_13)
FNDA:0,(anonymous_14)
DA:22,0
DA:23,0
DA:25,0
DA:33,0
DA:34,0
DA:37,0
DA:38,0
DA:39,0
DA:43,0
DA:45,0
DA:46,0
DA:47,0
DA:50,0
DA:59,0
DA:60,0
DA:61,0
DA:67,0
DA:71,0
DA:72,0
DA:79,0
DA:80,0
DA:81,0
DA:87,0
DA:93,0
DA:94,0
DA:95,0
DA:96,0
DA:97,0
DA:102,0
DA:107,0
DA:110,0
DA:113,0
DA:114,0
DA:115,0
DA:116,0
DA:121,0
DA:122,0
DA:123,0
DA:129,0
DA:131,0
DA:132,0
DA:135,0
DA:138,0
DA:140,0
DA:146,0
DA:151,0
DA:152,0
DA:153,0
DA:155,0
DA:156,0
DA:158,0
DA:167,0
DA:168,0
DA:175,0
DA:176,0
DA:182,0
LF:56
LH:0
BRDA:22,0,0,0
BRDA:23,1,0,0
BRDA:47,2,0,0
BRDA:47,2,1,0
BRDA:59,3,0,0
BRDA:59,3,1,0
BRDA:79,4,0,0
BRDA:79,4,1,0
BRDA:96,5,0,0
BRDA:96,5,1,0
BRDA:131,6,0,0
BRDA:131,6,1,0
BRDA:138,7,0,0
BRDA:138,7,1,0
BRDA:153,8,0,0
BRDA:153,8,1,0
BRDA:169,9,0,0
BRDA:169,9,1,0
BRDA:169,9,2,0
BRF:19
BRH:0
end_of_record
TN:
SF:src\services\attendanceAnalyticsService.ts
FN:24,(anonymous_0)
FN:33,(anonymous_1)
FN:35,(anonymous_2)
FN:45,(anonymous_3)
FN:48,(anonymous_4)
FN:62,(anonymous_5)
FN:75,(anonymous_6)
FN:128,(anonymous_7)
FN:138,(anonymous_8)
FN:164,(anonymous_9)
FN:170,(anonymous_10)
FN:183,(anonymous_11)
FN:194,(anonymous_12)
FN:201,(anonymous_13)
FN:218,(anonymous_14)
FN:224,(anonymous_15)
FN:230,(anonymous_16)
FN:246,(anonymous_17)
FN:263,(anonymous_18)
FN:275,(anonymous_19)
FN:285,(anonymous_20)
FN:293,(anonymous_21)
FN:297,(anonymous_22)
FN:311,(anonymous_23)
FN:318,(anonymous_24)
FN:330,(anonymous_25)
FN:334,(anonymous_26)
FN:348,(anonymous_27)
FN:364,(anonymous_28)
FN:367,(anonymous_29)
FN:390,(anonymous_30)
FN:402,(anonymous_31)
FN:404,(anonymous_32)
FN:407,(anonymous_33)
FN:413,(anonymous_34)
FN:423,(anonymous_35)
FN:429,(anonymous_36)
FN:452,(anonymous_37)
FN:458,(anonymous_38)
FN:464,(anonymous_39)
FNF:40
FNH:0
FNDA:0,(anonymous_0)
FNDA:0,(anonymous_1)
FNDA:0,(anonymous_2)
FNDA:0,(anonymous_3)
FNDA:0,(anonymous_4)
FNDA:0,(anonymous_5)
FNDA:0,(anonymous_6)
FNDA:0,(anonymous_7)
FNDA:0,(anonymous_8)
FNDA:0,(anonymous_9)
FNDA:0,(anonymous_10)
FNDA:0,(anonymous_11)
FNDA:0,(anonymous_12)
FNDA:0,(anonymous_13)
FNDA:0,(anonymous_14)
FNDA:0,(anonymous_15)
FNDA:0,(anonymous_16)
FNDA:0,(anonymous_17)
FNDA:0,(anonymous_18)
FNDA:0,(anonymous_19)
FNDA:0,(anonymous_20)
FNDA:0,(anonymous_21)
FNDA:0,(anonymous_22)
FNDA:0,(anonymous_23)
FNDA:0,(anonymous_24)
FNDA:0,(anonymous_25)
FNDA:0,(anonymous_26)
FNDA:0,(anonymous_27)
FNDA:0,(anonymous_28)
FNDA:0,(anonymous_29)
FNDA:0,(anonymous_30)
FNDA:0,(anonymous_31)
FNDA:0,(anonymous_32)
FNDA:0,(anonymous_33)
FNDA:0,(anonymous_34)
FNDA:0,(anonymous_35)
FNDA:0,(anonymous_36)
FNDA:0,(anonymous_37)
FNDA:0,(anonymous_38)
FNDA:0,(anonymous_39)
DA:27,0
DA:34,0
DA:35,0
DA:36,0
DA:39,0
DA:48,0
DA:65,0
DA:66,0
DA:70,0
DA:75,0
DA:76,0
DA:77,0
DA:78,0
DA:79,0
DA:81,0
DA:82,0
DA:90,0
DA:91,0
DA:92,0
DA:96,0
DA:111,0
DA:113,0
DA:114,0
DA:115,0
DA:116,0
DA:118,0
DA:128,0
DA:129,0
DA:130,0
DA:131,0
DA:141,0
DA:143,0
DA:144,0
DA:146,0
DA:147,0
DA:149,0
DA:157,0
DA:158,0
DA:165,0
DA:166,0
DA:167,0
DA:170,0
DA:171,0
DA:172,0
DA:179,0
DA:181,0
DA:183,0
DA:184,0
DA:185,0
DA:193,0
DA:194,0
DA:199,0
DA:201,0
DA:208,0
DA:214,0
DA:217,0
DA:218,0
DA:221,0
DA:224,0
DA:230,0
DA:251,0
DA:257,0
DA:264,0
DA:269,0
DA:282,0
DA:284,0
DA:285,0
DA:288,0
DA:292,0
DA:293,0
DA:297,0
DA:298,0
DA:301,0
DA:316,0
DA:318,0
DA:319,0
DA:320,0
DA:322,0
DA:323,0
DA:325,0
DA:329,0
DA:331,0
DA:332,0
DA:333,0
DA:334,0
DA:338,0
DA:348,0
DA:354,0
DA:359,0
DA:360,0
DA:361,0
DA:364,0
DA:367,0
DA:370,0
DA:371,0
DA:373,0
DA:381,0
DA:398,0
DA:399,0
DA:401,0
DA:403,0
DA:404,0
DA:406,0
DA:407,0
DA:411,0
DA:412,0
DA:413,0
DA:416,0
DA:423,0
DA:435,0
DA:436,0
DA:440,0
DA:446,0
DA:456,0
DA:457,0
DA:458,0
DA:464,0
DA:467,0
DA:472,0
LF:119
LH:0
BRDA:65,0,0,0
BRDA:65,0,1,0
BRDA:65,1,0,0
BRDA:65,1,1,0
BRDA:81,2,0,0
BRDA:81,2,1,0
BRDA:173,3,0,0
BRDA:173,3,1,0
BRDA:179,4,0,0
BRDA:179,4,1,0
BRDA:181,5,0,0
BRDA:181,5,1,0
BRDA:186,6,0,0
BRDA:186,6,1,0
BRDA:193,7,0,0
BRDA:193,7,1,0
BRDA:199,8,0,0
BRDA:199,8,1,0
BRDA:208,9,0,0
BRDA:208,9,1,0
BRDA:214,10,0,0
BRDA:214,10,1,0
BRDA:214,11,0,0
BRDA:214,11,1,0
BRDA:228,12,0,0
BRDA:228,12,1,0
BRDA:282,13,0,0
BRDA:282,13,1,0
BRDA:282,14,0,0
BRDA:282,14,1,0
BRDA:322,15,0,0
BRDA:322,15,1,0
BRDA:359,16,0,0
BRDA:359,16,1,0
BRDA:370,17,0,0
BRDA:370,17,1,0
BRDA:375,18,0,0
BRDA:375,18,1,0
BRDA:375,19,0,0
BRDA:375,19,1,0
BRDA:411,20,0,0
BRDA:411,20,1,0
BRDA:420,21,0,0
BRDA:420,21,1,0
BRDA:456,22,0,0
BRDA:456,22,1,0
BRF:46
BRH:0
end_of_record
TN:
SF:src\services\attendanceService.ts
FN:105,(anonymous_0)
FN:112,(anonymous_1)
FN:123,(anonymous_2)
FN:129,(anonymous_3)
FN:135,(anonymous_4)
FN:140,(anonymous_5)
FN:157,(anonymous_6)
FN:183,(anonymous_7)
FN:206,(anonymous_8)
FN:215,(anonymous_9)
FN:224,(anonymous_10)
FN:231,(anonymous_11)
FN:242,(anonymous_12)
FN:251,(anonymous_13)
FN:257,(anonymous_14)
FN:266,(anonymous_15)
FN:268,(anonymous_16)
FN:274,(anonymous_17)
FN:280,(anonymous_18)
FN:281,(anonymous_19)
FN:291,(anonymous_20)
FN:332,(anonymous_21)
FN:344,(anonymous_22)
FN:364,(anonymous_23)
FN:373,(anonymous_24)
FN:385,(anonymous_25)
FN:419,(anonymous_26)
FN:431,(anonymous_27)
FN:442,(anonymous_28)
FN:451,(anonymous_29)
FN:462,(anonymous_30)
FN:470,(anonymous_31)
FN:481,(anonymous_32)
FNF:33
FNH:0
FNDA:0,(anonymous_0)
FNDA:0,(anonymous_1)
FNDA:0,(anonymous_2)
FNDA:0,(anonymous_3)
FNDA:0,(anonymous_4)
FNDA:0,(anonymous_5)
FNDA:0,(anonymous_6)
FNDA:0,(anonymous_7)
FNDA:0,(anonymous_8)
FNDA:0,(anonymous_9)
FNDA:0,(anonymous_10)
FNDA:0,(anonymous_11)
FNDA:0,(anonymous_12)
FNDA:0,(anonymous_13)
FNDA:0,(anonymous_14)
FNDA:0,(anonymous_15)
FNDA:0,(anonymous_16)
FNDA:0,(anonymous_17)
FNDA:0,(anonymous_18)
FNDA:0,(anonymous_19)
FNDA:0,(anonymous_20)
FNDA:0,(anonymous_21)
FNDA:0,(anonymous_22)
FNDA:0,(anonymous_23)
FNDA:0,(anonymous_24)
FNDA:0,(anonymous_25)
FNDA:0,(anonymous_26)
FNDA:0,(anonymous_27)
FNDA:0,(anonymous_28)
FNDA:0,(anonymous_29)
FNDA:0,(anonymous_30)
FNDA:0,(anonymous_31)
FNDA:0,(anonymous_32)
DA:100,0
DA:106,0
DA:116,0
DA:119,0
DA:121,0
DA:122,0
DA:123,0
DA:127,0
DA:128,0
DA:129,0
DA:133,0
DA:134,0
DA:135,0
DA:140,0
DA:141,0
DA:142,0
DA:144,0
DA:145,0
DA:146,0
DA:150,0
DA:151,0
DA:152,0
DA:153,0
DA:154,0
DA:157,0
DA:171,0
DA:187,0
DA:189,0
DA:191,0
DA:193,0
DA:195,0
DA:197,0
DA:199,0
DA:209,0
DA:218,0
DA:225,0
DA:234,0
DA:245,0
DA:255,0
DA:256,0
DA:258,0
DA:267,0
DA:268,0
DA:275,0
DA:276,0
DA:277,0
DA:279,0
DA:280,0
DA:281,0
DA:295,0
DA:296,0
DA:300,0
DA:313,0
DA:327,0
DA:335,0
DA:350,0
DA:351,0
DA:352,0
DA:353,0
DA:354,0
DA:356,0
DA:365,0
DA:377,0
DA:388,0
DA:389,0
DA:394,0
DA:414,0
DA:422,0
DA:434,0
DA:443,0
DA:452,0
DA:453,0
DA:463,0
DA:464,0
DA:471,0
DA:472,0
DA:482,0
DA:483,0
DA:488,0
LF:79
LH:0
BRDA:121,0,0,0
BRDA:121,0,1,0
BRDA:127,1,0,0
BRDA:127,1,1,0
BRDA:133,2,0,0
BRDA:133,2,1,0
BRDA:144,3,0,0
BRDA:144,3,1,0
BRDA:144,4,0,0
BRDA:144,4,1,0
BRDA:145,5,0,0
BRDA:145,5,1,0
BRDA:145,6,0,0
BRDA:145,6,1,0
BRDA:187,7,0,0
BRDA:187,7,1,0
BRDA:187,7,2,0
BRDA:187,7,3,0
BRDA:187,7,4,0
BRDA:187,7,5,0
BRDA:258,8,0,0
BRDA:258,8,1,0
BRDA:347,9,0,0
BRDA:348,10,0,0
BRDA:351,11,0,0
BRDA:351,11,1,0
BRDA:352,12,0,0
BRDA:352,12,1,0
BRF:28
BRH:0
end_of_record
TN:
SF:src\services\emailService.ts
FN:20,(anonymous_0)
FN:43,(anonymous_1)
FN:66,(anonymous_2)
FN:74,(anonymous_3)
FNF:4
FNH:0
FNDA:0,(anonymous_0)
FNDA:0,(anonymous_1)
FNDA:0,(anonymous_2)
FNDA:0,(anonymous_3)
DA:20,0
DA:23,0
DA:24,0
DA:25,0
DA:26,0
DA:27,0
DA:29,0
DA:30,0
DA:37,0
DA:42,0
DA:43,0
DA:44,0
DA:49,0
DA:50,0
DA:55,0
DA:56,0
DA:66,0
DA:67,0
DA:68,0
DA:74,0
DA:75,0
LF:21
LH:0
BRDA:29,0,0,0
BRDA:29,0,1,0
BRDA:33,1,0,0
BRDA:33,1,1,0
BRDA:42,2,0,0
BRDA:42,2,1,0
BRDA:45,3,0,0
BRDA:45,3,1,0
BRDA:52,4,0,0
BRDA:52,4,1,0
BRDA:58,5,0,0
BRDA:58,5,1,0
BRF:12
BRH:0
end_of_record
TN:
SF:src\services\envelopeTemplateParser.ts
FN:21,parseEnvelopeTemplate
FN:250,readFileAsArrayBuffer
FN:251,(anonymous_2)
FN:253,(anonymous_3)
FN:261,(anonymous_4)
FN:269,parseExcelDate
FNF:6
FNH:5
FNDA:18,parseEnvelopeTemplate
FNDA:16,readFileAsArrayBuffer
FNDA:16,(anonymous_2)
FNDA:16,(anonymous_3)
FNDA:0,(anonymous_4)
FNDA:14,parseExcelDate
DA:24,18
DA:25,18
DA:26,18
DA:28,18
DA:30,18
DA:31,18
DA:32,1
DA:37,1
DA:41,17
DA:46,1
DA:51,1
DA:55,16
DA:58,16
DA:61,16
DA:64,16
DA:65,16
DA:66,0
DA:71,0
DA:74,16
DA:77,16
DA:78,16
DA:79,2
DA:85,2
DA:89,14
DA:90,14
DA:91,1
DA:97,1
DA:101,13
DA:102,1
DA:111,1
DA:118,1
DA:122,12
DA:123,12
DA:125,12
DA:126,5490
DA:128,5490
DA:130,5490
DA:133,5490
DA:138,5463
DA:139,5462
DA:140,5462
DA:141,5451
DA:143,1
DA:148,27
DA:149,5490
DA:151,5490
DA:152,1
DA:158,1
DA:159,1
DA:162,26
DA:163,1
DA:169,1
DA:170,1
DA:174,25
DA:175,25
DA:176,25
DA:177,2
DA:183,2
DA:184,2
DA:188,23
DA:189,23
DA:190,23
DA:191,2
DA:197,2
DA:198,2
DA:202,21
DA:205,21
DA:211,21
DA:212,21
DA:215,21
DA:219,12
DA:220,1
DA:226,1
DA:229,11
DA:237,0
DA:243,0
DA:251,16
DA:252,16
DA:253,16
DA:254,16
DA:255,16
DA:256,16
DA:258,0
DA:261,16
DA:262,16
DA:270,14
DA:272,14
DA:273,12
DA:277,2
DA:279,0
DA:280,0
DA:281,0
DA:282,0
DA:286,2
DA:287,2
DA:288,2
DA:289,1
DA:293,1
DA:295,0
LF:99
LH:89
BRDA:31,0,0,1
BRDA:31,0,1,17
BRDA:41,1,0,1
BRDA:41,1,1,16
BRDA:42,2,0,17
BRDA:42,2,1,1
BRDA:65,3,0,0
BRDA:65,3,1,16
BRDA:78,4,0,2
BRDA:78,4,1,14
BRDA:78,5,0,16
BRDA:78,5,1,15
BRDA:90,6,0,1
BRDA:90,6,1,13
BRDA:101,7,0,1
BRDA:101,7,1,12
BRDA:133,8,0,5463
BRDA:133,8,1,27
BRDA:133,9,0,5490
BRDA:133,9,1,28
BRDA:133,9,2,5464
BRDA:133,9,3,2
BRDA:138,10,0,5462
BRDA:138,10,1,1
BRDA:140,11,0,11
BRDA:140,11,1,5451
BRDA:148,12,0,27
BRDA:148,12,1,27
BRDA:149,13,0,5490
BRDA:149,13,1,27
BRDA:151,14,0,1
BRDA:151,14,1,5489
BRDA:151,15,0,5490
BRDA:151,15,1,26
BRDA:162,16,0,1
BRDA:162,16,1,25
BRDA:162,17,0,26
BRDA:162,17,1,1
BRDA:176,18,0,2
BRDA:176,18,1,23
BRDA:176,19,0,25
BRDA:176,19,1,24
BRDA:190,20,0,2
BRDA:190,20,1,21
BRDA:190,21,0,23
BRDA:190,21,1,22
BRDA:215,22,0,0
BRDA:215,22,1,21
BRDA:219,23,0,1
BRDA:219,23,1,11
BRDA:255,24,0,16
BRDA:255,24,1,0
BRDA:272,25,0,12
BRDA:272,25,1,2
BRDA:277,26,0,0
BRDA:277,26,1,2
BRDA:286,27,0,2
BRDA:286,27,1,0
BRDA:288,28,0,1
BRDA:288,28,1,1
BRF:60
BRH:55
end_of_record
TN:
SF:src\services\eventService.ts
FN:43,(anonymous_0)
FN:50,(anonymous_1)
FN:52,(anonymous_2)
FN:58,(anonymous_3)
FN:60,(anonymous_4)
FN:66,(anonymous_5)
FN:69,(anonymous_6)
FN:79,(anonymous_7)
FN:86,(anonymous_8)
FN:93,(anonymous_9)
FN:110,(anonymous_10)
FN:127,(anonymous_11)
FN:132,(anonymous_12)
FN:141,(anonymous_13)
FN:150,(anonymous_14)
FN:153,(anonymous_15)
FNF:16
FNH:0
FNDA:0,(anonymous_0)
FNDA:0,(anonymous_1)
FNDA:0,(anonymous_2)
FNDA:0,(anonymous_3)
FNDA:0,(anonymous_4)
FNDA:0,(anonymous_5)
FNDA:0,(anonymous_6)
FNDA:0,(anonymous_7)
FNDA:0,(anonymous_8)
FNDA:0,(anonymous_9)
FNDA:0,(anonymous_10)
FNDA:0,(anonymous_11)
FNDA:0,(anonymous_12)
FNDA:0,(anonymous_13)
FNDA:0,(anonymous_14)
FNDA:0,(anonymous_15)
DA:38,0
DA:44,0
DA:51,0
DA:52,0
DA:59,0
DA:60,0
DA:67,0
DA:68,0
DA:69,0
DA:71,0
DA:72,0
DA:80,0
DA:87,0
DA:94,0
DA:95,0
DA:96,0
DA:99,0
DA:104,0
DA:111,0
DA:112,0
DA:113,0
DA:116,0
DA:121,0
DA:128,0
DA:129,0
DA:131,0
DA:133,0
DA:144,0
DA:151,0
DA:152,0
DA:154,0
DA:161,0
LF:32
LH:0
BRDA:60,0,0,0
BRDA:60,0,1,0
BRDA:69,1,0,0
BRDA:69,1,1,0
BRDA:95,2,0,0
BRDA:95,2,1,0
BRDA:112,3,0,0
BRDA:112,3,1,0
BRDA:133,4,0,0
BRDA:133,4,1,0
BRDA:133,4,2,0
BRDA:154,5,0,0
BRDA:154,5,1,0
BRF:13
BRH:0
end_of_record
TN:
SF:src\services\registerNumberService.ts
FN:51,(anonymous_0)
FN:60,(anonymous_1)
FN:72,(anonymous_2)
FNF:3
FNH:0
FNDA:0,(anonymous_0)
FNDA:0,(anonymous_1)
FNDA:0,(anonymous_2)
DA:52,0
DA:63,0
DA:73,0
DA:79,0
LF:4
LH:0
BRF:0
BRH:0
end_of_record
TN:
SF:src\services\api\ApiClient.ts
FN:39,(anonymous_0)
FN:51,(anonymous_1)
FN:58,(anonymous_2)
FN:63,(anonymous_3)
FN:73,(anonymous_4)
FN:92,(anonymous_5)
FN:142,(anonymous_6)
FN:146,(anonymous_7)
FN:151,(anonymous_8)
FN:156,(anonymous_9)
FN:169,(anonymous_10)
FN:178,(anonymous_11)
FN:191,(anonymous_12)
FN:197,(anonymous_13)
FN:206,(anonymous_14)
FN:210,(anonymous_15)
FN:215,(anonymous_16)
FN:219,(anonymous_17)
FNF:18
FNH:0
FNDA:0,(anonymous_0)
FNDA:0,(anonymous_1)
FNDA:0,(anonymous_2)
FNDA:0,(anonymous_3)
FNDA:0,(anonymous_4)
FNDA:0,(anonymous_5)
FNDA:0,(anonymous_6)
FNDA:0,(anonymous_7)
FNDA:0,(anonymous_8)
FNDA:0,(anonymous_9)
FNDA:0,(anonymous_10)
FNDA:0,(anonymous_11)
FNDA:0,(anonymous_12)
FNDA:0,(anonymous_13)
FNDA:0,(anonymous_14)
FNDA:0,(anonymous_15)
FNDA:0,(anonymous_16)
FNDA:0,(anonymous_17)
DA:8,0
DA:40,0
DA:50,0
DA:52,0
DA:53,0
DA:54,0
DA:56,0
DA:58,0
DA:62,0
DA:65,0
DA:66,0
DA:71,0
DA:75,0
DA:77,0
DA:80,0
DA:81,0
DA:83,0
DA:93,0
DA:95,0
DA:98,0
DA:101,0
DA:105,0
DA:107,0
DA:111,0
DA:112,0
DA:113,0
DA:117,0
DA:118,0
DA:119,0
DA:123,0
DA:125,0
DA:128,0
DA:130,0
DA:131,0
DA:133,0
DA:136,0
DA:138,0
DA:143,0
DA:147,0
DA:152,0
DA:153,0
DA:161,0
DA:166,0
DA:174,0
DA:175,0
DA:183,0
DA:188,0
DA:192,0
DA:193,0
DA:198,0
DA:202,0
DA:207,0
DA:211,0
DA:216,0
DA:220,0
DA:225,0
LF:56
LH:0
BRDA:53,0,0,0
BRDA:53,0,1,0
BRDA:65,1,0,0
BRDA:65,1,1,0
BRDA:77,2,0,0
BRDA:77,2,1,0
BRDA:93,3,0,0
BRDA:93,3,1,0
BRDA:105,4,0,0
BRDA:105,4,1,0
BRDA:111,5,0,0
BRDA:111,5,1,0
BRDA:111,6,0,0
BRDA:111,6,1,0
BRDA:117,7,0,0
BRDA:117,7,1,0
BRDA:123,8,0,0
BRDA:123,8,1,0
BRDA:123,8,2,0
BRDA:123,8,3,0
BRF:20
BRH:0
end_of_record
TN:
SF:src\services\api\administrationApi.ts
FN:22,(anonymous_0)
FN:49,(anonymous_1)
FN:59,(anonymous_2)
FN:72,(anonymous_3)
FN:85,(anonymous_4)
FN:97,(anonymous_5)
FN:104,(anonymous_6)
FNF:7
FNH:0
FNDA:0,(anonymous_0)
FNDA:0,(anonymous_1)
FNDA:0,(anonymous_2)
FNDA:0,(anonymous_3)
FNDA:0,(anonymous_4)
FNDA:0,(anonymous_5)
FNDA:0,(anonymous_6)
DA:17,0
DA:23,0
DA:24,0
DA:25,0
DA:26,0
DA:27,0
DA:29,0
DA:30,0
DA:33,0
DA:34,0
DA:37,0
DA:38,0
DA:41,0
DA:50,0
DA:63,0
DA:76,0
DA:88,0
DA:98,0
DA:105,0
DA:110,0
LF:20
LH:0
BRDA:29,0,0,0
BRDA:29,0,1,0
BRDA:33,1,0,0
BRDA:33,1,1,0
BRDA:37,2,0,0
BRDA:37,2,1,0
BRF:6
BRH:0
end_of_record
TN:
SF:src\services\api\churchMembersApi.ts
FN:25,(anonymous_0)
FN:87,(anonymous_1)
FN:94,(anonymous_2)
FN:106,(anonymous_3)
FN:119,(anonymous_4)
FN:132,(anonymous_5)
FN:139,(anonymous_6)
FN:146,(anonymous_7)
FN:153,(anonymous_8)
FN:173,(anonymous_9)
FN:210,(anonymous_10)
FN:239,(anonymous_11)
FN:270,(anonymous_12)
FN:298,(anonymous_13)
FNF:14
FNH:0
FNDA:0,(anonymous_0)
FNDA:0,(anonymous_1)
FNDA:0,(anonymous_2)
FNDA:0,(anonymous_3)
FNDA:0,(anonymous_4)
FNDA:0,(anonymous_5)
FNDA:0,(anonymous_6)
FNDA:0,(anonymous_7)
FNDA:0,(anonymous_8)
FNDA:0,(anonymous_9)
FNDA:0,(anonymous_10)
FNDA:0,(anonymous_11)
FNDA:0,(anonymous_12)
FNDA:0,(anonymous_13)
DA:20,0
DA:28,0
DA:29,0
DA:30,0
DA:31,0
DA:32,0
DA:34,0
DA:35,0
DA:38,0
DA:39,0
DA:42,0
DA:43,0
DA:46,0
DA:47,0
DA:50,0
DA:51,0
DA:57,0
DA:58,0
DA:61,0
DA:62,0
DA:65,0
DA:66,0
DA:72,0
DA:73,0
DA:79,0
DA:88,0
DA:97,0
DA:110,0
DA:123,0
DA:133,0
DA:140,0
DA:147,0
DA:160,0
DA:161,0
DA:162,0
DA:163,0
DA:164,0
DA:174,0
DA:184,0
DA:185,0
DA:189,0
DA:192,0
DA:195,0
DA:196,0
DA:197,0
DA:198,0
DA:199,0
DA:202,0
DA:203,0
DA:211,0
DA:221,0
DA:222,0
DA:225,0
DA:226,0
DA:227,0
DA:228,0
DA:229,0
DA:230,0
DA:231,0
DA:232,0
DA:233,0
DA:240,0
DA:250,0
DA:251,0
DA:254,0
DA:255,0
DA:256,0
DA:257,0
DA:258,0
DA:259,0
DA:260,0
DA:261,0
DA:262,0
DA:263,0
DA:271,0
DA:281,0
DA:282,0
DA:285,0
DA:286,0
DA:287,0
DA:288,0
DA:289,0
DA:290,0
DA:291,0
DA:292,0
DA:293,0
DA:299,0
DA:304,0
LF:88
LH:0
BRDA:34,0,0,0
BRDA:34,0,1,0
BRDA:38,1,0,0
BRDA:38,1,1,0
BRDA:42,2,0,0
BRDA:42,2,1,0
BRDA:46,3,0,0
BRDA:46,3,1,0
BRDA:50,4,0,0
BRDA:50,4,1,0
BRDA:57,5,0,0
BRDA:57,5,1,0
BRDA:61,6,0,0
BRDA:61,6,1,0
BRDA:65,7,0,0
BRDA:65,7,1,0
BRDA:72,8,0,0
BRDA:72,8,1,0
BRDA:161,9,0,0
BRDA:161,9,1,0
BRDA:162,10,0,0
BRDA:162,10,1,0
BRDA:163,11,0,0
BRDA:163,11,1,0
BRDA:184,12,0,0
BRDA:184,12,1,0
BRDA:221,13,0,0
BRDA:221,13,1,0
BRDA:250,14,0,0
BRDA:250,14,1,0
BRDA:281,15,0,0
BRDA:281,15,1,0
BRF:32
BRH:0
end_of_record
TN:
SF:src\services\api\contributionHistoryApi.ts
FN:15,(anonymous_0)
FNF:1
FNH:0
FNDA:0,(anonymous_0)
DA:7,0
DA:20,0
DA:22,0
DA:23,0
DA:26,0
DA:27,0
DA:30,0
DA:31,0
DA:35,0
DA:36,0
LF:10
LH:0
BRDA:22,0,0,0
BRDA:22,0,1,0
BRDA:26,1,0,0
BRDA:26,1,1,0
BRDA:32,2,0,0
BRDA:32,2,1,0
BRF:6
BRH:0
end_of_record
TN:
SF:src\services\api\contributionsApi.ts
FN:27,(anonymous_0)
FN:71,(anonymous_1)
FN:108,(anonymous_2)
FN:130,(anonymous_3)
FN:157,(anonymous_4)
FN:164,(anonymous_5)
FN:175,(anonymous_6)
FN:183,(anonymous_7)
FNF:8
FNH:0
FNDA:0,(anonymous_0)
FNDA:0,(anonymous_1)
FNDA:0,(anonymous_2)
FNDA:0,(anonymous_3)
FNDA:0,(anonymous_4)
FNDA:0,(anonymous_5)
FNDA:0,(anonymous_6)
FNDA:0,(anonymous_7)
DA:18,0
DA:30,0
DA:32,0
DA:61,0
DA:70,0
DA:71,0
DA:90,0
DA:98,0
DA:99,0
DA:114,0
DA:122,0
DA:140,0
DA:141,0
DA:147,0
DA:149,0
DA:150,0
DA:158,0
DA:168,0
DA:176,0
DA:184,0
DA:191,0
LF:21
LH:0
BRDA:37,0,0,0
BRDA:37,0,1,0
BRDA:38,1,0,0
BRDA:38,1,1,0
BRDA:39,2,0,0
BRDA:39,2,1,0
BRDA:75,3,0,0
BRDA:75,3,1,0
BRDA:76,4,0,0
BRDA:76,4,1,0
BRDA:77,5,0,0
BRDA:77,5,1,0
BRDA:77,5,2,0
BRDA:79,6,0,0
BRDA:79,6,1,0
BRDA:79,6,2,0
BRDA:81,7,0,0
BRDA:81,7,1,0
BRDA:84,8,0,0
BRDA:84,8,1,0
BRDA:86,9,0,0
BRDA:86,9,1,0
BRDA:122,10,0,0
BRDA:122,10,1,0
BRF:24
BRH:0
end_of_record
TN:
SF:src\services\api\dashboardApi.ts
FN:40,(anonymous_0)
FNF:1
FNH:0
FNDA:0,(anonymous_0)
DA:35,0
DA:41,0
DA:46,0
LF:3
LH:0
BRF:0
BRH:0
end_of_record
TN:
SF:src\services\api\dataProtectionApi.ts
FN:18,(anonymous_0)
FN:30,(anonymous_1)
FNF:2
FNH:0
FNDA:0,(anonymous_0)
FNDA:0,(anonymous_1)
DA:11,0
DA:19,0
DA:34,0
DA:44,0
LF:4
LH:0
BRF:0
BRH:0
end_of_record
TN:
SF:src\services\api\districtsApi.ts
FN:22,(anonymous_0)
FN:32,(anonymous_1)
FN:46,(anonymous_2)
FN:57,(anonymous_3)
FN:71,(anonymous_4)
FN:86,(anonymous_5)
FN:101,(anonymous_6)
FN:115,(anonymous_7)
FN:136,(anonymous_8)
FNF:9
FNH:0
FNDA:0,(anonymous_0)
FNDA:0,(anonymous_1)
FNDA:0,(anonymous_2)
FNDA:0,(anonymous_3)
FNDA:0,(anonymous_4)
FNDA:0,(anonymous_5)
FNDA:0,(anonymous_6)
FNDA:0,(anonymous_7)
FNDA:0,(anonymous_8)
DA:16,0
DA:23,0
DA:36,0
DA:47,0
DA:60,0
DA:61,0
DA:75,0
DA:90,0
DA:105,0
DA:116,0
DA:126,0
DA:127,0
DA:130,0
DA:137,0
DA:147,0
DA:148,0
DA:151,0
DA:158,0
LF:18
LH:0
BRDA:60,0,0,0
BRDA:60,0,1,0
BRDA:126,1,0,0
BRDA:126,1,1,0
BRDA:147,2,0,0
BRDA:147,2,1,0
BRF:6
BRH:0
end_of_record
TN:
SF:src\services\api\hsbcTransactionsApi.ts
FN:16,(anonymous_0)
FN:31,(anonymous_1)
FNF:2
FNH:0
FNDA:0,(anonymous_0)
FNDA:0,(anonymous_1)
DA:8,0
DA:20,0
DA:21,0
DA:23,0
DA:24,0
DA:32,0
DA:33,0
DA:36,0
DA:43,0
DA:46,0
DA:52,0
DA:53,0
DA:57,0
DA:66,0
LF:14
LH:0
BRDA:32,0,0,0
BRDA:32,0,1,0
BRDA:32,1,0,0
BRDA:32,1,1,0
BRDA:52,2,0,0
BRDA:52,2,1,0
BRDA:58,3,0,0
BRDA:58,3,1,0
BRDA:58,3,2,0
BRF:9
BRH:0
end_of_record
TN:
SF:src\services\api\index.ts
FNF:0
FNH:0
LF:0
LH:0
BRF:0
BRH:0
end_of_record
TN:
SF:src\services\api\reminderCategoriesApi.ts
FN:18,(anonymous_0)
FN:25,(anonymous_1)
FN:34,(anonymous_2)
FN:49,(anonymous_3)
FN:64,(anonymous_4)
FNF:5
FNH:0
FNDA:0,(anonymous_0)
FNDA:0,(anonymous_1)
FNDA:0,(anonymous_2)
FNDA:0,(anonymous_3)
FNDA:0,(anonymous_4)
DA:12,0
DA:19,0
DA:26,0
DA:37,0
DA:53,0
DA:65,0
DA:70,0
LF:7
LH:0
BRF:0
BRH:0
end_of_record
TN:
SF:src\services\api\remindersApi.ts
FN:22,(anonymous_0)
FN:53,(anonymous_1)
FN:61,(anonymous_2)
FN:72,(anonymous_3)
FN:87,(anonymous_4)
FN:101,(anonymous_5)
FN:109,(anonymous_6)
FNF:7
FNH:0
FNDA:0,(anonymous_0)
FNDA:0,(anonymous_1)
FNDA:0,(anonymous_2)
FNDA:0,(anonymous_3)
FNDA:0,(anonymous_4)
FNDA:0,(anonymous_5)
FNDA:0,(anonymous_6)
DA:16,0
DA:23,0
DA:25,0
DA:26,0
DA:29,0
DA:30,0
DA:33,0
DA:34,0
DA:37,0
DA:38,0
DA:41,0
DA:42,0
DA:46,0
DA:47,0
DA:54,0
DA:62,0
DA:76,0
DA:91,0
DA:102,0
DA:110,0
DA:117,0
LF:21
LH:0
BRDA:25,0,0,0
BRDA:25,0,1,0
BRDA:29,1,0,0
BRDA:29,1,1,0
BRDA:33,2,0,0
BRDA:33,2,1,0
BRDA:37,3,0,0
BRDA:37,3,1,0
BRDA:41,4,0,0
BRDA:41,4,1,0
BRDA:46,5,0,0
BRDA:46,5,1,0
BRF:12
BRH:0
end_of_record
TN:
SF:src\services\api\riskAssessmentsApi.ts
FN:27,(anonymous_0)
FN:59,(anonymous_1)
FN:67,(anonymous_2)
FN:79,(anonymous_3)
FN:89,(anonymous_4)
FN:103,(anonymous_5)
FN:114,(anonymous_6)
FN:128,(anonymous_7)
FN:138,(anonymous_8)
FN:145,(anonymous_9)
FN:154,(anonymous_10)
FN:166,(anonymous_11)
FN:180,(anonymous_12)
FNF:13
FNH:0
FNDA:0,(anonymous_0)
FNDA:0,(anonymous_1)
FNDA:0,(anonymous_2)
FNDA:0,(anonymous_3)
FNDA:0,(anonymous_4)
FNDA:0,(anonymous_5)
FNDA:0,(anonymous_6)
FNDA:0,(anonymous_7)
FNDA:0,(anonymous_8)
FNDA:0,(anonymous_9)
FNDA:0,(anonymous_10)
FNDA:0,(anonymous_11)
FNDA:0,(anonymous_12)
DA:20,0
DA:21,0
DA:33,0
DA:35,0
DA:36,0
DA:39,0
DA:40,0
DA:43,0
DA:44,0
DA:47,0
DA:48,0
DA:52,0
DA:53,0
DA:60,0
DA:70,0
DA:80,0
DA:93,0
DA:104,0
DA:118,0
DA:129,0
DA:139,0
DA:146,0
DA:157,0
DA:170,0
DA:181,0
DA:186,0
LF:26
LH:0
BRDA:35,0,0,0
BRDA:35,0,1,0
BRDA:35,1,0,0
BRDA:35,1,1,0
BRDA:39,2,0,0
BRDA:39,2,1,0
BRDA:43,3,0,0
BRDA:43,3,1,0
BRDA:47,4,0,0
BRDA:47,4,1,0
BRDA:52,5,0,0
BRDA:52,5,1,0
BRF:12
BRH:0
end_of_record
TN:
SF:src\services\api\trainingCertificatesApi.ts
FN:25,(anonymous_0)
FN:55,(anonymous_1)
FN:66,(anonymous_2)
FN:78,(anonymous_3)
FN:91,(anonymous_4)
FN:110,(anonymous_5)
FN:122,(anonymous_6)
FN:135,(anonymous_7)
FNF:8
FNH:0
FNDA:0,(anonymous_0)
FNDA:0,(anonymous_1)
FNDA:0,(anonymous_2)
FNDA:0,(anonymous_3)
FNDA:0,(anonymous_4)
FNDA:0,(anonymous_5)
FNDA:0,(anonymous_6)
FNDA:0,(anonymous_7)
DA:18,0
DA:19,0
DA:20,0
DA:28,0
DA:29,0
DA:30,0
DA:31,0
DA:32,0
DA:33,0
DA:35,0
DA:36,0
DA:39,0
DA:40,0
DA:43,0
DA:44,0
DA:47,0
DA:58,0
DA:69,0
DA:82,0
DA:94,0
DA:95,0
DA:96,0
DA:99,0
DA:100,0
DA:104,0
DA:113,0
DA:126,0
DA:138,0
DA:145,0
LF:29
LH:0
BRDA:35,0,0,0
BRDA:35,0,1,0
BRDA:39,1,0,0
BRDA:39,1,1,0
BRDA:43,2,0,0
BRDA:43,2,1,0
BRDA:95,3,0,0
BRDA:95,3,1,0
BRDA:100,4,0,0
BRDA:100,4,1,0
BRF:10
BRH:0
end_of_record
TN:
SF:src\services\auth\authLogger.ts
FN:48,(anonymous_0)
FN:53,(anonymous_1)
FN:63,(anonymous_2)
FN:80,(anonymous_3)
FN:110,(anonymous_4)
FN:134,(anonymous_5)
FN:160,(anonymous_6)
FN:176,(anonymous_7)
FN:197,(anonymous_8)
FN:217,(anonymous_9)
FN:237,(anonymous_10)
FN:260,(anonymous_11)
FN:277,(anonymous_12)
FN:284,(anonymous_13)
FN:285,(anonymous_14)
FN:291,(anonymous_15)
FN:292,(anonymous_16)
FN:298,(anonymous_17)
FN:305,(anonymous_18)
FN:312,(anonymous_19)
FN:321,(anonymous_20)
FN:346,(anonymous_21)
FN:362,(anonymous_22)
FN:376,(anonymous_23)
FN:382,(anonymous_24)
FNF:25
FNH:9
FNDA:4,(anonymous_0)
FNDA:4,(anonymous_1)
FNDA:0,(anonymous_2)
FNDA:44,(anonymous_3)
FNDA:4,(anonymous_4)
FNDA:0,(anonymous_5)
FNDA:0,(anonymous_6)
FNDA:0,(anonymous_7)
FNDA:0,(anonymous_8)
FNDA:0,(anonymous_9)
FNDA:0,(anonymous_10)
FNDA:0,(anonymous_11)
FNDA:0,(anonymous_12)
FNDA:0,(anonymous_13)
FNDA:0,(anonymous_14)
FNDA:0,(anonymous_15)
FNDA:0,(anonymous_16)
FNDA:0,(anonymous_17)
FNDA:0,(anonymous_18)
FNDA:44,(anonymous_19)
FNDA:44,(anonymous_20)
FNDA:0,(anonymous_21)
FNDA:44,(anonymous_22)
FNDA:44,(anonymous_23)
FNDA:44,(anonymous_24)
DA:41,4
DA:42,4
DA:43,4
DA:44,4
DA:45,4
DA:50,4
DA:54,4
DA:55,4
DA:57,4
DA:69,0
DA:71,0
DA:73,0
DA:74,0
DA:87,44
DA:99,44
DA:100,44
DA:102,44
DA:103,0
DA:115,4
DA:116,4
DA:118,4
DA:139,0
DA:142,0
DA:144,0
DA:161,0
DA:177,0
DA:180,0
DA:182,0
DA:202,0
DA:222,0
DA:243,0
DA:261,0
DA:278,0
DA:285,0
DA:292,0
DA:299,0
DA:306,0
DA:313,44
DA:316,44
DA:317,0
DA:322,44
DA:324,0
DA:325,0
DA:327,44
DA:329,0
DA:330,0
DA:332,0
DA:333,0
DA:335,0
DA:336,0
DA:339,0
DA:340,0
DA:342,0
DA:347,0
DA:349,0
DA:350,0
DA:358,0
DA:364,44
DA:365,44
DA:366,44
DA:367,2
DA:368,2
DA:370,44
DA:372,0
DA:379,44
DA:383,44
DA:388,4
LF:67
LH:29
BRDA:54,0,0,4
BRDA:54,0,1,0
BRDA:70,1,0,0
BRDA:70,1,1,0
BRDA:72,2,0,0
BRDA:72,2,1,0
BRDA:73,3,0,0
BRDA:73,3,1,0
BRDA:74,4,0,0
BRDA:74,4,1,0
BRDA:102,5,0,0
BRDA:102,5,1,44
BRDA:115,6,0,0
BRDA:115,6,1,4
BRDA:116,7,0,0
BRDA:116,7,1,4
BRDA:126,8,0,4
BRDA:126,8,1,0
BRDA:127,9,0,0
BRDA:127,9,1,4
BRDA:139,10,0,0
BRDA:139,10,1,0
BRDA:142,11,0,0
BRDA:142,11,1,0
BRDA:152,12,0,0
BRDA:152,12,1,0
BRDA:153,13,0,0
BRDA:153,13,1,0
BRDA:177,14,0,0
BRDA:177,14,1,0
BRDA:180,15,0,0
BRDA:180,15,1,0
BRDA:189,16,0,0
BRDA:189,16,1,0
BRDA:277,17,0,0
BRDA:316,18,0,0
BRDA:316,18,1,44
BRDA:322,19,0,44
BRDA:322,19,1,0
BRDA:325,20,0,0
BRDA:325,20,1,0
BRDA:327,21,0,0
BRDA:327,21,1,0
BRDA:327,21,2,0
BRDA:327,21,3,0
BRDA:327,21,4,0
BRDA:327,21,5,0
BRDA:347,22,0,0
BRDA:347,22,1,0
BRDA:366,23,0,2
BRDA:366,23,1,42
BRDA:383,24,0,44
BRDA:383,24,1,0
BRF:53
BRH:11
end_of_record
TN:
SF:src\services\auth\authService.ts
FN:26,(anonymous_0)
FN:31,(anonymous_1)
FN:39,(anonymous_2)
FN:45,(anonymous_3)
FN:53,(anonymous_4)
FN:118,(anonymous_5)
FN:139,(anonymous_6)
FN:221,(anonymous_7)
FN:261,(anonymous_8)
FN:320,(anonymous_9)
FN:353,(anonymous_10)
FN:369,(anonymous_11)
FN:386,(anonymous_12)
FN:400,(anonymous_13)
FN:405,(anonymous_14)
FN:412,(anonymous_15)
FN:428,(anonymous_16)
FN:435,(anonymous_17)
FN:443,(anonymous_18)
FN:473,(anonymous_19)
FN:490,(anonymous_20)
FN:509,(anonymous_21)
FN:534,(anonymous_22)
FN:561,(anonymous_23)
FN:590,(anonymous_24)
FN:607,(anonymous_25)
FN:626,(anonymous_26)
FN:631,(anonymous_27)
FN:643,(anonymous_28)
FN:653,(anonymous_29)
FN:663,(anonymous_30)
FN:668,(anonymous_31)
FN:673,(anonymous_32)
FN:677,(anonymous_33)
FN:680,(anonymous_34)
FN:684,(anonymous_35)
FN:690,(anonymous_36)
FN:736,(anonymous_37)
FN:740,(anonymous_38)
FNF:39
FNH:7
FNDA:3,(anonymous_0)
FNDA:3,(anonymous_1)
FNDA:3,(anonymous_2)
FNDA:0,(anonymous_3)
FNDA:0,(anonymous_4)
FNDA:4,(anonymous_5)
FNDA:0,(anonymous_6)
FNDA:0,(anonymous_7)
FNDA:0,(anonymous_8)
FNDA:0,(anonymous_9)
FNDA:0,(anonymous_10)
FNDA:0,(anonymous_11)
FNDA:0,(anonymous_12)
FNDA:0,(anonymous_13)
FNDA:0,(anonymous_14)
FNDA:0,(anonymous_15)
FNDA:0,(anonymous_16)
FNDA:0,(anonymous_17)
FNDA:1,(anonymous_18)
FNDA:0,(anonymous_19)
FNDA:0,(anonymous_20)
FNDA:0,(anonymous_21)
FNDA:0,(anonymous_22)
FNDA:0,(anonymous_23)
FNDA:0,(anonymous_24)
FNDA:0,(anonymous_25)
FNDA:1,(anonymous_26)
FNDA:0,(anonymous_27)
FNDA:0,(anonymous_28)
FNDA:0,(anonymous_29)
FNDA:0,(anonymous_30)
FNDA:0,(anonymous_31)
FNDA:0,(anonymous_32)
FNDA:0,(anonymous_33)
FNDA:0,(anonymous_34)
FNDA:0,(anonymous_35)
FNDA:1,(anonymous_36)
FNDA:0,(anonymous_37)
FNDA:0,(anonymous_38)
DA:22,3
DA:23,3
DA:24,3
DA:32,3
DA:33,3
DA:35,3
DA:40,6
DA:41,1
DA:46,0
DA:47,0
DA:48,0
DA:57,0
DA:59,0
DA:62,0
DA:67,0
DA:72,0
DA:74,0
DA:80,0
DA:83,0
DA:84,0
DA:87,0
DA:88,0
DA:91,0
DA:95,0
DA:96,0
DA:104,0
DA:106,0
DA:107,0
DA:113,0
DA:119,4
DA:121,4
DA:123,4
DA:136,4
DA:137,4
DA:139,0
DA:140,4
DA:148,0
DA:154,0
DA:156,0
DA:157,0
DA:161,0
DA:188,0
DA:189,0
DA:193,0
DA:195,0
DA:201,0
DA:204,0
DA:210,4
DA:215,4
DA:216,4
DA:222,0
DA:223,0
DA:227,0
DA:232,0
DA:234,0
DA:235,0
DA:236,0
DA:239,0
DA:245,0
DA:248,0
DA:250,0
DA:255,0
DA:256,0
DA:269,0
DA:270,0
DA:274,0
DA:275,0
DA:277,0
DA:278,0
DA:279,0
DA:287,0
DA:289,0
DA:291,0
DA:299,0
DA:302,0
DA:304,0
DA:305,0
DA:315,0
DA:321,0
DA:322,0
DA:325,0
DA:326,0
DA:329,0
DA:330,0
DA:333,0
DA:334,0
DA:337,0
DA:338,0
DA:341,0
DA:342,0
DA:345,0
DA:346,0
DA:348,0
DA:354,0
DA:355,0
DA:358,0
DA:369,0
DA:370,0
DA:371,0
DA:378,0
DA:379,0
DA:386,0
DA:387,0
DA:388,0
DA:395,0
DA:407,0
DA:408,0
DA:413,0
DA:415,0
DA:419,0
DA:420,0
DA:423,0
DA:429,0
DA:430,0
DA:431,0
DA:436,0
DA:437,0
DA:438,0
DA:444,1
DA:446,1
DA:447,1
DA:450,0
DA:451,0
DA:459,0
DA:460,0
DA:461,0
DA:464,0
DA:466,0
DA:467,0
DA:468,0
DA:474,0
DA:475,0
DA:480,0
DA:481,0
DA:484,0
DA:485,0
DA:491,0
DA:492,0
DA:497,0
DA:498,0
DA:503,0
DA:504,0
DA:510,0
DA:511,0
DA:517,0
DA:518,0
DA:526,0
DA:528,0
DA:529,0
DA:535,0
DA:536,0
DA:541,0
DA:542,0
DA:543,0
DA:547,0
DA:548,0
DA:549,0
DA:550,0
DA:553,0
DA:555,0
DA:556,0
DA:562,0
DA:564,0
DA:565,0
DA:568,0
DA:570,0
DA:571,0
DA:572,0
DA:576,0
DA:577,0
DA:578,0
DA:579,0
DA:582,0
DA:584,0
DA:585,0
DA:591,0
DA:592,0
DA:597,0
DA:598,0
DA:601,0
DA:602,0
DA:608,0
DA:609,0
DA:614,0
DA:615,0
DA:620,0
DA:621,0
DA:627,1
DA:632,0
DA:633,0
DA:634,0
DA:635,0
DA:637,0
DA:638,0
DA:644,0
DA:645,0
DA:646,0
DA:648,0
DA:654,0
DA:655,0
DA:656,0
DA:658,0
DA:664,0
DA:665,0
DA:669,0
DA:670,0
DA:674,0
DA:675,0
DA:677,0
DA:681,0
DA:682,0
DA:684,0
DA:685,0
DA:694,1
DA:696,1
DA:697,0
DA:698,0
DA:703,1
DA:704,1
DA:709,0
DA:710,0
DA:711,0
DA:713,0
DA:714,0
DA:715,0
DA:722,1
DA:724,0
DA:725,0
DA:728,0
DA:729,0
DA:731,0
DA:740,0
DA:741,0
DA:742,0
DA:748,3
LF:235
LH:27
BRDA:32,0,0,3
BRDA:32,0,1,0
BRDA:40,1,0,1
BRDA:40,1,1,5
BRDA:46,2,0,0
BRDA:46,2,1,0
BRDA:55,3,0,0
BRDA:69,4,0,0
BRDA:69,4,1,0
BRDA:95,5,0,0
BRDA:95,5,1,0
BRDA:97,6,0,0
BRDA:97,6,1,0
BRDA:98,7,0,0
BRDA:98,7,1,0
BRDA:106,8,0,0
BRDA:106,8,1,0
BRDA:131,9,0,4
BRDA:131,9,1,4
BRDA:136,10,0,4
BRDA:136,10,1,0
BRDA:142,11,0,4
BRDA:142,11,1,0
BRDA:143,12,0,4
BRDA:143,12,1,4
BRDA:144,13,0,4
BRDA:144,13,1,4
BRDA:154,14,0,0
BRDA:154,14,1,0
BRDA:165,15,0,0
BRDA:165,15,1,0
BRDA:171,16,0,0
BRDA:171,16,1,0
BRDA:188,17,0,0
BRDA:188,17,1,0
BRDA:205,18,0,0
BRDA:205,18,1,0
BRDA:211,19,0,0
BRDA:211,19,1,4
BRDA:232,20,0,0
BRDA:232,20,1,0
BRDA:232,21,0,0
BRDA:232,21,1,0
BRDA:234,22,0,0
BRDA:234,22,1,0
BRDA:248,23,0,0
BRDA:248,23,1,0
BRDA:251,24,0,0
BRDA:251,24,1,0
BRDA:262,25,0,0
BRDA:269,26,0,0
BRDA:269,26,1,0
BRDA:289,27,0,0
BRDA:289,27,1,0
BRDA:302,28,0,0
BRDA:302,28,1,0
BRDA:378,29,0,0
BRDA:378,29,1,0
BRDA:419,30,0,0
BRDA:419,30,1,0
BRDA:430,31,0,0
BRDA:430,31,1,0
BRDA:437,32,0,0
BRDA:437,32,1,0
BRDA:438,33,0,0
BRDA:438,33,1,0
BRDA:446,34,0,1
BRDA:446,34,1,0
BRDA:459,35,0,0
BRDA:459,35,1,0
BRDA:459,36,0,0
BRDA:459,36,1,0
BRDA:464,37,0,0
BRDA:464,37,1,0
BRDA:480,38,0,0
BRDA:480,38,1,0
BRDA:481,39,0,0
BRDA:481,39,1,0
BRDA:497,40,0,0
BRDA:497,40,1,0
BRDA:499,41,0,0
BRDA:499,41,1,0
BRDA:517,42,0,0
BRDA:517,42,1,0
BRDA:519,43,0,0
BRDA:519,43,1,0
BRDA:520,44,0,0
BRDA:520,44,1,0
BRDA:541,45,0,0
BRDA:541,45,1,0
BRDA:541,46,0,0
BRDA:541,46,1,0
BRDA:547,47,0,0
BRDA:547,47,1,0
BRDA:547,48,0,0
BRDA:547,48,1,0
BRDA:547,48,2,0
BRDA:553,49,0,0
BRDA:553,49,1,0
BRDA:564,50,0,0
BRDA:564,50,1,0
BRDA:570,51,0,0
BRDA:570,51,1,0
BRDA:570,52,0,0
BRDA:570,52,1,0
BRDA:576,53,0,0
BRDA:576,53,1,0
BRDA:576,54,0,0
BRDA:576,54,1,0
BRDA:576,54,2,0
BRDA:582,55,0,0
BRDA:582,55,1,0
BRDA:597,56,0,0
BRDA:597,56,1,0
BRDA:598,57,0,0
BRDA:598,57,1,0
BRDA:614,58,0,0
BRDA:614,58,1,0
BRDA:616,59,0,0
BRDA:616,59,1,0
BRDA:627,60,0,1
BRDA:627,60,1,0
BRDA:635,61,0,0
BRDA:635,61,1,0
BRDA:665,62,0,0
BRDA:665,62,1,0
BRDA:670,63,0,0
BRDA:670,63,1,0
BRDA:675,64,0,0
BRDA:675,64,1,0
BRDA:682,65,0,0
BRDA:682,65,1,0
BRDA:696,66,0,0
BRDA:696,66,1,1
BRDA:709,67,0,0
BRDA:709,67,1,0
BRDA:711,68,0,0
BRDA:711,68,1,0
BRDA:713,69,0,0
BRDA:713,69,1,0
BRDA:713,70,0,0
BRDA:713,70,1,0
BRDA:724,71,0,0
BRDA:724,71,1,0
BRF:144
BRH:15
end_of_record
TN:
SF:src\services\auth\httpInterceptor.ts
FN:12,(anonymous_0)
FN:14,(anonymous_1)
FN:24,(anonymous_2)
FN:63,(anonymous_3)
FN:114,(anonymous_4)
FN:126,(anonymous_5)
FN:144,(anonymous_6)
FN:164,(anonymous_7)
FN:171,(anonymous_8)
FN:178,(anonymous_9)
FN:187,(anonymous_10)
FN:188,(anonymous_11)
FN:194,(anonymous_12)
FN:201,(anonymous_13)
FNF:14
FNH:2
FNDA:3,(anonymous_0)
FNDA:3,(anonymous_1)
FNDA:0,(anonymous_2)
FNDA:0,(anonymous_3)
FNDA:0,(anonymous_4)
FNDA:0,(anonymous_5)
FNDA:0,(anonymous_6)
FNDA:0,(anonymous_7)
FNDA:0,(anonymous_8)
FNDA:0,(anonymous_9)
FNDA:0,(anonymous_10)
FNDA:0,(anonymous_11)
FNDA:0,(anonymous_12)
FNDA:0,(anonymous_13)
DA:9,3
DA:10,3
DA:15,3
DA:16,3
DA:18,3
DA:29,0
DA:32,0
DA:35,0
DA:36,0
DA:38,0
DA:42,0
DA:49,0
DA:51,0
DA:52,0
DA:53,0
DA:56,0
DA:68,0
DA:70,0
DA:71,0
DA:73,0
DA:76,0
DA:78,0
DA:81,0
DA:82,0
DA:86,0
DA:88,0
DA:89,0
DA:90,0
DA:94,0
DA:97,0
DA:98,0
DA:99,0
DA:100,0
DA:104,0
DA:108,0
DA:115,0
DA:116,0
DA:119,0
DA:127,0
DA:129,0
DA:130,0
DA:132,0
DA:134,0
DA:137,0
DA:148,0
DA:150,0
DA:151,0
DA:154,0
DA:165,0
DA:172,0
DA:179,0
DA:180,0
DA:181,0
DA:188,0
DA:195,0
DA:202,0
DA:207,3
LF:57
LH:6
BRDA:15,0,0,3
BRDA:15,0,1,0
BRDA:26,1,0,0
BRDA:27,2,0,0
BRDA:29,3,0,0
BRDA:29,3,1,0
BRDA:35,4,0,0
BRDA:35,4,1,0
BRDA:81,5,0,0
BRDA:81,5,1,0
BRDA:81,6,0,0
BRDA:81,6,1,0
BRDA:86,7,0,0
BRDA:86,7,1,0
BRDA:97,8,0,0
BRDA:97,8,1,0
BRDA:97,9,0,0
BRDA:97,9,1,0
BRDA:130,10,0,0
BRDA:130,10,1,0
BRDA:150,11,0,0
BRDA:150,11,1,0
BRDA:165,12,0,0
BRDA:165,12,1,0
BRDA:172,13,0,0
BRDA:172,13,1,0
BRDA:179,14,0,0
BRDA:179,14,1,0
BRDA:180,15,0,0
BRDA:180,15,1,0
BRF:30
BRH:1
end_of_record
TN:
SF:src\services\auth\index.ts
FNF:0
FNH:0
LF:0
LH:0
BRF:0
BRH:0
end_of_record
TN:
SF:src\services\auth\sessionManager.ts
FN:53,(anonymous_0)
FN:59,(anonymous_1)
FN:70,(anonymous_2)
FN:80,(anonymous_3)
FN:106,(anonymous_4)
FN:123,(anonymous_5)
FN:143,(anonymous_6)
FN:147,(anonymous_7)
FN:155,(anonymous_8)
FN:156,(anonymous_9)
FN:168,(anonymous_10)
FN:171,(anonymous_11)
FN:181,(anonymous_12)
FN:191,(anonymous_13)
FN:238,(anonymous_14)
FN:252,(anonymous_15)
FN:261,(anonymous_16)
FN:271,(anonymous_17)
FN:277,(anonymous_18)
FN:282,(anonymous_19)
FN:283,(anonymous_20)
FN:295,(anonymous_21)
FN:302,(anonymous_22)
FN:313,(anonymous_23)
FN:320,(anonymous_24)
FN:322,(anonymous_25)
FN:336,(anonymous_26)
FN:344,(anonymous_27)
FN:346,(anonymous_28)
FN:355,(anonymous_29)
FN:360,(anonymous_30)
FN:366,(anonymous_31)
FN:374,(anonymous_32)
FN:383,(anonymous_33)
FN:404,(anonymous_34)
FN:421,(anonymous_35)
FNF:36
FNH:4
FNDA:2,(anonymous_0)
FNDA:2,(anonymous_1)
FNDA:2,(anonymous_2)
FNDA:0,(anonymous_3)
FNDA:0,(anonymous_4)
FNDA:0,(anonymous_5)
FNDA:0,(anonymous_6)
FNDA:0,(anonymous_7)
FNDA:0,(anonymous_8)
FNDA:0,(anonymous_9)
FNDA:0,(anonymous_10)
FNDA:0,(anonymous_11)
FNDA:0,(anonymous_12)
FNDA:0,(anonymous_13)
FNDA:0,(anonymous_14)
FNDA:0,(anonymous_15)
FNDA:0,(anonymous_16)
FNDA:0,(anonymous_17)
FNDA:0,(anonymous_18)
FNDA:0,(anonymous_19)
FNDA:0,(anonymous_20)
FNDA:0,(anonymous_21)
FNDA:0,(anonymous_22)
FNDA:0,(anonymous_23)
FNDA:0,(anonymous_24)
FNDA:0,(anonymous_25)
FNDA:0,(anonymous_26)
FNDA:2,(anonymous_27)
FNDA:0,(anonymous_28)
FNDA:0,(anonymous_29)
FNDA:0,(anonymous_30)
FNDA:0,(anonymous_31)
FNDA:0,(anonymous_32)
FNDA:0,(anonymous_33)
FNDA:0,(anonymous_34)
FNDA:0,(anonymous_35)
DA:28,2
DA:43,2
DA:45,2
DA:48,2
DA:49,2
DA:50,2
DA:51,2
DA:54,2
DA:55,2
DA:60,2
DA:61,2
DA:62,0
DA:64,0
DA:66,2
DA:71,0
DA:72,0
DA:73,0
DA:81,0
DA:83,0
DA:84,0
DA:85,0
DA:88,0
DA:89,0
DA:93,0
DA:94,0
DA:98,0
DA:99,0
DA:107,0
DA:109,0
DA:112,0
DA:113,0
DA:114,0
DA:117,0
DA:118,0
DA:119,0
DA:123,0
DA:124,0
DA:125,0
DA:127,0
DA:130,0
DA:133,0
DA:136,0
DA:137,0
DA:144,0
DA:147,0
DA:148,0
DA:156,0
DA:157,0
DA:158,0
DA:160,0
DA:169,0
DA:171,0
DA:172,0
DA:174,0
DA:175,0
DA:177,0
DA:181,0
DA:182,0
DA:183,0
DA:192,0
DA:193,0
DA:194,0
DA:195,0
DA:197,0
DA:201,0
DA:203,0
DA:205,0
DA:206,0
DA:207,0
DA:210,0
DA:215,0
DA:216,0
DA:220,0
DA:221,0
DA:222,0
DA:223,0
DA:224,0
DA:225,0
DA:228,0
DA:229,0
DA:230,0
DA:239,0
DA:240,0
DA:242,0
DA:243,0
DA:244,0
DA:246,0
DA:253,0
DA:254,0
DA:262,0
DA:271,0
DA:272,0
DA:273,0
DA:277,0
DA:278,0
DA:282,0
DA:283,0
DA:284,0
DA:289,0
DA:296,0
DA:297,0
DA:300,0
DA:302,0
DA:303,0
DA:304,0
DA:305,0
DA:314,0
DA:322,0
DA:323,0
DA:324,0
DA:326,0
DA:327,0
DA:329,0
DA:334,0
DA:336,0
DA:337,0
DA:346,2
DA:347,0
DA:349,0
DA:353,2
DA:355,2
DA:356,0
DA:360,2
DA:361,0
DA:364,2
DA:366,2
DA:367,0
DA:375,0
DA:376,0
DA:377,0
DA:390,0
DA:392,0
DA:405,0
DA:407,0
DA:408,0
DA:411,0
DA:413,0
DA:414,0
DA:422,0
DA:427,2
LF:140
LH:19
BRDA:60,0,0,2
BRDA:60,0,1,0
BRDA:62,1,0,0
BRDA:62,1,1,0
BRDA:62,2,0,0
BRDA:62,2,1,0
BRDA:71,3,0,0
BRDA:71,3,1,0
BRDA:81,4,0,0
BRDA:81,4,1,0
BRDA:88,5,0,0
BRDA:88,5,1,0
BRDA:93,6,0,0
BRDA:93,6,1,0
BRDA:98,7,0,0
BRDA:98,7,1,0
BRDA:107,8,0,0
BRDA:107,8,1,0
BRDA:112,9,0,0
BRDA:112,9,1,0
BRDA:117,10,0,0
BRDA:117,10,1,0
BRDA:172,11,0,0
BRDA:172,11,1,0
BRDA:182,12,0,0
BRDA:182,12,1,0
BRDA:192,13,0,0
BRDA:192,13,1,0
BRDA:193,14,0,0
BRDA:193,14,1,0
BRDA:203,15,0,0
BRDA:203,15,1,0
BRDA:210,16,0,0
BRDA:210,16,1,0
BRDA:211,17,0,0
BRDA:211,17,1,0
BRDA:220,18,0,0
BRDA:220,18,1,0
BRDA:223,19,0,0
BRDA:223,19,1,0
BRDA:240,20,0,0
BRDA:240,20,1,0
BRDA:253,21,0,0
BRDA:253,21,1,0
BRDA:296,22,0,0
BRDA:296,22,1,0
BRDA:303,23,0,0
BRDA:303,23,1,0
BRDA:323,24,0,0
BRDA:323,24,1,0
BRDA:324,25,0,0
BRDA:324,25,1,0
BRDA:327,26,0,0
BRDA:327,26,1,0
BRDA:347,27,0,0
BRDA:347,27,1,0
BRDA:347,28,0,0
BRDA:347,28,1,0
BRDA:394,29,0,0
BRDA:394,29,1,0
BRDA:407,30,0,0
BRDA:407,30,1,0
BRDA:413,31,0,0
BRDA:413,31,1,0
BRF:64
BRH:1
end_of_record
TN:
SF:src\services\auth\tokenService.ts
FN:9,(anonymous_0)
FN:56,(anonymous_1)
FN:78,(anonymous_2)
FN:115,(anonymous_3)
FN:123,(anonymous_4)
FN:134,(anonymous_5)
FN:143,(anonymous_6)
FN:154,(anonymous_7)
FN:184,(anonymous_8)
FN:189,(anonymous_9)
FN:194,(anonymous_10)
FN:218,(anonymous_11)
FN:243,(anonymous_12)
FN:248,(anonymous_13)
FN:270,(anonymous_14)
FN:280,(anonymous_15)
FN:298,(anonymous_16)
FN:312,(anonymous_17)
FN:318,(anonymous_18)
FN:324,(anonymous_19)
FN:328,(anonymous_20)
FN:332,(anonymous_21)
FN:336,(anonymous_22)
FN:342,(anonymous_23)
FN:406,(anonymous_24)
FN:437,(anonymous_25)
FN:450,(anonymous_26)
FN:451,(anonymous_27)
FN:455,(anonymous_28)
FN:478,(anonymous_29)
FN:479,(anonymous_30)
FN:482,(anonymous_31)
FN:488,(anonymous_32)
FN:494,(anonymous_33)
FN:495,(anonymous_34)
FN:505,(anonymous_35)
FN:510,(anonymous_36)
FN:540,(anonymous_37)
FN:550,(anonymous_38)
FN:555,(anonymous_39)
FN:562,(anonymous_40)
FN:576,(anonymous_41)
FN:578,(anonymous_42)
FN:589,(anonymous_43)
FN:594,(anonymous_44)
FNF:45
FNH:16
FNDA:3,(anonymous_0)
FNDA:3,(anonymous_1)
FNDA:3,(anonymous_2)
FNDA:3,(anonymous_3)
FNDA:3,(anonymous_4)
FNDA:3,(anonymous_5)
FNDA:0,(anonymous_6)
FNDA:13,(anonymous_7)
FNDA:14,(anonymous_8)
FNDA:4,(anonymous_9)
FNDA:20,(anonymous_10)
FNDA:27,(anonymous_11)
FNDA:4,(anonymous_12)
FNDA:1,(anonymous_13)
FNDA:0,(anonymous_14)
FNDA:6,(anonymous_15)
FNDA:2,(anonymous_16)
FNDA:0,(anonymous_17)
FNDA:0,(anonymous_18)
FNDA:0,(anonymous_19)
FNDA:0,(anonymous_20)
FNDA:0,(anonymous_21)
FNDA:0,(anonymous_22)
FNDA:0,(anonymous_23)
FNDA:0,(anonymous_24)
FNDA:0,(anonymous_25)
FNDA:0,(anonymous_26)
FNDA:0,(anonymous_27)
FNDA:16,(anonymous_28)
FNDA:0,(anonymous_29)
FNDA:0,(anonymous_30)
FNDA:0,(anonymous_31)
FNDA:0,(anonymous_32)
FNDA:0,(anonymous_33)
FNDA:0,(anonymous_34)
FNDA:0,(anonymous_35)
FNDA:0,(anonymous_36)
FNDA:0,(anonymous_37)
FNDA:0,(anonymous_38)
FNDA:0,(anonymous_39)
FNDA:0,(anonymous_40)
FNDA:0,(anonymous_41)
FNDA:0,(anonymous_42)
FNDA:0,(anonymous_43)
FNDA:0,(anonymous_44)
DA:9,3
DA:11,3
DA:15,3
DA:19,0
DA:21,0
DA:22,0
DA:23,0
DA:30,0
DA:34,0
DA:39,0
DA:40,0
DA:44,0
DA:48,0
DA:52,0
DA:56,3
DA:58,3
DA:63,3
DA:66,3
DA:68,3
DA:78,3
DA:79,3
DA:81,3
DA:98,3
DA:101,3
DA:103,3
DA:104,3
DA:106,3
DA:107,3
DA:111,3
DA:112,3
DA:113,3
DA:116,3
DA:119,3
DA:124,3
DA:125,3
DA:126,0
DA:128,0
DA:130,3
DA:135,0
DA:137,0
DA:138,0
DA:144,0
DA:145,0
DA:146,0
DA:148,0
DA:149,0
DA:150,0
DA:155,13
DA:156,13
DA:157,13
DA:160,13
DA:161,13
DA:163,0
DA:166,13
DA:174,13
DA:176,0
DA:179,0
DA:185,14
DA:190,4
DA:195,20
DA:196,20
DA:197,20
DA:199,20
DA:200,6
DA:203,14
DA:208,14
DA:219,27
DA:220,27
DA:221,27
DA:222,27
DA:223,27
DA:226,27
DA:227,12
DA:228,12
DA:231,26
DA:235,1
DA:244,4
DA:249,1
DA:250,1
DA:251,0
DA:252,0
DA:255,1
DA:256,1
DA:257,1
DA:259,1
DA:266,1
DA:271,0
DA:272,0
DA:274,0
DA:276,0
DA:281,6
DA:282,6
DA:284,4
DA:285,4
DA:286,4
DA:289,3
DA:290,3
DA:293,0
DA:299,2
DA:300,2
DA:302,1
DA:313,0
DA:314,0
DA:319,0
DA:320,0
DA:325,0
DA:326,0
DA:328,0
DA:333,0
DA:334,0
DA:336,0
DA:337,0
DA:343,0
DA:344,0
DA:348,0
DA:349,0
DA:350,0
DA:354,0
DA:355,0
DA:356,0
DA:358,0
DA:362,0
DA:363,0
DA:364,0
DA:368,0
DA:370,0
DA:372,0
DA:373,0
DA:375,0
DA:378,0
DA:381,0
DA:383,0
DA:387,0
DA:389,0
DA:394,0
DA:397,0
DA:398,0
DA:400,0
DA:401,0
DA:411,0
DA:413,0
DA:414,0
DA:415,0
DA:417,0
DA:420,0
DA:421,0
DA:425,0
DA:426,0
DA:427,0
DA:433,0
DA:438,0
DA:441,0
DA:451,0
DA:457,16
DA:458,0
DA:461,16
DA:462,0
DA:465,16
DA:466,16
DA:467,4
DA:471,12
DA:472,12
DA:473,12
DA:478,12
DA:479,0
DA:485,0
DA:488,0
DA:489,0
DA:495,0
DA:496,0
DA:497,0
DA:506,0
DA:511,0
DA:520,0
DA:521,0
DA:524,0
DA:526,0
DA:527,0
DA:530,0
DA:541,0
DA:542,0
DA:544,0
DA:554,0
DA:555,0
DA:559,0
DA:561,0
DA:562,0
DA:563,0
DA:564,0
DA:565,0
DA:566,0
DA:569,0
DA:573,0
DA:576,0
DA:578,0
DA:581,0
DA:582,0
DA:583,0
DA:590,0
DA:595,0
DA:600,3
LF:201
LH:79
BRDA:11,0,0,3
BRDA:11,0,1,0
BRDA:12,1,0,3
BRDA:12,1,1,3
BRDA:19,2,0,0
BRDA:19,2,1,0
BRDA:22,3,0,0
BRDA:22,3,1,0
BRDA:22,4,0,0
BRDA:22,4,1,0
BRDA:30,5,0,0
BRDA:30,5,1,0
BRDA:31,6,0,0
BRDA:31,6,1,0
BRDA:39,7,0,0
BRDA:39,7,1,0
BRDA:39,8,0,0
BRDA:39,8,1,0
BRDA:44,9,0,0
BRDA:44,9,1,0
BRDA:45,10,0,0
BRDA:45,10,1,0
BRDA:58,11,0,3
BRDA:58,11,1,3
BRDA:58,11,2,0
BRDA:58,11,3,0
BRDA:63,12,0,3
BRDA:63,12,1,3
BRDA:63,12,2,0
BRDA:63,12,3,0
BRDA:66,13,0,3
BRDA:66,13,1,0
BRDA:73,14,0,3
BRDA:73,14,1,0
BRDA:84,15,0,3
BRDA:84,15,1,3
BRDA:86,16,0,3
BRDA:86,16,1,3
BRDA:115,17,0,3
BRDA:123,18,0,3
BRDA:124,19,0,3
BRDA:124,19,1,0
BRDA:126,20,0,0
BRDA:126,20,1,0
BRDA:135,21,0,0
BRDA:135,21,1,0
BRDA:144,22,0,0
BRDA:144,22,1,0
BRDA:160,23,0,13
BRDA:160,23,1,0
BRDA:177,24,0,0
BRDA:177,24,1,0
BRDA:199,25,0,6
BRDA:199,25,1,14
BRDA:199,26,0,20
BRDA:199,26,1,14
BRDA:199,26,2,14
BRDA:226,27,0,12
BRDA:226,27,1,15
BRDA:236,28,0,1
BRDA:236,28,1,0
BRDA:250,29,0,0
BRDA:250,29,1,1
BRDA:272,30,0,0
BRDA:272,30,1,0
BRDA:275,31,0,0
BRDA:275,31,1,0
BRDA:281,32,0,6
BRDA:281,32,1,4
BRDA:282,33,0,2
BRDA:282,33,1,4
BRDA:286,34,0,1
BRDA:286,34,1,3
BRDA:300,35,0,1
BRDA:300,35,1,1
BRDA:306,36,0,1
BRDA:306,36,1,1
BRDA:307,37,0,2
BRDA:307,37,1,1
BRDA:314,38,0,0
BRDA:314,38,1,0
BRDA:320,39,0,0
BRDA:320,39,1,0
BRDA:326,40,0,0
BRDA:326,40,1,0
BRDA:334,41,0,0
BRDA:334,41,1,0
BRDA:343,42,0,0
BRDA:343,42,1,0
BRDA:348,43,0,0
BRDA:348,43,1,0
BRDA:348,44,0,0
BRDA:348,44,1,0
BRDA:354,45,0,0
BRDA:354,45,1,0
BRDA:363,46,0,0
BRDA:363,46,1,0
BRDA:390,47,0,0
BRDA:390,47,1,0
BRDA:408,48,0,0
BRDA:409,49,0,0
BRDA:420,50,0,0
BRDA:420,50,1,0
BRDA:425,51,0,0
BRDA:425,51,1,0
BRDA:433,52,0,0
BRDA:433,52,1,0
BRDA:438,53,0,0
BRDA:438,53,1,0
BRDA:442,54,0,0
BRDA:442,54,1,0
BRDA:442,54,2,0
BRDA:442,54,3,0
BRDA:457,55,0,0
BRDA:457,55,1,16
BRDA:461,56,0,0
BRDA:461,56,1,16
BRDA:466,57,0,4
BRDA:466,57,1,12
BRDA:520,58,0,0
BRDA:520,58,1,0
BRDA:526,59,0,0
BRDA:526,59,1,0
BRDA:526,60,0,0
BRDA:526,60,1,0
BRDA:527,61,0,0
BRDA:527,61,1,0
BRDA:542,62,0,0
BRDA:542,62,1,0
BRDA:554,63,0,0
BRDA:554,63,1,0
BRDA:561,64,0,0
BRDA:561,64,1,0
BRDA:561,65,0,0
BRDA:561,65,1,0
BRDA:563,66,0,0
BRDA:563,66,1,0
BRDA:563,67,0,0
BRDA:563,67,1,0
BRDA:565,68,0,0
BRDA:565,68,1,0
BRDA:565,69,0,0
BRDA:565,69,1,0
BRDA:581,70,0,0
BRDA:581,70,1,0
BRF:145
BRH:42
end_of_record
TN:
SF:src\services\auth\types.ts
FNF:0
FNH:0
LF:0
LH:0
BRF:0
BRH:0
end_of_record
TN:
SF:src\utils\authErrors.ts
FN:202,(anonymous_0)
FN:254,(anonymous_1)
FN:265,(anonymous_2)
FN:268,(anonymous_3)
FN:276,(anonymous_4)
FN:291,(anonymous_5)
FN:306,(anonymous_6)
FNF:7
FNH:0
FNDA:0,(anonymous_0)
FNDA:0,(anonymous_1)
FNDA:0,(anonymous_2)
FNDA:0,(anonymous_3)
FNDA:0,(anonymous_4)
FNDA:0,(anonymous_5)
FNDA:0,(anonymous_6)
DA:4,1
DA:43,1
DA:202,1
DA:203,0
DA:204,0
DA:206,0
DA:207,0
DA:209,0
DA:210,0
DA:212,0
DA:213,0
DA:215,0
DA:216,0
DA:218,0
DA:219,0
DA:221,0
DA:222,0
DA:224,0
DA:225,0
DA:227,0
DA:228,0
DA:230,0
DA:231,0
DA:234,0
DA:237,0
DA:238,0
DA:242,0
DA:243,0
DA:246,0
DA:247,0
DA:250,0
DA:254,1
DA:257,0
DA:258,0
DA:265,1
DA:268,0
DA:270,0
DA:271,0
DA:276,1
DA:277,0
DA:287,0
DA:291,1
DA:292,0
DA:302,0
DA:306,1
DA:307,0
DA:309,0
DA:311,0
DA:313,0
DA:315,0
LF:50
LH:8
BRDA:203,0,0,0
BRDA:203,0,1,0
BRDA:206,1,0,0
BRDA:206,1,1,0
BRDA:206,2,0,0
BRDA:206,2,1,0
BRDA:209,3,0,0
BRDA:209,3,1,0
BRDA:212,4,0,0
BRDA:212,4,1,0
BRDA:215,5,0,0
BRDA:215,5,1,0
BRDA:215,6,0,0
BRDA:215,6,1,0
BRDA:218,7,0,0
BRDA:218,7,1,0
BRDA:218,8,0,0
BRDA:218,8,1,0
BRDA:221,9,0,0
BRDA:221,9,1,0
BRDA:221,10,0,0
BRDA:221,10,1,0
BRDA:224,11,0,0
BRDA:224,11,1,0
BRDA:224,12,0,0
BRDA:224,12,1,0
BRDA:227,13,0,0
BRDA:227,13,1,0
BRDA:227,14,0,0
BRDA:227,14,1,0
BRDA:230,15,0,0
BRDA:230,15,1,0
BRDA:237,16,0,0
BRDA:237,16,1,0
BRDA:242,17,0,0
BRDA:242,17,1,0
BRDA:242,18,0,0
BRDA:242,18,1,0
BRDA:246,19,0,0
BRDA:246,19,1,0
BRDA:259,20,0,0
BRDA:259,20,1,0
BRDA:307,21,0,0
BRDA:307,21,1,0
BRDA:307,21,2,0
BRDA:307,21,3,0
BRF:46
BRH:0
end_of_record
TN:
SF:src\utils\errorUtils.ts
FN:18,extractErrorMessages
FN:52,getErrorMessage
FN:61,hasValidationErrors
FNF:3
FNH:3
FNDA:12,extractErrorMessages
FNDA:4,getErrorMessage
FNDA:5,hasValidationErrors
DA:19,12
DA:20,3
DA:24,9
DA:26,12
DA:28,8
DA:29,5
DA:33,3
DA:34,2
DA:39,2
DA:40,1
DA:44,1
DA:53,4
DA:54,4
DA:62,5
DA:63,5
LF:15
LH:15
BRDA:19,0,0,3
BRDA:19,0,1,9
BRDA:26,1,0,8
BRDA:26,1,1,4
BRDA:28,2,0,5
BRDA:28,2,1,3
BRDA:28,3,0,8
BRDA:28,3,1,5
BRDA:33,4,0,2
BRDA:33,4,1,1
BRDA:39,5,0,1
BRDA:39,5,1,1
BRDA:64,6,0,5
BRDA:64,6,1,3
BRDA:64,6,2,2
BRF:15
BRH:15
end_of_record
TN:
SF:src\utils\excelExport.ts
FN:24,exportMemberContributionsToExcel
FN:34,(anonymous_1)
FN:104,exportChurchMembersWithDetailsToExcel
FN:114,(anonymous_3)
FN:118,(anonymous_4)
FN:125,(anonymous_5)
FN:129,(anonymous_6)
FN:138,(anonymous_7)
FN:143,(anonymous_8)
FN:212,(anonymous_9)
FN:248,(anonymous_10)
FN:291,formatNameNumber
FN:295,(anonymous_12)
FN:304,formatAddress
FN:314,(anonymous_14)
FN:325,exportTrainingCertificatesToExcel
FN:332,(anonymous_16)
FN:375,(anonymous_17)
FN:456,exportRemindersToExcel
FN:463,(anonymous_19)
FN:508,(anonymous_20)
FNF:21
FNH:0
FNDA:0,exportMemberContributionsToExcel
FNDA:0,(anonymous_1)
FNDA:0,exportChurchMembersWithDetailsToExcel
FNDA:0,(anonymous_3)
FNDA:0,(anonymous_4)
FNDA:0,(anonymous_5)
FNDA:0,(anonymous_6)
FNDA:0,(anonymous_7)
FNDA:0,(anonymous_8)
FNDA:0,(anonymous_9)
FNDA:0,(anonymous_10)
FNDA:0,formatNameNumber
FNDA:0,(anonymous_12)
FNDA:0,formatAddress
FNDA:0,(anonymous_14)
FNDA:0,exportTrainingCertificatesToExcel
FNDA:0,(anonymous_16)
FNDA:0,(anonymous_17)
FNDA:0,exportRemindersToExcel
FNDA:0,(anonymous_19)
FNDA:0,(anonymous_20)
DA:29,0
DA:31,0
DA:34,0
DA:35,0
DA:36,0
DA:37,0
DA:39,0
DA:56,0
DA:59,0
DA:71,0
DA:74,0
DA:75,0
DA:76,0
DA:77,0
DA:78,0
DA:87,0
DA:88,0
DA:91,0
DA:92,0
DA:93,0
DA:96,0
DA:109,0
DA:113,0
DA:115,0
DA:116,0
DA:119,0
DA:120,0
DA:121,0
DA:124,0
DA:126,0
DA:127,0
DA:130,0
DA:131,0
DA:132,0
DA:135,0
DA:138,0
DA:143,0
DA:173,0
DA:176,0
DA:196,0
DA:199,0
DA:200,0
DA:201,0
DA:202,0
DA:203,0
DA:212,0
DA:213,0
DA:214,0
DA:216,0
DA:217,0
DA:219,0
DA:220,0
DA:221,0
DA:222,0
DA:223,0
DA:224,0
DA:225,0
DA:226,0
DA:229,0
DA:230,0
DA:231,0
DA:233,0
DA:247,0
DA:248,0
DA:249,0
DA:250,0
DA:251,0
DA:252,0
DA:254,0
DA:255,0
DA:256,0
DA:257,0
DA:260,0
DA:261,0
DA:262,0
DA:264,0
DA:276,0
DA:277,0
DA:280,0
DA:281,0
DA:282,0
DA:285,0
DA:292,0
DA:294,0
DA:295,0
DA:298,0
DA:305,0
DA:307,0
DA:314,0
DA:316,0
DA:329,0
DA:332,0
DA:348,0
DA:351,0
DA:358,0
DA:361,0
DA:362,0
DA:363,0
DA:364,0
DA:365,0
DA:375,0
DA:376,0
DA:379,0
DA:380,0
DA:381,0
DA:382,0
DA:383,0
DA:384,0
DA:385,0
DA:388,0
DA:389,0
DA:390,0
DA:392,0
DA:406,0
DA:407,0
DA:408,0
DA:409,0
DA:410,0
DA:411,0
DA:412,0
DA:413,0
DA:414,0
DA:415,0
DA:416,0
DA:419,0
DA:420,0
DA:421,0
DA:423,0
DA:438,0
DA:439,0
DA:442,0
DA:443,0
DA:444,0
DA:447,0
DA:460,0
DA:463,0
DA:478,0
DA:481,0
DA:492,0
DA:495,0
DA:496,0
DA:497,0
DA:498,0
DA:499,0
DA:508,0
DA:509,0
DA:512,0
DA:513,0
DA:514,0
DA:521,0
DA:522,0
DA:523,0
DA:525,0
DA:526,0
DA:527,0
DA:528,0
DA:531,0
DA:532,0
DA:541,0
DA:542,0
DA:545,0
DA:546,0
DA:547,0
DA:550,0
LF:164
LH:0
BRDA:31,0,0,0
BRDA:31,0,1,0
BRDA:36,1,0,0
BRDA:36,1,1,0
BRDA:37,2,0,0
BRDA:37,2,1,0
BRDA:40,3,0,0
BRDA:40,3,1,0
BRDA:44,4,0,0
BRDA:44,4,1,0
BRDA:45,5,0,0
BRDA:45,5,1,0
BRDA:46,6,0,0
BRDA:46,6,1,0
BRDA:48,7,0,0
BRDA:48,7,1,0
BRDA:51,8,0,0
BRDA:51,8,1,0
BRDA:74,9,0,0
BRDA:74,9,1,0
BRDA:77,10,0,0
BRDA:77,10,1,0
BRDA:119,11,0,0
BRDA:119,11,1,0
BRDA:120,12,0,0
BRDA:120,12,1,0
BRDA:131,13,0,0
BRDA:131,13,1,0
BRDA:139,14,0,0
BRDA:139,14,1,0
BRDA:142,15,0,0
BRDA:142,15,1,0
BRDA:144,16,0,0
BRDA:144,16,1,0
BRDA:145,17,0,0
BRDA:145,17,1,0
BRDA:146,18,0,0
BRDA:146,18,1,0
BRDA:147,19,0,0
BRDA:147,19,1,0
BRDA:148,20,0,0
BRDA:148,20,1,0
BRDA:149,21,0,0
BRDA:149,21,1,0
BRDA:152,22,0,0
BRDA:152,22,1,0
BRDA:156,23,0,0
BRDA:156,23,1,0
BRDA:159,24,0,0
BRDA:159,24,1,0
BRDA:162,25,0,0
BRDA:162,25,1,0
BRDA:163,26,0,0
BRDA:163,26,1,0
BRDA:167,27,0,0
BRDA:167,27,1,0
BRDA:199,28,0,0
BRDA:199,28,1,0
BRDA:202,29,0,0
BRDA:202,29,1,0
BRDA:216,30,0,0
BRDA:216,30,1,0
BRDA:216,31,0,0
BRDA:216,31,1,0
BRDA:219,32,0,0
BRDA:219,32,1,0
BRDA:221,33,0,0
BRDA:221,33,1,0
BRDA:221,34,0,0
BRDA:221,34,1,0
BRDA:223,35,0,0
BRDA:223,35,1,0
BRDA:225,36,0,0
BRDA:225,36,1,0
BRDA:229,37,0,0
BRDA:229,37,1,0
BRDA:230,38,0,0
BRDA:230,38,1,0
BRDA:250,39,0,0
BRDA:250,39,1,0
BRDA:254,40,0,0
BRDA:254,40,1,0
BRDA:256,41,0,0
BRDA:256,41,1,0
BRDA:260,42,0,0
BRDA:260,42,1,0
BRDA:261,43,0,0
BRDA:261,43,1,0
BRDA:292,44,0,0
BRDA:292,44,1,0
BRDA:295,45,0,0
BRDA:295,45,1,0
BRDA:305,46,0,0
BRDA:305,46,1,0
BRDA:314,47,0,0
BRDA:314,47,1,0
BRDA:336,48,0,0
BRDA:336,48,1,0
BRDA:338,49,0,0
BRDA:338,49,1,0
BRDA:341,50,0,0
BRDA:341,50,1,0
BRDA:361,51,0,0
BRDA:361,51,1,0
BRDA:364,52,0,0
BRDA:364,52,1,0
BRDA:380,53,0,0
BRDA:380,53,1,0
BRDA:380,54,0,0
BRDA:380,54,1,0
BRDA:382,55,0,0
BRDA:382,55,1,0
BRDA:384,56,0,0
BRDA:384,56,1,0
BRDA:388,57,0,0
BRDA:388,57,1,0
BRDA:389,58,0,0
BRDA:389,58,1,0
BRDA:407,59,0,0
BRDA:407,59,1,0
BRDA:407,60,0,0
BRDA:407,60,1,0
BRDA:409,61,0,0
BRDA:409,61,1,0
BRDA:411,62,0,0
BRDA:411,62,1,0
BRDA:413,63,0,0
BRDA:413,63,1,0
BRDA:415,64,0,0
BRDA:415,64,1,0
BRDA:419,65,0,0
BRDA:419,65,1,0
BRDA:420,66,0,0
BRDA:420,66,1,0
BRDA:467,67,0,0
BRDA:467,67,1,0
BRDA:468,68,0,0
BRDA:468,68,1,0
BRDA:470,69,0,0
BRDA:470,69,1,0
BRDA:471,70,0,0
BRDA:471,70,1,0
BRDA:472,71,0,0
BRDA:472,71,1,0
BRDA:495,72,0,0
BRDA:495,72,1,0
BRDA:498,73,0,0
BRDA:498,73,1,0
BRDA:513,74,0,0
BRDA:513,74,1,0
BRDA:513,75,0,0
BRDA:513,75,1,0
BRDA:522,76,0,0
BRDA:522,76,1,0
BRDA:525,77,0,0
BRDA:525,77,1,0
BRDA:527,78,0,0
BRDA:527,78,1,0
BRDA:531,79,0,0
BRDA:531,79,1,0
BRF:160
BRH:0
end_of_record
TN:
SF:src\utils\exportAttendanceAnalyticsPdf.ts
FN:5,(anonymous_0)
FN:59,(anonymous_1)
FN:77,(anonymous_2)
FN:87,(anonymous_3)
FNF:4
FNH:0
FNDA:0,(anonymous_0)
FNDA:0,(anonymous_1)
FNDA:0,(anonymous_2)
FNDA:0,(anonymous_3)
DA:5,0
DA:9,0
DA:10,0
DA:13,0
DA:20,0
DA:23,0
DA:24,0
DA:25,0
DA:26,0
DA:27,0
DA:28,0
DA:29,0
DA:32,0
DA:33,0
DA:34,0
DA:35,0
DA:38,0
DA:43,0
DA:44,0
DA:45,0
DA:48,0
DA:49,0
DA:53,0
DA:54,0
DA:55,0
DA:56,0
DA:59,0
DA:62,0
DA:73,0
DA:74,0
DA:77,0
DA:81,0
DA:87,0
DA:91,0
DA:96,0
DA:97,0
DA:98,0
DA:99,0
DA:100,0
DA:101,0
DA:102,0
DA:103,0
LF:42
LH:0
BRDA:48,0,0,0
BRDA:48,0,1,0
BRDA:48,1,0,0
BRDA:48,1,1,0
BRF:4
BRH:0
end_of_record
TN:
SF:src\utils\exportRiskAssessmentsPdf.ts
FN:7,(anonymous_0)
FN:24,(anonymous_1)
FN:77,(anonymous_2)
FN:86,(anonymous_3)
FN:91,(anonymous_4)
FN:101,(anonymous_5)
FN:116,(anonymous_6)
FN:137,(anonymous_7)
FN:220,(anonymous_8)
FN:230,(anonymous_9)
FNF:10
FNH:0
FNDA:0,(anonymous_0)
FNDA:0,(anonymous_1)
FNDA:0,(anonymous_2)
FNDA:0,(anonymous_3)
FNDA:0,(anonymous_4)
FNDA:0,(anonymous_5)
FNDA:0,(anonymous_6)
FNDA:0,(anonymous_7)
FNDA:0,(anonymous_8)
FNDA:0,(anonymous_9)
DA:7,0
DA:10,0
DA:12,0
DA:18,0
DA:19,0
DA:20,0
DA:21,0
DA:24,0
DA:25,0
DA:26,0
DA:34,0
DA:39,0
DA:45,0
DA:46,0
DA:47,0
DA:49,0
DA:50,0
DA:51,0
DA:52,0
DA:53,0
DA:60,0
DA:63,0
DA:72,0
DA:73,0
DA:74,0
DA:77,0
DA:78,0
DA:79,0
DA:80,0
DA:82,0
DA:86,0
DA:87,0
DA:88,0
DA:91,0
DA:96,0
DA:97,0
DA:98,0
DA:100,0
DA:101,0
DA:102,0
DA:103,0
DA:106,0
DA:107,0
DA:110,0
DA:113,0
DA:114,0
DA:116,0
DA:119,0
DA:120,0
DA:121,0
DA:124,0
DA:127,0
DA:128,0
DA:132,0
DA:133,0
DA:134,0
DA:137,0
DA:143,0
DA:146,0
DA:147,0
DA:148,0
DA:150,0
DA:151,0
DA:154,0
DA:155,0
DA:156,0
DA:158,0
DA:159,0
DA:162,0
DA:167,0
DA:170,0
DA:171,0
DA:172,0
DA:174,0
DA:175,0
DA:176,0
DA:177,0
DA:179,0
DA:180,0
DA:181,0
DA:184,0
DA:185,0
DA:186,0
DA:188,0
DA:190,0
DA:191,0
DA:192,0
DA:195,0
DA:196,0
DA:197,0
DA:200,0
DA:201,0
DA:202,0
DA:203,0
DA:204,0
DA:205,0
DA:207,0
DA:208,0
DA:211,0
DA:214,0
DA:215,0
DA:216,0
DA:217,0
DA:220,0
DA:221,0
DA:227,0
DA:228,0
DA:230,0
DA:231,0
DA:232,0
DA:235,0
DA:236,0
DA:237,0
DA:239,0
DA:244,0
DA:245,0
DA:246,0
DA:247,0
DA:248,0
DA:249,0
DA:250,0
DA:253,0
DA:259,0
DA:262,0
DA:264,0
DA:265,0
LF:126
LH:0
BRDA:25,0,0,0
BRDA:25,0,1,0
BRDA:78,1,0,0
BRDA:78,1,1,0
BRDA:119,2,0,0
BRDA:119,2,1,0
BRDA:120,3,0,0
BRDA:120,3,1,0
BRDA:127,4,0,0
BRDA:127,4,1,0
BRDA:132,5,0,0
BRDA:132,5,1,0
BRDA:146,6,0,0
BRDA:146,6,1,0
BRDA:147,7,0,0
BRDA:147,7,1,0
BRDA:154,8,0,0
BRDA:154,8,1,0
BRDA:155,9,0,0
BRDA:155,9,1,0
BRDA:174,10,0,0
BRDA:174,10,1,0
BRDA:174,11,0,0
BRDA:174,11,1,0
BRDA:176,12,0,0
BRDA:176,12,1,0
BRDA:184,13,0,0
BRDA:184,13,1,0
BRDA:185,14,0,0
BRDA:185,14,1,0
BRDA:200,15,0,0
BRDA:200,15,1,0
BRDA:200,16,0,0
BRDA:200,16,1,0
BRDA:203,17,0,0
BRDA:203,17,1,0
BRDA:214,18,0,0
BRDA:214,18,1,0
BRDA:222,19,0,0
BRDA:222,19,1,0
BRF:40
BRH:0
end_of_record
TN:
SF:src\utils\exportUtils.ts
FN:8,exportRegisterNumbersToCSV
FN:22,(anonymous_1)
FN:33,(anonymous_2)
FN:33,(anonymous_3)
FN:64,exportToCSV
FN:78,(anonymous_5)
FN:79,(anonymous_6)
FN:95,(anonymous_7)
FN:95,(anonymous_8)
FNF:9
FNH:0
FNDA:0,exportRegisterNumbersToCSV
FNDA:0,(anonymous_1)
FNDA:0,(anonymous_2)
FNDA:0,(anonymous_3)
FNDA:0,exportToCSV
FNDA:0,(anonymous_5)
FNDA:0,(anonymous_6)
FNDA:0,(anonymous_7)
FNDA:0,(anonymous_8)
DA:13,0
DA:22,0
DA:31,0
DA:33,0
DA:37,0
DA:38,0
DA:40,0
DA:42,0
DA:43,0
DA:45,0
DA:46,0
DA:47,0
DA:49,0
DA:50,0
DA:51,0
DA:54,0
DA:69,0
DA:70,0
DA:71,0
DA:75,0
DA:78,0
DA:79,0
DA:80,0
DA:82,0
DA:83,0
DA:85,0
DA:86,0
DA:88,0
DA:93,0
DA:95,0
DA:99,0
DA:100,0
DA:102,0
DA:103,0
DA:104,0
DA:105,0
DA:107,0
DA:108,0
DA:109,0
DA:111,0
DA:112,0
DA:113,0
DA:115,0
LF:43
LH:0
BRDA:24,0,0,0
BRDA:24,0,1,0
BRDA:27,1,0,0
BRDA:27,1,1,0
BRDA:40,2,0,0
BRDA:40,2,1,0
BRDA:69,3,0,0
BRDA:69,3,1,0
BRDA:75,4,0,0
BRDA:75,4,1,0
BRDA:82,5,0,0
BRDA:82,5,1,0
BRDA:82,6,0,0
BRDA:82,6,1,0
BRDA:85,7,0,0
BRDA:85,7,1,0
BRDA:102,8,0,0
BRDA:102,8,1,0
BRF:18
BRH:0
end_of_record
TN:
SF:src\utils\index.ts
FNF:0
FNH:0
LF:0
LH:0
BRF:0
BRH:0
end_of_record
TN:
SF:src\utils\logger.ts
FN:16,(anonymous_0)
FN:26,(anonymous_1)
FN:39,(anonymous_2)
FN:52,(anonymous_3)
FN:63,(anonymous_4)
FN:87,(anonymous_5)
FNF:6
FNH:2
FNDA:4,(anonymous_0)
FNDA:1,(anonymous_1)
FNDA:0,(anonymous_2)
FNDA:0,(anonymous_3)
FNDA:0,(anonymous_4)
FNDA:0,(anonymous_5)
DA:18,4
DA:27,1
DA:28,0
DA:29,0
DA:31,0
DA:40,0
DA:41,0
DA:42,0
DA:44,0
DA:53,0
DA:54,0
DA:56,0
DA:68,0
DA:69,0
DA:77,0
DA:78,0
DA:80,0
DA:88,0
DA:90,0
DA:91,0
DA:93,0
DA:94,0
DA:96,0
DA:97,0
DA:99,0
DA:100,0
DA:106,4
LF:27
LH:3
BRDA:19,0,0,4
BRDA:19,0,1,4
BRDA:27,1,0,0
BRDA:27,1,1,1
BRDA:28,2,0,0
BRDA:28,2,1,0
BRDA:40,3,0,0
BRDA:40,3,1,0
BRDA:41,4,0,0
BRDA:41,4,1,0
BRDA:53,5,0,0
BRDA:53,5,1,0
BRDA:68,6,0,0
BRDA:68,6,1,0
BRDA:73,7,0,0
BRDA:73,7,1,0
BRDA:77,8,0,0
BRDA:77,8,1,0
BRDA:88,9,0,0
BRDA:88,9,1,0
BRDA:88,9,2,0
BRDA:88,9,3,0
BRF:22
BRH:3
end_of_record
TN:
SF:src\utils\notificationManager.ts
FN:18,(anonymous_0)
FN:25,(anonymous_1)
FN:39,(anonymous_2)
FN:46,(anonymous_3)
FN:53,(anonymous_4)
FN:60,(anonymous_5)
FNF:6
FNH:1
FNDA:10,(anonymous_0)
FNDA:0,(anonymous_1)
FNDA:0,(anonymous_2)
FNDA:0,(anonymous_3)
FNDA:0,(anonymous_4)
FNDA:0,(anonymous_5)
DA:13,2
DA:19,10
DA:29,0
DA:30,0
DA:32,0
DA:40,0
DA:47,0
DA:54,0
DA:61,0
DA:66,2
LF:10
LH:3
BRDA:27,0,0,0
BRDA:29,1,0,0
BRDA:29,1,1,0
BRF:3
BRH:0
end_of_record
TN:
SF:src\utils\passwordSecurity.ts
FN:175,(anonymous_0)
FN:182,(anonymous_1)
FN:196,(anonymous_2)
FN:197,(anonymous_3)
FN:200,(anonymous_4)
FN:201,(anonymous_5)
FN:219,(anonymous_6)
FN:358,(anonymous_7)
FN:375,(anonymous_8)
FN:385,(anonymous_9)
FN:388,(anonymous_10)
FN:393,(anonymous_11)
FN:399,(anonymous_12)
FN:412,(anonymous_13)
FN:418,(anonymous_14)
FN:469,(anonymous_15)
FN:476,(anonymous_16)
FN:496,(anonymous_17)
FN:503,(anonymous_18)
FN:526,(anonymous_19)
FN:548,(anonymous_20)
FN:552,(anonymous_21)
FN:561,(anonymous_22)
FN:568,(anonymous_23)
FN:575,(anonymous_24)
FN:584,(anonymous_25)
FN:596,(anonymous_26)
FN:600,(anonymous_27)
FN:613,(anonymous_28)
FN:635,(anonymous_29)
FNF:30
FNH:28
FNDA:1,(anonymous_0)
FNDA:31,(anonymous_1)
FNDA:345,(anonymous_2)
FNDA:41,(anonymous_3)
FNDA:345,(anonymous_4)
FNDA:16,(anonymous_5)
FNDA:31,(anonymous_6)
FNDA:31,(anonymous_7)
FNDA:62,(anonymous_8)
FNDA:690,(anonymous_9)
FNDA:690,(anonymous_10)
FNDA:442,(anonymous_11)
FNDA:248,(anonymous_12)
FNDA:31,(anonymous_13)
FNDA:345,(anonymous_14)
FNDA:62,(anonymous_15)
FNDA:4,(anonymous_16)
FNDA:6,(anonymous_17)
FNDA:62,(anonymous_18)
FNDA:31,(anonymous_19)
FNDA:62,(anonymous_20)
FNDA:890,(anonymous_21)
FNDA:62,(anonymous_22)
FNDA:0,(anonymous_23)
FNDA:0,(anonymous_24)
FNDA:13,(anonymous_25)
FNDA:8,(anonymous_26)
FNDA:10,(anonymous_27)
FNDA:6,(anonymous_28)
FNDA:8,(anonymous_29)
DA:57,1
DA:78,1
DA:99,1
DA:143,1
DA:163,1
DA:176,1
DA:191,31
DA:192,31
DA:193,31
DA:195,31
DA:196,345
DA:197,41
DA:199,31
DA:200,345
DA:201,16
DA:203,31
DA:205,31
DA:228,31
DA:231,31
DA:239,31
DA:248,31
DA:249,31
DA:258,31
DA:259,31
DA:268,31
DA:269,31
DA:278,31
DA:279,31
DA:282,31
DA:292,31
DA:293,31
DA:302,31
DA:303,31
DA:312,31
DA:313,4
DA:322,31
DA:323,31
DA:332,31
DA:333,31
DA:342,31
DA:343,31
DA:352,31
DA:362,31
DA:364,31
DA:365,15
DA:366,8
DA:367,7
DA:368,4
DA:369,0
DA:376,62
DA:378,62
DA:381,62
DA:382,62
DA:384,62
DA:385,690
DA:387,62
DA:388,690
DA:392,62
DA:393,442
DA:398,62
DA:399,248
DA:404,62
DA:416,31
DA:417,31
DA:418,345
DA:421,31
DA:422,17
DA:425,31
DA:426,7
DA:427,7
DA:430,31
DA:431,2
DA:434,31
DA:435,8
DA:438,31
DA:439,8
DA:442,31
DA:448,9
DA:451,31
DA:452,5
DA:455,31
DA:456,5
DA:459,31
DA:460,5
DA:463,31
DA:470,62
DA:485,4
DA:486,4
DA:488,4
DA:495,4
DA:496,6
DA:504,62
DA:506,62
DA:507,178
DA:508,3018
DA:509,3018
DA:511,3018
DA:515,10
DA:520,52
DA:527,31
DA:528,31
DA:530,31
DA:531,295
DA:532,20
DA:533,20
DA:534,1
DA:537,275
DA:538,275
DA:542,30
DA:549,62
DA:551,62
DA:553,890
DA:562,62
DA:569,0
DA:576,0
DA:581,1
DA:584,1
DA:593,13
DA:596,1
DA:597,8
DA:600,1
DA:609,10
DA:613,1
DA:616,6
DA:618,1
DA:620,1
DA:622,1
DA:624,1
DA:626,1
DA:628,1
DA:630,0
DA:635,1
DA:638,8
DA:640,1
DA:642,2
DA:644,1
DA:646,1
DA:648,2
DA:650,1
DA:652,0
LF:140
LH:135
BRDA:175,0,0,1
BRDA:196,1,0,345
BRDA:196,1,1,221
BRDA:200,2,0,345
BRDA:200,2,1,124
BRDA:248,3,0,31
BRDA:248,3,1,0
BRDA:258,4,0,31
BRDA:258,4,1,0
BRDA:268,5,0,31
BRDA:268,5,1,0
BRDA:278,6,0,31
BRDA:278,6,1,0
BRDA:302,7,0,31
BRDA:302,7,1,0
BRDA:312,8,0,4
BRDA:312,8,1,27
BRDA:312,9,0,31
BRDA:312,9,1,31
BRDA:322,10,0,31
BRDA:322,10,1,0
BRDA:332,11,0,31
BRDA:332,11,1,0
BRDA:342,12,0,31
BRDA:342,12,1,0
BRDA:364,13,0,16
BRDA:364,13,1,15
BRDA:365,14,0,7
BRDA:365,14,1,8
BRDA:366,15,0,1
BRDA:366,15,1,7
BRDA:367,16,0,3
BRDA:367,16,1,4
BRDA:368,17,0,4
BRDA:368,17,1,0
BRDA:378,18,0,0
BRDA:378,18,1,62
BRDA:392,19,0,62
BRDA:392,19,1,0
BRDA:398,20,0,62
BRDA:398,20,1,0
BRDA:418,21,0,345
BRDA:418,21,1,221
BRDA:421,22,0,17
BRDA:421,22,1,14
BRDA:425,23,0,7
BRDA:425,23,1,24
BRDA:427,24,0,5
BRDA:427,24,1,2
BRDA:430,25,0,2
BRDA:430,25,1,29
BRDA:430,26,0,31
BRDA:430,26,1,2
BRDA:434,27,0,8
BRDA:434,27,1,23
BRDA:434,28,0,31
BRDA:434,28,1,8
BRDA:438,29,0,8
BRDA:438,29,1,23
BRDA:438,30,0,31
BRDA:438,30,1,8
BRDA:442,31,0,9
BRDA:442,31,1,22
BRDA:443,32,0,31
BRDA:443,32,1,9
BRDA:451,33,0,5
BRDA:451,33,1,26
BRDA:455,34,0,5
BRDA:455,34,1,26
BRDA:459,35,0,5
BRDA:459,35,1,26
BRDA:496,36,0,6
BRDA:496,36,1,6
BRDA:496,36,2,6
BRDA:511,37,0,10
BRDA:511,37,1,3008
BRDA:512,38,0,3018
BRDA:512,38,1,3008
BRDA:531,39,0,20
BRDA:531,39,1,275
BRDA:533,40,0,1
BRDA:533,40,1,19
BRDA:553,41,0,890
BRDA:553,41,1,880
BRDA:616,42,0,1
BRDA:616,42,1,1
BRDA:616,42,2,1
BRDA:616,42,3,1
BRDA:616,42,4,1
BRDA:616,42,5,1
BRDA:616,42,6,0
BRDA:638,43,0,1
BRDA:638,43,1,2
BRDA:638,43,2,1
BRDA:638,43,3,1
BRDA:638,43,4,2
BRDA:638,43,5,1
BRDA:638,43,6,0
BRF:98
BRH:84
end_of_record
TN:
SF:src\utils\queryKeys.ts
FN:25,(anonymous_0)
FN:26,(anonymous_1)
FN:28,(anonymous_2)
FN:29,(anonymous_3)
FN:30,(anonymous_4)
FN:31,(anonymous_5)
FN:32,(anonymous_6)
FN:40,(anonymous_7)
FN:41,(anonymous_8)
FN:43,(anonymous_9)
FN:45,(anonymous_10)
FN:46,(anonymous_11)
FN:55,(anonymous_12)
FN:56,(anonymous_13)
FN:57,(anonymous_14)
FN:58,(anonymous_15)
FN:59,(anonymous_16)
FN:67,(anonymous_17)
FN:68,(anonymous_18)
FN:69,(anonymous_19)
FN:78,(anonymous_20)
FN:80,(anonymous_21)
FN:82,(anonymous_22)
FN:89,(anonymous_23)
FN:90,(anonymous_24)
FN:97,(anonymous_25)
FN:105,(anonymous_26)
FN:106,(anonymous_27)
FN:114,(anonymous_28)
FN:115,(anonymous_29)
FN:116,(anonymous_30)
FN:118,(anonymous_31)
FN:119,(anonymous_32)
FN:120,(anonymous_33)
FN:121,(anonymous_34)
FN:123,(anonymous_35)
FN:124,(anonymous_36)
FN:125,(anonymous_37)
FN:133,(anonymous_38)
FN:134,(anonymous_39)
FN:136,(anonymous_40)
FN:137,(anonymous_41)
FN:138,(anonymous_42)
FN:146,(anonymous_43)
FN:147,(anonymous_44)
FN:148,(anonymous_45)
FN:156,(anonymous_46)
FN:157,(anonymous_47)
FN:167,(anonymous_48)
FN:168,(anonymous_49)
FN:169,(anonymous_50)
FN:170,(anonymous_51)
FN:171,(anonymous_52)
FN:180,(anonymous_53)
FN:181,(anonymous_54)
FN:183,(anonymous_55)
FN:184,(anonymous_56)
FN:185,(anonymous_57)
FN:194,(anonymous_58)
FN:203,(anonymous_59)
FNF:60
FNH:0
FNDA:0,(anonymous_0)
FNDA:0,(anonymous_1)
FNDA:0,(anonymous_2)
FNDA:0,(anonymous_3)
FNDA:0,(anonymous_4)
FNDA:0,(anonymous_5)
FNDA:0,(anonymous_6)
FNDA:0,(anonymous_7)
FNDA:0,(anonymous_8)
FNDA:0,(anonymous_9)
FNDA:0,(anonymous_10)
FNDA:0,(anonymous_11)
FNDA:0,(anonymous_12)
FNDA:0,(anonymous_13)
FNDA:0,(anonymous_14)
FNDA:0,(anonymous_15)
FNDA:0,(anonymous_16)
FNDA:0,(anonymous_17)
FNDA:0,(anonymous_18)
FNDA:0,(anonymous_19)
FNDA:0,(anonymous_20)
FNDA:0,(anonymous_21)
FNDA:0,(anonymous_22)
FNDA:0,(anonymous_23)
FNDA:0,(anonymous_24)
FNDA:0,(anonymous_25)
FNDA:0,(anonymous_26)
FNDA:0,(anonymous_27)
FNDA:0,(anonymous_28)
FNDA:0,(anonymous_29)
FNDA:0,(anonymous_30)
FNDA:0,(anonymous_31)
FNDA:0,(anonymous_32)
FNDA:0,(anonymous_33)
FNDA:0,(anonymous_34)
FNDA:0,(anonymous_35)
FNDA:0,(anonymous_36)
FNDA:0,(anonymous_37)
FNDA:0,(anonymous_38)
FNDA:0,(anonymous_39)
FNDA:0,(anonymous_40)
FNDA:0,(anonymous_41)
FNDA:0,(anonymous_42)
FNDA:0,(anonymous_43)
FNDA:0,(anonymous_44)
FNDA:0,(anonymous_45)
FNDA:0,(anonymous_46)
FNDA:0,(anonymous_47)
FNDA:0,(anonymous_48)
FNDA:0,(anonymous_49)
FNDA:0,(anonymous_50)
FNDA:0,(anonymous_51)
FNDA:0,(anonymous_52)
FNDA:0,(anonymous_53)
FNDA:0,(anonymous_54)
FNDA:0,(anonymous_55)
FNDA:0,(anonymous_56)
FNDA:0,(anonymous_57)
FNDA:0,(anonymous_58)
FNDA:0,(anonymous_59)
DA:23,0
DA:25,0
DA:27,0
DA:28,0
DA:29,0
DA:30,0
DA:31,0
DA:32,0
DA:38,0
DA:40,0
DA:42,0
DA:44,0
DA:45,0
DA:47,0
DA:53,0
DA:55,0
DA:56,0
DA:57,0
DA:58,0
DA:59,0
DA:65,0
DA:67,0
DA:68,0
DA:70,0
DA:76,0
DA:79,0
DA:81,0
DA:82,0
DA:88,0
DA:89,0
DA:90,0
DA:96,0
DA:97,0
DA:103,0
DA:105,0
DA:106,0
DA:112,0
DA:114,0
DA:115,0
DA:117,0
DA:118,0
DA:119,0
DA:120,0
DA:122,0
DA:123,0
DA:124,0
DA:125,0
DA:131,0
DA:133,0
DA:135,0
DA:136,0
DA:137,0
DA:138,0
DA:144,0
DA:146,0
DA:147,0
DA:148,0
DA:154,0
DA:156,0
DA:163,0
DA:167,0
DA:168,0
DA:169,0
DA:170,0
DA:172,0
DA:178,0
DA:180,0
DA:182,0
DA:183,0
DA:184,0
DA:186,0
DA:192,0
DA:195,0
DA:201,0
DA:203,0
DA:214,0
LF:76
LH:0
BRF:0
BRH:0
end_of_record
TN:
SF:src\utils\rbac.ts
FN:286,(anonymous_0)
FN:289,(anonymous_1)
FN:296,(anonymous_2)
FN:298,(anonymous_3)
FN:304,(anonymous_4)
FN:306,(anonymous_5)
FN:312,(anonymous_6)
FN:318,(anonymous_7)
FN:320,(anonymous_8)
FN:325,(anonymous_9)
FN:334,(anonymous_10)
FN:345,(anonymous_11)
FN:350,(anonymous_12)
FN:356,(anonymous_13)
FN:361,(anonymous_14)
FN:367,(anonymous_15)
FN:376,(anonymous_16)
FN:399,(anonymous_17)
FN:412,(anonymous_18)
FN:425,(anonymous_19)
FN:435,(anonymous_20)
FN:456,(anonymous_21)
FN:465,(anonymous_22)
FN:481,(anonymous_23)
FN:516,(anonymous_24)
FNF:25
FNH:17
FNDA:171,(anonymous_0)
FNDA:152,(anonymous_1)
FNDA:3,(anonymous_2)
FNDA:6,(anonymous_3)
FNDA:2,(anonymous_4)
FNDA:4,(anonymous_5)
FNDA:157,(anonymous_6)
FNDA:139,(anonymous_7)
FNDA:1879,(anonymous_8)
FNDA:0,(anonymous_9)
FNDA:131,(anonymous_10)
FNDA:2,(anonymous_11)
FNDA:3,(anonymous_12)
FNDA:2,(anonymous_13)
FNDA:3,(anonymous_14)
FNDA:0,(anonymous_15)
FNDA:0,(anonymous_16)
FNDA:2,(anonymous_17)
FNDA:1,(anonymous_18)
FNDA:0,(anonymous_19)
FNDA:0,(anonymous_20)
FNDA:0,(anonymous_21)
FNDA:0,(anonymous_22)
FNDA:2,(anonymous_23)
FNDA:0,(anonymous_24)
DA:6,1
DA:16,1
DA:73,1
DA:262,1
DA:286,1
DA:287,171
DA:288,158
DA:289,152
DA:296,1
DA:297,3
DA:298,6
DA:304,1
DA:305,2
DA:306,4
DA:312,1
DA:313,157
DA:315,145
DA:318,145
DA:319,139
DA:320,1879
DA:324,145
DA:325,145
DA:328,145
DA:334,1
DA:338,131
DA:339,131
DA:345,1
DA:349,2
DA:350,3
DA:356,1
DA:360,2
DA:361,3
DA:367,1
DA:368,0
DA:369,0
DA:370,0
DA:376,1
DA:381,0
DA:384,0
DA:385,0
DA:389,0
DA:390,0
DA:393,0
DA:399,1
DA:400,2
DA:402,2
DA:411,2
DA:412,2
DA:413,1
DA:414,1
DA:415,1
DA:419,2
DA:425,1
DA:429,0
DA:435,1
DA:439,0
DA:442,0
DA:445,0
DA:446,0
DA:450,0
DA:456,1
DA:457,0
DA:458,0
DA:459,0
DA:461,0
DA:464,0
DA:465,0
DA:466,0
DA:470,0
DA:472,0
DA:475,0
DA:481,1
DA:487,2
DA:489,2
DA:490,0
DA:493,2
DA:494,0
DA:498,2
DA:499,1
DA:500,1
DA:508,1
DA:509,0
DA:514,0
DA:515,0
DA:516,0
DA:519,0
DA:520,0
DA:528,1
LF:88
LH:55
BRDA:287,0,0,13
BRDA:287,0,1,158
BRDA:287,1,0,171
BRDA:287,1,1,158
BRDA:297,2,0,0
BRDA:297,2,1,3
BRDA:297,3,0,3
BRDA:297,3,1,3
BRDA:297,3,2,3
BRDA:305,4,0,0
BRDA:305,4,1,2
BRDA:305,5,0,2
BRDA:305,5,1,2
BRDA:305,5,2,2
BRDA:313,6,0,12
BRDA:313,6,1,145
BRDA:313,7,0,157
BRDA:313,7,1,145
BRDA:319,8,0,139
BRDA:319,8,1,0
BRDA:324,9,0,145
BRDA:324,9,1,0
BRDA:349,10,0,0
BRDA:349,10,1,2
BRDA:360,11,0,0
BRDA:360,11,1,2
BRDA:369,12,0,0
BRDA:369,12,1,0
BRDA:369,13,0,0
BRDA:369,13,1,0
BRDA:379,14,0,0
BRDA:384,15,0,0
BRDA:384,15,1,0
BRDA:389,16,0,0
BRDA:389,16,1,0
BRDA:389,17,0,0
BRDA:389,17,1,0
BRDA:400,18,0,0
BRDA:400,18,1,2
BRDA:400,19,0,2
BRDA:400,19,1,2
BRDA:413,20,0,1
BRDA:413,20,1,0
BRDA:414,21,0,1
BRDA:414,21,1,0
BRDA:439,22,0,0
BRDA:439,22,1,0
BRDA:439,23,0,0
BRDA:439,23,1,0
BRDA:442,24,0,0
BRDA:442,24,1,0
BRDA:445,25,0,0
BRDA:445,25,1,0
BRDA:461,26,0,0
BRDA:461,26,1,0
BRDA:470,27,0,0
BRDA:470,27,1,0
BRDA:485,28,0,2
BRDA:489,29,0,0
BRDA:489,29,1,2
BRDA:493,30,0,0
BRDA:493,30,1,2
BRDA:498,31,0,1
BRDA:498,31,1,1
BRDA:498,32,0,2
BRDA:498,32,1,1
BRDA:499,33,0,1
BRDA:499,33,1,0
BRDA:508,34,0,0
BRDA:508,34,1,1
BRDA:508,35,0,1
BRDA:508,35,1,0
BRDA:514,36,0,0
BRDA:514,36,1,0
BRDA:519,37,0,0
BRDA:519,37,1,0
BRDA:519,38,0,0
BRDA:519,38,1,0
BRF:78
BRH:35
end_of_record
TN:
SF:src\utils\typeGuards.ts
FN:29,isString
FN:34,isNumber
FN:39,isBoolean
FN:44,isPlainObject
FN:51,isNonEmptyString
FN:56,isNullish
FN:61,isPresent
FN:84,isAuthError
FN:104,isApiError
FN:115,extractErrorMessage
FN:148,safeParseJson
FN:168,safeValidate
FN:181,(anonymous_12)
FN:227,filterWithGuard
FN:242,isKeyboardEvent
FN:258,isKeyPress
FN:268,isMouseEvent
FN:282,isActivationKey
FN:345,validateApiArray
FN:350,(anonymous_19)
FNF:20
FNH:16
FNDA:32,isString
FNDA:10,isNumber
FNDA:4,isBoolean
FNDA:27,isPlainObject
FNDA:3,isNonEmptyString
FNDA:5,isNullish
FNDA:6,isPresent
FNDA:0,isAuthError
FNDA:0,isApiError
FNDA:10,extractErrorMessage
FNDA:3,safeParseJson
FNDA:0,safeValidate
FNDA:0,(anonymous_12)
FNDA:1,filterWithGuard
FNDA:5,isKeyboardEvent
FNDA:7,isKeyPress
FNDA:5,isMouseEvent
FNDA:4,isActivationKey
FNDA:5,validateApiArray
FNDA:5,(anonymous_19)
DA:30,32
DA:35,10
DA:40,4
DA:47,27
DA:52,3
DA:57,5
DA:62,6
DA:85,0
DA:94,2
DA:105,0
DA:119,10
DA:120,9
DA:121,7
DA:122,3
DA:124,2
DA:125,2
DA:126,2
DA:127,2
DA:129,2
DA:130,1
DA:134,4
DA:152,3
DA:153,3
DA:154,3
DA:155,3
DA:157,1
DA:172,0
DA:173,0
DA:181,2
DA:182,0
DA:191,2
DA:206,2
DA:231,1
DA:245,5
DA:262,7
DA:271,5
DA:285,4
DA:295,2
DA:311,2
DA:325,2
DA:349,5
DA:350,3
DA:351,5
DA:352,5
DA:353,4
DA:356,1
DA:361,5
LF:47
LH:42
BRDA:35,0,0,10
BRDA:35,0,1,8
BRDA:47,1,0,27
BRDA:47,1,1,20
BRDA:47,1,2,16
BRDA:52,2,0,3
BRDA:52,2,1,3
BRDA:57,3,0,5
BRDA:57,3,1,4
BRDA:62,4,0,6
BRDA:62,4,1,5
BRDA:86,5,0,0
BRDA:86,5,1,0
BRDA:86,5,2,0
BRDA:86,5,3,0
BRDA:117,6,0,10
BRDA:119,7,0,1
BRDA:119,7,1,9
BRDA:120,8,0,2
BRDA:120,8,1,7
BRDA:121,9,0,3
BRDA:121,9,1,4
BRDA:122,10,0,1
BRDA:122,10,1,2
BRDA:125,11,0,2
BRDA:125,11,1,0
BRDA:127,12,0,2
BRDA:127,12,1,0
BRDA:129,13,0,1
BRDA:129,13,1,1
BRDA:130,14,0,1
BRDA:130,14,1,0
BRDA:155,15,0,1
BRDA:155,15,1,1
BRDA:173,16,0,0
BRDA:173,16,1,0
BRDA:246,17,0,5
BRDA:246,17,1,3
BRDA:246,17,2,2
BRDA:272,18,0,5
BRDA:272,18,1,3
BRDA:272,18,2,2
BRDA:349,19,0,2
BRDA:349,19,1,3
BRDA:352,20,0,4
BRDA:352,20,1,1
BRF:46
BRH:37
end_of_record
TN:
SF:src\utils\validation.ts
FN:8,(anonymous_0)
FN:16,(anonymous_1)
FN:24,(anonymous_2)
FN:32,(anonymous_3)
FN:42,(anonymous_4)
FN:49,(anonymous_5)
FN:56,(anonymous_6)
FN:63,(anonymous_7)
FN:70,(anonymous_8)
FN:77,(anonymous_9)
FN:84,(anonymous_10)
FN:91,(anonymous_11)
FN:99,(anonymous_12)
FN:107,(anonymous_13)
FN:114,(anonymous_14)
FN:164,(anonymous_15)
FNF:16
FNH:14
FNDA:11,(anonymous_0)
FNDA:9,(anonymous_1)
FNDA:15,(anonymous_2)
FNDA:13,(anonymous_3)
FNDA:10,(anonymous_4)
FNDA:8,(anonymous_5)
FNDA:9,(anonymous_6)
FNDA:6,(anonymous_7)
FNDA:6,(anonymous_8)
FNDA:5,(anonymous_9)
FNDA:5,(anonymous_10)
FNDA:11,(anonymous_11)
FNDA:9,(anonymous_12)
FNDA:0,(anonymous_13)
FNDA:0,(anonymous_14)
FNDA:5,(anonymous_15)
DA:8,1
DA:9,11
DA:10,11
DA:16,1
DA:17,9
DA:18,9
DA:24,1
DA:25,15
DA:26,15
DA:32,1
DA:33,13
DA:34,11
DA:35,6
DA:36,4
DA:42,1
DA:43,10
DA:49,1
DA:50,8
DA:56,1
DA:57,9
DA:63,1
DA:64,6
DA:70,1
DA:71,6
DA:77,1
DA:78,5
DA:84,1
DA:85,5
DA:91,1
DA:92,11
DA:93,11
DA:99,1
DA:100,9
DA:101,9
DA:107,1
DA:108,0
DA:114,1
DA:119,0
DA:121,0
DA:123,0
DA:125,0
DA:127,0
DA:129,0
DA:131,0
DA:133,0
DA:135,0
DA:137,0
DA:139,0
DA:141,0
DA:143,0
DA:145,0
DA:147,0
DA:149,0
DA:164,1
DA:171,5
DA:172,6
DA:173,2
DA:176,3
LF:58
LH:41
BRDA:33,0,0,2
BRDA:33,0,1,11
BRDA:33,1,0,13
BRDA:33,1,1,12
BRDA:34,2,0,5
BRDA:34,2,1,6
BRDA:35,3,0,2
BRDA:35,3,1,4
BRDA:57,4,0,9
BRDA:57,4,1,7
BRDA:101,5,0,9
BRDA:101,5,1,4
BRDA:108,6,0,0
BRDA:108,6,1,0
BRDA:119,7,0,0
BRDA:119,7,1,0
BRDA:119,7,2,0
BRDA:119,7,3,0
BRDA:119,7,4,0
BRDA:119,7,5,0
BRDA:119,7,6,0
BRDA:119,7,7,0
BRDA:119,7,8,0
BRDA:119,7,9,0
BRDA:119,7,10,0
BRDA:119,7,11,0
BRDA:119,7,12,0
BRDA:119,7,13,0
BRDA:119,7,14,0
BRDA:172,8,0,2
BRDA:172,8,1,4
BRF:31
BRH:14
end_of_record
TN:
SF:src\utils\withErrorBoundary.tsx
FN:6,(anonymous_0)
FN:10,(anonymous_1)
FNF:2
FNH:0
FNDA:0,(anonymous_0)
FNDA:0,(anonymous_1)
DA:6,0
DA:10,0
DA:11,0
DA:16,0
DA:18,0
LF:5
LH:0
BRDA:16,0,0,0
BRDA:16,0,1,0
BRF:2
BRH:0
end_of_record
