TN:
SF:src\hooks\index.ts
FNF:0
FNH:0
LF:0
LH:0
BRF:0
BRH:0
end_of_record
TN:
SF:src\hooks\useAccessibility.tsx
FN:8,(anonymous_0)
FN:19,(anonymous_1)
FN:26,(anonymous_2)
FN:32,(anonymous_3)
FN:37,(anonymous_4)
FN:44,(anonymous_5)
FNF:6
FNH:0
FNDA:0,(anonymous_0)
FNDA:0,(anonymous_1)
FNDA:0,(anonymous_2)
FNDA:0,(anonymous_3)
FNDA:0,(anonymous_4)
FNDA:0,(anonymous_5)
DA:8,0
DA:9,0
DA:10,0
DA:11,0
DA:15,0
DA:19,0
DA:20,0
DA:21,0
DA:25,0
DA:28,0
DA:29,0
DA:32,0
DA:33,0
DA:37,0
DA:38,0
DA:44,0
DA:45,0
DA:55,0
LF:18
LH:0
BRDA:10,0,0,0
BRDA:10,0,1,0
BRDA:26,1,0,0
BRF:3
BRH:0
end_of_record
TN:
SF:src\hooks\useApiMutation.ts
FN:66,useApiMutation
FN:90,(anonymous_1)
FN:92,(anonymous_2)
FN:108,(anonymous_3)
FNF:4
FNH:3
FNDA:10,useApiMutation
FNDA:4,(anonymous_1)
FNDA:0,(anonymous_2)
FNDA:1,(anonymous_3)
DA:74,10
DA:75,10
DA:85,10
DA:87,10
DA:92,4
DA:93,0
DA:97,4
DA:99,2
DA:102,2
DA:106,4
DA:109,1
DA:112,1
LF:12
LH:11
BRDA:80,0,0,10
BRDA:81,1,0,10
BRDA:97,2,0,2
BRDA:97,2,1,2
BRDA:99,3,0,1
BRDA:99,3,1,1
BRF:6
BRH:6
end_of_record
TN:
SF:src\hooks\useApiQuery.ts
FN:38,useApiQuery
FNF:1
FNH:1
FNDA:7,useApiQuery
DA:41,7
LF:1
LH:1
BRF:0
BRH:0
end_of_record
TN:
SF:src\hooks\useAttendance.ts
FN:28,useAttendanceRecords
FN:31,(anonymous_1)
FN:36,useAttendanceGridData
FN:39,(anonymous_3)
FN:44,useRecentAttendance
FN:47,(anonymous_5)
FN:52,useCreateAttendance
FN:57,(anonymous_7)
FN:59,(anonymous_8)
FN:71,(anonymous_9)
FN:80,useUpdateAttendance
FN:85,(anonymous_11)
FN:87,(anonymous_12)
FN:99,(anonymous_13)
FN:108,useDeleteAttendance
FN:113,(anonymous_15)
FN:114,(anonymous_16)
FN:126,(anonymous_17)
FN:136,useEvents
FN:139,(anonymous_19)
FN:144,useActiveEvents
FN:147,(anonymous_21)
FN:152,useAnalysisEvents
FN:155,(anonymous_23)
FN:160,useCreateEvent
FN:165,(anonymous_25)
FN:167,(anonymous_26)
FN:171,(anonymous_27)
FN:180,useUpdateEvent
FN:185,(anonymous_29)
FN:187,(anonymous_30)
FN:191,(anonymous_31)
FN:201,useEventAnalytics
FN:204,(anonymous_33)
FN:211,useAllEventsAnalytics
FN:214,(anonymous_35)
FN:219,useMonthlyAnalyticsForAllEvents
FN:222,(anonymous_37)
FN:224,(anonymous_38)
FN:233,useDashboardWidgetData
FN:236,(anonymous_40)
FN:242,useEmailEventAnalytics
FN:246,(anonymous_42)
FN:256,(anonymous_43)
FN:259,(anonymous_44)
FN:268,useEmailAllEventsAnalytics
FN:272,(anonymous_46)
FN:274,(anonymous_47)
FN:280,(anonymous_48)
FN:290,useAttendanceValidation
FN:292,(anonymous_50)
FN:295,(anonymous_51)
FN:302,useAttendanceManagement
FN:319,useEventManagement
FNF:54
FNH:53
FNDA:4,useAttendanceRecords
FNDA:2,(anonymous_1)
FNDA:2,useAttendanceGridData
FNDA:1,(anonymous_3)
FNDA:2,useRecentAttendance
FNDA:1,(anonymous_5)
FNDA:5,useCreateAttendance
FNDA:2,(anonymous_7)
FNDA:1,(anonymous_8)
FNDA:1,(anonymous_9)
FNDA:5,useUpdateAttendance
FNDA:2,(anonymous_11)
FNDA:1,(anonymous_12)
FNDA:1,(anonymous_13)
FNDA:5,useDeleteAttendance
FNDA:2,(anonymous_15)
FNDA:1,(anonymous_16)
FNDA:1,(anonymous_17)
FNDA:2,useEvents
FNDA:1,(anonymous_19)
FNDA:2,useActiveEvents
FNDA:1,(anonymous_21)
FNDA:2,useAnalysisEvents
FNDA:1,(anonymous_23)
FNDA:5,useCreateEvent
FNDA:2,(anonymous_25)
FNDA:1,(anonymous_26)
FNDA:1,(anonymous_27)
FNDA:3,useUpdateEvent
FNDA:1,(anonymous_29)
FNDA:1,(anonymous_30)
FNDA:0,(anonymous_31)
FNDA:3,useEventAnalytics
FNDA:1,(anonymous_33)
FNDA:2,useAllEventsAnalytics
FNDA:1,(anonymous_35)
FNDA:4,useMonthlyAnalyticsForAllEvents
FNDA:2,(anonymous_37)
FNDA:1,(anonymous_38)
FNDA:2,useDashboardWidgetData
FNDA:1,(anonymous_40)
FNDA:4,useEmailEventAnalytics
FNDA:2,(anonymous_42)
FNDA:1,(anonymous_43)
FNDA:1,(anonymous_44)
FNDA:4,useEmailAllEventsAnalytics
FNDA:2,(anonymous_46)
FNDA:1,(anonymous_47)
FNDA:1,(anonymous_48)
FNDA:5,useAttendanceValidation
FNDA:1,(anonymous_50)
FNDA:1,(anonymous_51)
FNDA:1,useAttendanceManagement
FNDA:1,useEventManagement
DA:25,1
DA:29,4
DA:31,2
DA:37,2
DA:39,1
DA:45,2
DA:47,1
DA:53,5
DA:54,5
DA:56,5
DA:58,2
DA:60,1
DA:63,1
DA:66,1
DA:69,1
DA:72,1
DA:81,5
DA:82,5
DA:84,5
DA:86,2
DA:88,1
DA:91,1
DA:94,1
DA:97,1
DA:100,1
DA:109,5
DA:110,5
DA:112,5
DA:113,2
DA:115,1
DA:118,1
DA:121,1
DA:124,1
DA:127,1
DA:137,2
DA:139,1
DA:145,2
DA:147,1
DA:153,2
DA:155,1
DA:161,5
DA:162,5
DA:164,5
DA:166,2
DA:168,1
DA:169,1
DA:172,1
DA:181,3
DA:182,3
DA:184,3
DA:186,1
DA:188,1
DA:189,1
DA:192,0
DA:202,3
DA:205,1
DA:212,2
DA:214,1
DA:220,4
DA:223,2
DA:224,2
DA:225,1
DA:227,2
DA:234,2
DA:236,1
DA:243,4
DA:245,4
DA:255,2
DA:257,1
DA:260,1
DA:269,4
DA:271,4
DA:273,2
DA:275,1
DA:281,1
DA:291,5
DA:293,1
DA:296,1
DA:303,1
DA:304,1
DA:305,1
DA:306,1
DA:308,1
DA:320,1
DA:321,1
DA:322,1
DA:324,1
LF:87
LH:86
BRDA:203,0,0,2
BRDA:203,0,1,1
BRDA:205,1,0,1
BRDA:205,1,1,0
BRF:4
BRH:3
end_of_record
TN:
SF:src\hooks\useDataProtection.ts
FN:18,(anonymous_0)
FN:21,(anonymous_1)
FN:31,(anonymous_2)
FN:36,(anonymous_3)
FN:43,(anonymous_4)
FN:61,(anonymous_5)
FNF:6
FNH:6
FNDA:6,(anonymous_0)
FNDA:2,(anonymous_1)
FNDA:4,(anonymous_2)
FNDA:2,(anonymous_3)
FNDA:1,(anonymous_4)
FNDA:1,(anonymous_5)
DA:12,1
DA:18,1
DA:19,6
DA:21,2
DA:31,1
DA:32,4
DA:33,4
DA:35,4
DA:42,2
DA:45,1
DA:50,1
DA:55,1
DA:59,1
DA:62,1
LF:14
LH:14
BRDA:22,0,0,6
BRDA:22,0,1,5
BRF:2
BRH:2
end_of_record
TN:
SF:src\hooks\useDistricts.ts
FN:18,(anonymous_0)
FN:21,(anonymous_1)
FN:30,(anonymous_2)
FN:35,(anonymous_3)
FN:42,(anonymous_4)
FN:58,(anonymous_5)
FNF:6
FNH:6
FNDA:6,(anonymous_0)
FNDA:4,(anonymous_1)
FNDA:8,(anonymous_2)
FNDA:4,(anonymous_3)
FNDA:3,(anonymous_4)
FNDA:1,(anonymous_5)
DA:12,1
DA:18,1
DA:19,6
DA:21,4
DA:30,1
DA:31,8
DA:32,8
DA:34,8
DA:41,4
DA:44,3
DA:49,3
DA:53,3
DA:56,3
DA:59,1
LF:14
LH:14
BRDA:53,0,0,2
BRDA:53,0,1,1
BRF:2
BRH:2
end_of_record
TN:
SF:src\hooks\useEscapeKey.ts
FN:28,useEscapeKey
FN:32,(anonymous_1)
FN:35,(anonymous_2)
FN:43,(anonymous_3)
FNF:4
FNH:4
FNDA:9,useEscapeKey
FNDA:9,(anonymous_1)
FNDA:5,(anonymous_2)
FNDA:5,(anonymous_3)
DA:32,9
DA:33,9
DA:35,5
DA:36,5
DA:37,2
DA:38,2
DA:42,5
DA:43,5
LF:8
LH:8
BRDA:30,0,0,9
BRDA:33,1,0,4
BRDA:33,1,1,5
BRDA:33,2,0,9
BRDA:33,2,1,6
BRDA:36,3,0,2
BRDA:36,3,1,3
BRF:7
BRH:7
end_of_record
TN:
SF:src\hooks\useFocus.ts
FN:11,(anonymous_0)
FN:24,(anonymous_1)
FN:27,(anonymous_2)
FN:31,(anonymous_3)
FN:32,(anonymous_4)
FN:41,(anonymous_5)
FN:56,(anonymous_6)
FN:59,(anonymous_7)
FN:60,(anonymous_8)
FN:68,(anonymous_9)
FNF:10
FNH:9
FNDA:0,(anonymous_0)
FNDA:9,(anonymous_1)
FNDA:5,(anonymous_2)
FNDA:3,(anonymous_3)
FNDA:2,(anonymous_4)
FNDA:4,(anonymous_5)
FNDA:22,(anonymous_6)
FNDA:22,(anonymous_7)
FNDA:66,(anonymous_8)
FNDA:9,(anonymous_9)
DA:11,1
DA:12,0
DA:13,0
DA:14,0
DA:16,0
DA:24,1
DA:25,9
DA:27,9
DA:28,5
DA:29,5
DA:31,4
DA:32,4
DA:33,2
DA:34,1
DA:38,4
DA:39,4
DA:41,4
DA:42,4
DA:43,4
DA:47,9
DA:56,1
DA:57,22
DA:59,22
DA:60,22
DA:61,66
DA:62,66
DA:67,22
DA:69,9
DA:71,9
DA:74,3
DA:75,3
DA:76,3
DA:79,3
DA:80,3
DA:81,3
DA:83,1
DA:84,1
DA:85,1
DA:87,1
DA:88,1
DA:89,1
DA:92,9
DA:93,8
DA:94,8
DA:100,22
LF:45
LH:41
BRDA:13,0,0,0
BRDA:13,0,1,0
BRDA:29,1,0,1
BRDA:29,1,1,4
BRDA:33,2,0,1
BRDA:33,2,1,1
BRDA:61,3,0,66
BRDA:61,3,1,0
BRDA:62,4,0,22
BRDA:62,4,1,44
BRDA:71,5,0,2
BRDA:71,5,1,3
BRDA:71,5,2,2
BRDA:71,5,3,3
BRDA:71,5,4,1
BRDA:71,5,5,1
BRDA:92,6,0,8
BRDA:92,6,1,1
BRF:18
BRH:15
end_of_record
TN:
SF:src\hooks\useFormFocus.ts
FN:30,useFormFocus
FN:33,(anonymous_1)
FNF:2
FNH:2
FNDA:5,useFormFocus
FNDA:5,(anonymous_1)
DA:33,5
DA:34,5
DA:35,5
DA:38,3
DA:39,3
DA:42,3
DA:43,2
DA:44,2
DA:49,1
DA:52,1
LF:10
LH:10
BRDA:35,0,0,2
BRDA:35,0,1,3
BRDA:42,1,0,2
BRDA:42,1,1,1
BRF:4
BRH:4
end_of_record
TN:
SF:src\hooks\useNavigation.ts
FN:11,(anonymous_0)
FNF:1
FNH:1
FNDA:5,(anonymous_0)
DA:11,1
DA:12,5
DA:13,5
DA:14,2
DA:16,3
LF:5
LH:5
BRDA:13,0,0,2
BRDA:13,0,1,3
BRF:2
BRH:2
end_of_record
TN:
SF:src\hooks\useNotification.ts
FN:12,(anonymous_0)
FNF:1
FNH:1
FNDA:3,(anonymous_0)
DA:12,1
DA:13,3
DA:14,3
DA:15,2
DA:19,1
LF:5
LH:5
BRDA:14,0,0,2
BRDA:14,0,1,1
BRF:2
BRH:2
end_of_record
TN:
SF:src\hooks\useOptimisticList.ts
FN:48,useOptimisticList
FN:61,(anonymous_1)
FN:64,(anonymous_2)
FN:68,(anonymous_3)
FN:69,(anonymous_4)
FN:73,(anonymous_5)
FN:78,(anonymous_6)
FN:91,(anonymous_7)
FN:94,(anonymous_8)
FN:98,(anonymous_9)
FN:104,(anonymous_10)
FN:109,(anonymous_11)
FN:122,(anonymous_12)
FN:125,(anonymous_13)
FN:129,(anonymous_14)
FN:130,(anonymous_15)
FN:136,(anonymous_16)
FN:141,(anonymous_17)
FNF:18
FNH:18
FNDA:10,useOptimisticList
FNDA:4,(anonymous_1)
FNDA:3,(anonymous_2)
FNDA:3,(anonymous_3)
FNDA:9,(anonymous_4)
FNDA:1,(anonymous_5)
FNDA:1,(anonymous_6)
FNDA:3,(anonymous_7)
FNDA:2,(anonymous_8)
FNDA:2,(anonymous_9)
FNDA:1,(anonymous_10)
FNDA:1,(anonymous_11)
FNDA:3,(anonymous_12)
FNDA:2,(anonymous_13)
FNDA:2,(anonymous_14)
FNDA:4,(anonymous_15)
FNDA:1,(anonymous_16)
FNDA:1,(anonymous_17)
DA:52,10
DA:60,10
DA:63,4
DA:65,3
DA:66,3
DA:67,3
DA:68,3
DA:69,9
DA:71,3
DA:74,1
DA:75,1
DA:79,1
DA:90,10
DA:93,3
DA:95,2
DA:96,2
DA:97,2
DA:98,2
DA:102,2
DA:105,1
DA:106,1
DA:110,1
DA:121,10
DA:124,3
DA:126,2
DA:127,2
DA:128,2
DA:129,2
DA:131,4
DA:134,2
DA:137,1
DA:138,1
DA:142,1
DA:148,10
LF:34
LH:34
BRDA:69,0,0,3
BRDA:69,0,1,0
BRDA:74,1,0,1
BRDA:74,1,1,0
BRDA:99,2,0,2
BRDA:99,2,1,0
BRDA:105,3,0,1
BRDA:105,3,1,0
BRDA:130,4,0,2
BRDA:130,4,1,0
BRDA:131,5,0,2
BRDA:131,5,1,2
BRDA:137,6,0,1
BRDA:137,6,1,0
BRF:14
BRH:8
end_of_record
TN:
SF:src\hooks\useRBAC.ts
FN:81,(anonymous_0)
FN:86,(anonymous_1)
FN:99,(anonymous_2)
FN:114,(anonymous_3)
FN:119,(anonymous_4)
FN:123,(anonymous_5)
FN:124,(anonymous_6)
FN:125,(anonymous_7)
FN:128,(anonymous_8)
FN:129,(anonymous_9)
FN:131,(anonymous_10)
FN:135,(anonymous_11)
FN:136,(anonymous_12)
FN:139,(anonymous_13)
FN:152,(anonymous_14)
FN:157,(anonymous_15)
FN:190,(anonymous_16)
FN:198,(anonymous_17)
FN:206,(anonymous_18)
FN:214,(anonymous_19)
FN:222,(anonymous_20)
FN:230,(anonymous_21)
FN:238,(anonymous_22)
FN:246,(anonymous_23)
FNF:24
FNH:19
FNDA:31,(anonymous_0)
FNDA:30,(anonymous_1)
FNDA:30,(anonymous_2)
FNDA:30,(anonymous_3)
FNDA:30,(anonymous_4)
FNDA:5,(anonymous_5)
FNDA:2,(anonymous_6)
FNDA:4,(anonymous_7)
FNDA:3,(anonymous_8)
FNDA:2,(anonymous_9)
FNDA:2,(anonymous_10)
FNDA:1,(anonymous_11)
FNDA:2,(anonymous_12)
FNDA:2,(anonymous_13)
FNDA:2,(anonymous_14)
FNDA:3,(anonymous_15)
FNDA:0,(anonymous_16)
FNDA:0,(anonymous_17)
FNDA:0,(anonymous_18)
FNDA:0,(anonymous_19)
FNDA:0,(anonymous_20)
FNDA:2,(anonymous_21)
FNDA:2,(anonymous_22)
FNDA:2,(anonymous_23)
DA:81,1
DA:82,31
DA:85,31
DA:86,30
DA:98,31
DA:99,30
DA:114,31
DA:115,30
DA:118,31
DA:119,30
DA:123,5
DA:124,2
DA:125,4
DA:128,3
DA:129,2
DA:131,2
DA:135,1
DA:136,2
DA:144,2
DA:145,1
DA:153,2
DA:154,1
DA:163,3
DA:164,1
DA:166,2
DA:183,31
DA:190,1
DA:191,0
DA:192,0
DA:198,1
DA:199,0
DA:200,0
DA:206,1
DA:207,0
DA:208,0
DA:214,1
DA:215,0
DA:216,0
DA:222,1
DA:223,0
DA:224,0
DA:230,1
DA:231,2
DA:232,2
DA:238,1
DA:243,2
DA:245,2
DA:246,2
LF:48
LH:38
BRDA:106,0,0,30
BRDA:106,0,1,21
BRDA:142,1,0,2
BRDA:144,2,0,1
BRDA:144,2,1,1
BRDA:153,3,0,1
BRDA:153,3,1,1
BRDA:161,4,0,3
BRDA:163,5,0,1
BRDA:163,5,1,2
BRDA:241,6,0,2
BRF:11
BRH:11
end_of_record
TN:
SF:src\hooks\useRegisterNumbers.ts
FN:21,useRegisterNumberPreview
FN:24,(anonymous_1)
FN:35,useRegisterNumberStatus
FN:38,(anonymous_3)
FN:46,useGenerateRegisterNumbers
FN:51,(anonymous_5)
FN:53,(anonymous_6)
FN:62,(anonymous_7)
FN:73,useRegisterNumbers
FNF:9
FNH:9
FNDA:7,useRegisterNumberPreview
FNDA:2,(anonymous_1)
FNDA:6,useRegisterNumberStatus
FNDA:3,(anonymous_3)
FNDA:6,useGenerateRegisterNumbers
FNDA:2,(anonymous_5)
FNDA:1,(anonymous_6)
FNDA:1,(anonymous_7)
FNDA:2,useRegisterNumbers
DA:14,1
DA:22,7
DA:24,2
DA:36,6
DA:38,3
DA:47,6
DA:48,6
DA:50,6
DA:52,2
DA:55,1
DA:56,1
DA:58,1
DA:63,1
DA:74,2
DA:75,2
DA:76,2
DA:78,2
LF:17
LH:17
BRDA:21,0,0,7
BRDA:82,1,0,2
BRDA:82,1,1,2
BRF:3
BRH:3
end_of_record
TN:
SF:src\hooks\useReminderCategories.ts
FN:21,(anonymous_0)
FN:24,(anonymous_1)
FN:32,(anonymous_2)
FN:35,(anonymous_3)
FN:44,(anonymous_4)
FN:49,(anonymous_5)
FN:51,(anonymous_6)
FN:60,(anonymous_7)
FN:70,(anonymous_8)
FN:75,(anonymous_9)
FN:82,(anonymous_10)
FN:91,(anonymous_11)
FN:102,(anonymous_12)
FN:107,(anonymous_13)
FN:108,(anonymous_14)
FN:117,(anonymous_15)
FNF:16
FNH:16
FNDA:6,(anonymous_0)
FNDA:3,(anonymous_1)
FNDA:3,(anonymous_2)
FNDA:1,(anonymous_3)
FNDA:4,(anonymous_4)
FNDA:2,(anonymous_5)
FNDA:1,(anonymous_6)
FNDA:1,(anonymous_7)
FNDA:4,(anonymous_8)
FNDA:2,(anonymous_9)
FNDA:1,(anonymous_10)
FNDA:1,(anonymous_11)
FNDA:4,(anonymous_12)
FNDA:2,(anonymous_13)
FNDA:1,(anonymous_14)
FNDA:1,(anonymous_15)
DA:15,1
DA:21,1
DA:22,6
DA:24,3
DA:32,1
DA:33,3
DA:35,1
DA:44,1
DA:45,4
DA:46,4
DA:48,4
DA:50,2
DA:52,1
DA:55,1
DA:58,1
DA:61,1
DA:70,1
DA:71,4
DA:72,4
DA:74,4
DA:81,2
DA:83,1
DA:86,1
DA:89,1
DA:92,1
DA:102,1
DA:103,4
DA:104,4
DA:106,4
DA:107,2
DA:109,1
DA:112,1
DA:115,1
DA:118,1
LF:34
LH:34
BRF:0
BRH:0
end_of_record
TN:
SF:src\hooks\useReminders.ts
FN:24,(anonymous_0)
FN:27,(anonymous_1)
FN:46,(anonymous_2)
FN:49,(anonymous_3)
FN:58,(anonymous_4)
FN:63,(anonymous_5)
FN:69,(anonymous_6)
FN:76,(anonymous_7)
FN:88,(anonymous_8)
FN:93,(anonymous_9)
FN:100,(anonymous_10)
FN:106,(anonymous_11)
FN:117,(anonymous_12)
FN:122,(anonymous_13)
FN:129,(anonymous_14)
FN:138,(anonymous_15)
FN:149,(anonymous_16)
FN:154,(anonymous_17)
FN:155,(anonymous_18)
FN:161,(anonymous_19)
FN:172,(anonymous_20)
FN:175,(anonymous_21)
FNF:22
FNH:22
FNDA:6,(anonymous_0)
FNDA:3,(anonymous_1)
FNDA:3,(anonymous_2)
FNDA:1,(anonymous_3)
FNDA:4,(anonymous_4)
FNDA:2,(anonymous_5)
FNDA:1,(anonymous_6)
FNDA:1,(anonymous_7)
FNDA:4,(anonymous_8)
FNDA:2,(anonymous_9)
FNDA:1,(anonymous_10)
FNDA:1,(anonymous_11)
FNDA:6,(anonymous_12)
FNDA:3,(anonymous_13)
FNDA:2,(anonymous_14)
FNDA:1,(anonymous_15)
FNDA:4,(anonymous_16)
FNDA:2,(anonymous_17)
FNDA:1,(anonymous_18)
FNDA:1,(anonymous_19)
FNDA:4,(anonymous_20)
FNDA:2,(anonymous_21)
DA:17,1
DA:24,1
DA:25,6
DA:28,3
DA:29,3
DA:30,2
DA:31,2
DA:37,2
DA:46,1
DA:47,3
DA:49,1
DA:58,1
DA:59,4
DA:60,4
DA:62,4
DA:64,2
DA:65,2
DA:66,1
DA:67,1
DA:70,1
DA:71,1
DA:74,1
DA:77,1
DA:78,1
DA:88,1
DA:89,4
DA:90,4
DA:92,4
DA:99,2
DA:101,1
DA:104,1
DA:107,1
DA:117,1
DA:118,6
DA:119,6
DA:121,6
DA:128,3
DA:130,2
DA:133,2
DA:136,2
DA:139,1
DA:149,1
DA:150,4
DA:151,4
DA:153,4
DA:154,2
DA:156,1
DA:159,1
DA:162,1
DA:172,1
DA:173,4
DA:175,2
LF:52
LH:52
BRDA:133,0,0,1
BRDA:133,0,1,1
BRF:2
BRH:2
end_of_record
TN:
SF:src\hooks\useRiskAssessments.ts
FN:28,(anonymous_0)
FN:41,(anonymous_1)
FN:48,(anonymous_2)
FN:57,(anonymous_3)
FN:60,(anonymous_4)
FN:69,(anonymous_5)
FN:74,(anonymous_6)
FN:76,(anonymous_7)
FN:82,(anonymous_8)
FN:93,(anonymous_9)
FN:96,(anonymous_10)
FN:105,(anonymous_11)
FN:110,(anonymous_12)
FN:117,(anonymous_13)
FN:123,(anonymous_14)
FN:134,(anonymous_15)
FN:139,(anonymous_16)
FN:140,(anonymous_17)
FN:146,(anonymous_18)
FN:157,(anonymous_19)
FN:162,(anonymous_20)
FN:169,(anonymous_21)
FN:189,(anonymous_22)
FN:201,(anonymous_23)
FN:204,(anonymous_24)
FN:212,(anonymous_25)
FN:215,(anonymous_26)
FN:223,(anonymous_27)
FN:228,(anonymous_28)
FN:230,(anonymous_29)
FN:236,(anonymous_30)
FN:246,(anonymous_31)
FN:251,(anonymous_32)
FN:258,(anonymous_33)
FN:267,(anonymous_34)
FN:277,(anonymous_35)
FN:282,(anonymous_36)
FN:283,(anonymous_37)
FN:289,(anonymous_38)
FNF:39
FNH:39
FNDA:5,(anonymous_0)
FNDA:3,(anonymous_1)
FNDA:15,(anonymous_2)
FNDA:3,(anonymous_3)
FNDA:1,(anonymous_4)
FNDA:4,(anonymous_5)
FNDA:2,(anonymous_6)
FNDA:1,(anonymous_7)
FNDA:1,(anonymous_8)
FNDA:3,(anonymous_9)
FNDA:1,(anonymous_10)
FNDA:4,(anonymous_11)
FNDA:2,(anonymous_12)
FNDA:1,(anonymous_13)
FNDA:1,(anonymous_14)
FNDA:4,(anonymous_15)
FNDA:2,(anonymous_16)
FNDA:1,(anonymous_17)
FNDA:1,(anonymous_18)
FNDA:8,(anonymous_19)
FNDA:4,(anonymous_20)
FNDA:3,(anonymous_21)
FNDA:1,(anonymous_22)
FNDA:2,(anonymous_23)
FNDA:1,(anonymous_24)
FNDA:2,(anonymous_25)
FNDA:1,(anonymous_26)
FNDA:4,(anonymous_27)
FNDA:2,(anonymous_28)
FNDA:1,(anonymous_29)
FNDA:1,(anonymous_30)
FNDA:4,(anonymous_31)
FNDA:2,(anonymous_32)
FNDA:1,(anonymous_33)
FNDA:1,(anonymous_34)
FNDA:4,(anonymous_35)
FNDA:2,(anonymous_36)
FNDA:1,(anonymous_37)
FNDA:1,(anonymous_38)
DA:18,1
DA:28,1
DA:34,5
DA:42,3
DA:48,15
DA:57,1
DA:58,3
DA:60,1
DA:69,1
DA:70,4
DA:71,4
DA:73,4
DA:75,2
DA:77,1
DA:80,1
DA:83,1
DA:93,1
DA:94,3
DA:96,1
DA:105,1
DA:106,4
DA:107,4
DA:109,4
DA:116,2
DA:118,1
DA:121,1
DA:124,1
DA:134,1
DA:135,4
DA:136,4
DA:138,4
DA:139,2
DA:141,1
DA:144,1
DA:147,1
DA:157,1
DA:158,8
DA:159,8
DA:161,8
DA:168,4
DA:170,3
DA:174,3
DA:175,2
DA:182,2
DA:184,1
DA:190,1
DA:201,1
DA:202,2
DA:204,1
DA:212,1
DA:213,2
DA:215,1
DA:223,1
DA:224,4
DA:225,4
DA:227,4
DA:229,2
DA:231,1
DA:234,1
DA:237,1
DA:246,1
DA:247,4
DA:248,4
DA:250,4
DA:257,2
DA:259,1
DA:262,1
DA:265,1
DA:268,1
DA:277,1
DA:278,4
DA:279,4
DA:281,4
DA:282,2
DA:284,1
DA:287,1
DA:290,1
LF:77
LH:77
BRDA:174,0,0,2
BRDA:174,0,1,1
BRDA:175,1,0,1
BRDA:175,1,1,1
BRF:4
BRH:4
end_of_record
TN:
SF:src\hooks\useTheme.ts
FN:10,(anonymous_0)
FNF:1
FNH:1
FNDA:4,(anonymous_0)
DA:10,1
DA:11,4
DA:12,4
DA:13,2
DA:15,2
LF:5
LH:5
BRDA:12,0,0,2
BRDA:12,0,1,2
BRF:2
BRH:2
end_of_record
TN:
SF:src\hooks\useToast.ts
FN:20,(anonymous_0)
FN:24,(anonymous_1)
FN:41,(anonymous_2)
FN:45,(anonymous_3)
FN:46,(anonymous_4)
FN:46,(anonymous_5)
FN:55,(anonymous_6)
FN:56,(anonymous_7)
FN:56,(anonymous_8)
FN:60,(anonymous_9)
FN:67,(anonymous_10)
FN:74,(anonymous_11)
FN:81,(anonymous_12)
FN:87,(anonymous_13)
FNF:14
FNH:14
FNDA:57,(anonymous_0)
FNDA:26,(anonymous_1)
FNDA:26,(anonymous_2)
FNDA:2,(anonymous_3)
FNDA:2,(anonymous_4)
FNDA:2,(anonymous_5)
FNDA:3,(anonymous_6)
FNDA:3,(anonymous_7)
FNDA:4,(anonymous_8)
FNDA:2,(anonymous_9)
FNDA:2,(anonymous_10)
FNDA:1,(anonymous_11)
FNDA:1,(anonymous_12)
FNDA:2,(anonymous_13)
DA:20,1
DA:21,57
DA:23,57
DA:32,26
DA:33,26
DA:41,26
DA:44,26
DA:45,26
DA:46,2
DA:50,26
DA:55,57
DA:56,4
DA:59,57
DA:61,2
DA:66,57
DA:68,2
DA:73,57
DA:75,1
DA:80,57
DA:82,1
DA:87,57
DA:88,2
DA:91,57
LF:23
LH:23
BRDA:37,0,0,26
BRDA:37,0,1,19
BRDA:38,1,0,26
BRDA:38,1,1,11
BRDA:44,2,0,26
BRDA:44,2,1,0
BRDA:44,3,0,26
BRDA:44,3,1,26
BRF:8
BRH:7
end_of_record
TN:
SF:src\hooks\useTokenRefresh.ts
FN:22,(anonymous_0)
FN:37,(anonymous_1)
FN:43,(anonymous_2)
FN:45,(anonymous_3)
FN:46,(anonymous_4)
FN:93,(anonymous_5)
FN:95,(anonymous_6)
FN:113,(anonymous_7)
FN:121,(anonymous_8)
FN:123,(anonymous_9)
FN:140,(anonymous_10)
FN:151,(anonymous_11)
FN:167,(anonymous_12)
FN:175,(anonymous_13)
FN:176,(anonymous_14)
FNF:15
FNH:13
FNDA:21,(anonymous_0)
FNDA:14,(anonymous_1)
FNDA:14,(anonymous_2)
FNDA:4,(anonymous_3)
FNDA:4,(anonymous_4)
FNDA:0,(anonymous_5)
FNDA:0,(anonymous_6)
FNDA:14,(anonymous_7)
FNDA:3,(anonymous_8)
FNDA:3,(anonymous_9)
FNDA:2,(anonymous_10)
FNDA:2,(anonymous_11)
FNDA:3,(anonymous_12)
FNDA:1,(anonymous_13)
FNDA:1,(anonymous_14)
DA:22,1
DA:23,21
DA:25,21
DA:33,21
DA:34,21
DA:37,21
DA:38,14
DA:39,14
DA:43,21
DA:45,14
DA:46,4
DA:47,4
DA:50,2
DA:59,2
DA:60,1
DA:61,1
DA:67,2
DA:71,2
DA:72,2
DA:79,2
DA:80,1
DA:81,1
DA:87,2
DA:93,14
DA:94,0
DA:95,0
DA:96,0
DA:97,0
DA:102,0
DA:107,14
DA:110,14
DA:113,14
DA:114,14
DA:115,14
DA:116,14
DA:121,21
DA:122,3
DA:123,3
DA:129,3
DA:131,1
DA:132,0
DA:135,1
DA:138,2
DA:140,2
DA:146,2
DA:151,21
DA:152,2
DA:153,2
DA:155,1
DA:156,1
DA:158,1
DA:167,21
DA:168,3
DA:175,21
DA:176,1
DA:182,21
LF:56
LH:50
BRDA:22,0,0,21
BRDA:23,1,0,21
BRDA:47,2,0,2
BRDA:47,2,1,2
BRDA:59,3,0,1
BRDA:59,3,1,1
BRDA:79,4,0,1
BRDA:79,4,1,1
BRDA:96,5,0,0
BRDA:96,5,1,0
BRDA:131,6,0,0
BRDA:131,6,1,1
BRDA:138,7,0,2
BRDA:138,7,1,0
BRDA:153,8,0,1
BRDA:153,8,1,1
BRDA:169,9,0,3
BRDA:169,9,1,2
BRDA:169,9,2,1
BRF:19
BRH:15
end_of_record
TN:
SF:src\services\attendanceAnalyticsService.ts
FN:24,(anonymous_0)
FN:33,(anonymous_1)
FN:35,(anonymous_2)
FN:45,(anonymous_3)
FN:48,(anonymous_4)
FN:62,(anonymous_5)
FN:75,(anonymous_6)
FN:128,(anonymous_7)
FN:138,(anonymous_8)
FN:164,(anonymous_9)
FN:170,(anonymous_10)
FN:183,(anonymous_11)
FN:194,(anonymous_12)
FN:201,(anonymous_13)
FN:218,(anonymous_14)
FN:224,(anonymous_15)
FN:230,(anonymous_16)
FN:246,(anonymous_17)
FN:263,(anonymous_18)
FN:275,(anonymous_19)
FN:285,(anonymous_20)
FN:293,(anonymous_21)
FN:297,(anonymous_22)
FN:311,(anonymous_23)
FN:318,(anonymous_24)
FN:330,(anonymous_25)
FN:334,(anonymous_26)
FN:348,(anonymous_27)
FN:364,(anonymous_28)
FN:367,(anonymous_29)
FN:390,(anonymous_30)
FN:402,(anonymous_31)
FN:404,(anonymous_32)
FN:407,(anonymous_33)
FN:413,(anonymous_34)
FN:423,(anonymous_35)
FN:429,(anonymous_36)
FN:452,(anonymous_37)
FN:458,(anonymous_38)
FN:464,(anonymous_39)
FNF:40
FNH:39
FNDA:8,(anonymous_0)
FNDA:2,(anonymous_1)
FNDA:2,(anonymous_2)
FNDA:7,(anonymous_3)
FNDA:7,(anonymous_4)
FNDA:10,(anonymous_5)
FNDA:13,(anonymous_6)
FNDA:7,(anonymous_7)
FNDA:2,(anonymous_8)
FNDA:2,(anonymous_9)
FNDA:3,(anonymous_10)
FNDA:3,(anonymous_11)
FNDA:2,(anonymous_12)
FNDA:1,(anonymous_13)
FNDA:2,(anonymous_14)
FNDA:2,(anonymous_15)
FNDA:3,(anonymous_16)
FNDA:1,(anonymous_17)
FNDA:1,(anonymous_18)
FNDA:2,(anonymous_19)
FNDA:2,(anonymous_20)
FNDA:2,(anonymous_21)
FNDA:2,(anonymous_22)
FNDA:7,(anonymous_23)
FNDA:17,(anonymous_24)
FNDA:16,(anonymous_25)
FNDA:17,(anonymous_26)
FNDA:20,(anonymous_27)
FNDA:6,(anonymous_28)
FNDA:6,(anonymous_29)
FNDA:2,(anonymous_30)
FNDA:3,(anonymous_31)
FNDA:4,(anonymous_32)
FNDA:2,(anonymous_33)
FNDA:0,(anonymous_34)
FNDA:1,(anonymous_35)
FNDA:1,(anonymous_36)
FNDA:6,(anonymous_37)
FNDA:6,(anonymous_38)
FNDA:10,(anonymous_39)
DA:27,8
DA:34,2
DA:35,2
DA:36,2
DA:39,2
DA:48,7
DA:65,10
DA:66,3
DA:70,7
DA:75,7
DA:76,13
DA:77,13
DA:78,13
DA:79,13
DA:81,13
DA:82,12
DA:90,13
DA:91,13
DA:92,13
DA:96,7
DA:111,7
DA:113,7
DA:114,12
DA:115,12
DA:116,12
DA:118,12
DA:128,7
DA:129,7
DA:130,7
DA:131,7
DA:141,2
DA:143,2
DA:144,2
DA:146,2
DA:147,2
DA:149,2
DA:157,2
DA:158,2
DA:165,2
DA:166,2
DA:167,2
DA:170,2
DA:171,3
DA:172,3
DA:179,2
DA:181,2
DA:183,2
DA:184,3
DA:185,3
DA:193,2
DA:194,2
DA:199,2
DA:201,1
DA:208,2
DA:214,2
DA:217,2
DA:218,2
DA:221,2
DA:224,2
DA:230,3
DA:251,1
DA:257,1
DA:264,1
DA:269,1
DA:282,2
DA:284,1
DA:285,2
DA:288,1
DA:292,2
DA:293,2
DA:297,2
DA:298,2
DA:301,2
DA:316,7
DA:318,7
DA:319,17
DA:320,17
DA:322,17
DA:323,16
DA:325,17
DA:329,7
DA:331,16
DA:332,16
DA:333,16
DA:334,17
DA:338,16
DA:348,20
DA:354,7
DA:359,7
DA:360,2
DA:361,2
DA:364,6
DA:367,6
DA:370,2
DA:371,2
DA:373,2
DA:381,7
DA:398,2
DA:399,2
DA:401,2
DA:403,3
DA:404,4
DA:406,3
DA:407,2
DA:411,3
DA:412,3
DA:413,0
DA:416,3
DA:423,1
DA:435,1
DA:436,1
DA:440,1
DA:446,1
DA:456,6
DA:457,4
DA:458,6
DA:464,10
DA:467,2
DA:472,1
LF:119
LH:118
BRDA:65,0,0,3
BRDA:65,0,1,7
BRDA:65,1,0,10
BRDA:65,1,1,9
BRDA:81,2,0,12
BRDA:81,2,1,1
BRDA:173,3,0,3
BRDA:173,3,1,2
BRDA:179,4,0,0
BRDA:179,4,1,2
BRDA:181,5,0,0
BRDA:181,5,1,2
BRDA:186,6,0,3
BRDA:186,6,1,1
BRDA:193,7,0,1
BRDA:193,7,1,1
BRDA:199,8,0,1
BRDA:199,8,1,1
BRDA:208,9,0,1
BRDA:208,9,1,1
BRDA:214,10,0,1
BRDA:214,10,1,1
BRDA:214,11,0,0
BRDA:214,11,1,1
BRDA:228,12,0,1
BRDA:228,12,1,1
BRDA:282,13,0,1
BRDA:282,13,1,1
BRDA:282,14,0,2
BRDA:282,14,1,1
BRDA:322,15,0,16
BRDA:322,15,1,1
BRDA:359,16,0,2
BRDA:359,16,1,5
BRDA:370,17,0,2
BRDA:370,17,1,0
BRDA:375,18,0,1
BRDA:375,18,1,1
BRDA:375,19,0,1
BRDA:375,19,1,0
BRDA:411,20,0,2
BRDA:411,20,1,1
BRDA:420,21,0,2
BRDA:420,21,1,1
BRDA:456,22,0,4
BRDA:456,22,1,2
BRF:46
BRH:41
end_of_record
TN:
SF:src\services\attendanceService.ts
FN:105,(anonymous_0)
FN:112,(anonymous_1)
FN:123,(anonymous_2)
FN:129,(anonymous_3)
FN:135,(anonymous_4)
FN:140,(anonymous_5)
FN:157,(anonymous_6)
FN:183,(anonymous_7)
FN:206,(anonymous_8)
FN:215,(anonymous_9)
FN:224,(anonymous_10)
FN:231,(anonymous_11)
FN:242,(anonymous_12)
FN:251,(anonymous_13)
FN:257,(anonymous_14)
FN:266,(anonymous_15)
FN:268,(anonymous_16)
FN:274,(anonymous_17)
FN:280,(anonymous_18)
FN:281,(anonymous_19)
FN:291,(anonymous_20)
FN:332,(anonymous_21)
FN:344,(anonymous_22)
FN:364,(anonymous_23)
FN:373,(anonymous_24)
FN:385,(anonymous_25)
FN:419,(anonymous_26)
FN:431,(anonymous_27)
FN:442,(anonymous_28)
FN:451,(anonymous_29)
FN:462,(anonymous_30)
FN:470,(anonymous_31)
FN:481,(anonymous_32)
FNF:33
FNH:33
FNDA:22,(anonymous_0)
FNDA:13,(anonymous_1)
FNDA:3,(anonymous_2)
FNDA:2,(anonymous_3)
FNDA:2,(anonymous_4)
FNDA:31,(anonymous_5)
FNDA:27,(anonymous_6)
FNDA:62,(anonymous_7)
FNDA:1,(anonymous_8)
FNDA:1,(anonymous_9)
FNDA:1,(anonymous_10)
FNDA:1,(anonymous_11)
FNDA:1,(anonymous_12)
FNDA:3,(anonymous_13)
FNDA:3,(anonymous_14)
FNDA:2,(anonymous_15)
FNDA:4,(anonymous_16)
FNDA:2,(anonymous_17)
FNDA:5,(anonymous_18)
FNDA:4,(anonymous_19)
FNDA:1,(anonymous_20)
FNDA:1,(anonymous_21)
FNDA:2,(anonymous_22)
FNDA:1,(anonymous_23)
FNDA:2,(anonymous_24)
FNDA:1,(anonymous_25)
FNDA:3,(anonymous_26)
FNDA:3,(anonymous_27)
FNDA:1,(anonymous_28)
FNDA:1,(anonymous_29)
FNDA:1,(anonymous_30)
FNDA:1,(anonymous_31)
FNDA:1,(anonymous_32)
DA:100,31
DA:106,22
DA:116,13
DA:119,13
DA:121,13
DA:122,2
DA:123,3
DA:127,13
DA:128,1
DA:129,2
DA:133,13
DA:134,1
DA:135,2
DA:140,13
DA:141,31
DA:142,31
DA:144,31
DA:145,26
DA:146,25
DA:150,13
DA:151,13
DA:152,13
DA:153,13
DA:154,13
DA:157,27
DA:171,13
DA:187,62
DA:189,4
DA:191,50
DA:193,2
DA:195,2
DA:197,2
DA:199,2
DA:209,1
DA:218,1
DA:225,1
DA:234,1
DA:245,1
DA:255,3
DA:256,3
DA:258,3
DA:267,2
DA:268,4
DA:275,2
DA:276,2
DA:277,2
DA:279,2
DA:280,5
DA:281,4
DA:295,1
DA:296,1
DA:300,1
DA:313,2
DA:327,9
DA:335,1
DA:350,2
DA:351,2
DA:352,2
DA:353,2
DA:354,2
DA:356,2
DA:365,1
DA:377,2
DA:388,1
DA:389,1
DA:394,2
DA:414,10
DA:422,3
DA:434,3
DA:443,1
DA:452,1
DA:453,1
DA:463,1
DA:464,1
DA:471,1
DA:472,1
DA:482,1
DA:483,1
DA:488,2
LF:79
LH:79
BRDA:121,0,0,2
BRDA:121,0,1,11
BRDA:127,1,0,1
BRDA:127,1,1,12
BRDA:133,2,0,1
BRDA:133,2,1,12
BRDA:144,3,0,5
BRDA:144,3,1,26
BRDA:144,4,0,5
BRDA:144,4,1,0
BRDA:145,5,0,1
BRDA:145,5,1,25
BRDA:145,6,0,0
BRDA:145,6,1,1
BRDA:187,7,0,4
BRDA:187,7,1,50
BRDA:187,7,2,2
BRDA:187,7,3,2
BRDA:187,7,4,2
BRDA:187,7,5,2
BRDA:258,8,0,3
BRDA:258,8,1,2
BRDA:347,9,0,2
BRDA:348,10,0,2
BRDA:351,11,0,1
BRDA:351,11,1,1
BRDA:352,12,0,1
BRDA:352,12,1,1
BRF:28
BRH:26
end_of_record
TN:
SF:src\services\emailService.ts
FN:20,(anonymous_0)
FN:43,(anonymous_1)
FN:66,(anonymous_2)
FN:74,(anonymous_3)
FNF:4
FNH:3
FNDA:6,(anonymous_0)
FNDA:0,(anonymous_1)
FNDA:9,(anonymous_2)
FNDA:3,(anonymous_3)
DA:20,1
DA:23,6
DA:24,6
DA:25,6
DA:26,6
DA:27,6
DA:29,6
DA:30,1
DA:37,6
DA:42,4
DA:43,1
DA:44,1
DA:49,3
DA:50,3
DA:55,3
DA:56,3
DA:66,1
DA:67,9
DA:68,9
DA:74,1
DA:75,3
LF:21
LH:21
BRDA:29,0,0,1
BRDA:29,0,1,5
BRDA:33,1,0,1
BRDA:33,1,1,0
BRDA:42,2,0,1
BRDA:42,2,1,3
BRDA:45,3,0,1
BRDA:45,3,1,0
BRDA:52,4,0,3
BRDA:52,4,1,0
BRDA:58,5,0,2
BRDA:58,5,1,1
BRF:12
BRH:9
end_of_record
TN:
SF:src\services\envelopeTemplateParser.ts
FN:21,parseEnvelopeTemplate
FN:250,readFileAsArrayBuffer
FN:251,(anonymous_2)
FN:253,(anonymous_3)
FN:261,(anonymous_4)
FN:269,parseExcelDate
FNF:6
FNH:5
FNDA:18,parseEnvelopeTemplate
FNDA:16,readFileAsArrayBuffer
FNDA:16,(anonymous_2)
FNDA:16,(anonymous_3)
FNDA:0,(anonymous_4)
FNDA:14,parseExcelDate
DA:24,18
DA:25,18
DA:26,18
DA:28,18
DA:30,18
DA:31,18
DA:32,1
DA:37,1
DA:41,17
DA:46,1
DA:51,1
DA:55,16
DA:58,16
DA:61,16
DA:64,16
DA:65,16
DA:66,0
DA:71,0
DA:74,16
DA:77,16
DA:78,16
DA:79,2
DA:85,2
DA:89,14
DA:90,14
DA:91,1
DA:97,1
DA:101,13
DA:102,1
DA:111,1
DA:118,1
DA:122,12
DA:123,12
DA:125,12
DA:126,5490
DA:128,5490
DA:130,5490
DA:133,5490
DA:138,5463
DA:139,5462
DA:140,5462
DA:141,5451
DA:143,1
DA:148,27
DA:149,5490
DA:151,5490
DA:152,1
DA:158,1
DA:159,1
DA:162,26
DA:163,1
DA:169,1
DA:170,1
DA:174,25
DA:175,25
DA:176,25
DA:177,2
DA:183,2
DA:184,2
DA:188,23
DA:189,23
DA:190,23
DA:191,2
DA:197,2
DA:198,2
DA:202,21
DA:205,21
DA:211,21
DA:212,21
DA:215,21
DA:219,12
DA:220,1
DA:226,1
DA:229,11
DA:237,0
DA:243,0
DA:251,16
DA:252,16
DA:253,16
DA:254,16
DA:255,16
DA:256,16
DA:258,0
DA:261,16
DA:262,16
DA:270,14
DA:272,14
DA:273,12
DA:277,2
DA:279,0
DA:280,0
DA:281,0
DA:282,0
DA:286,2
DA:287,2
DA:288,2
DA:289,1
DA:293,1
DA:295,0
LF:99
LH:89
BRDA:31,0,0,1
BRDA:31,0,1,17
BRDA:41,1,0,1
BRDA:41,1,1,16
BRDA:42,2,0,17
BRDA:42,2,1,1
BRDA:65,3,0,0
BRDA:65,3,1,16
BRDA:78,4,0,2
BRDA:78,4,1,14
BRDA:78,5,0,16
BRDA:78,5,1,15
BRDA:90,6,0,1
BRDA:90,6,1,13
BRDA:101,7,0,1
BRDA:101,7,1,12
BRDA:133,8,0,5463
BRDA:133,8,1,27
BRDA:133,9,0,5490
BRDA:133,9,1,28
BRDA:133,9,2,5464
BRDA:133,9,3,2
BRDA:138,10,0,5462
BRDA:138,10,1,1
BRDA:140,11,0,11
BRDA:140,11,1,5451
BRDA:148,12,0,27
BRDA:148,12,1,27
BRDA:149,13,0,5490
BRDA:149,13,1,27
BRDA:151,14,0,1
BRDA:151,14,1,5489
BRDA:151,15,0,5490
BRDA:151,15,1,26
BRDA:162,16,0,1
BRDA:162,16,1,25
BRDA:162,17,0,26
BRDA:162,17,1,1
BRDA:176,18,0,2
BRDA:176,18,1,23
BRDA:176,19,0,25
BRDA:176,19,1,24
BRDA:190,20,0,2
BRDA:190,20,1,21
BRDA:190,21,0,23
BRDA:190,21,1,22
BRDA:215,22,0,0
BRDA:215,22,1,21
BRDA:219,23,0,1
BRDA:219,23,1,11
BRDA:255,24,0,16
BRDA:255,24,1,0
BRDA:272,25,0,12
BRDA:272,25,1,2
BRDA:277,26,0,0
BRDA:277,26,1,2
BRDA:286,27,0,2
BRDA:286,27,1,0
BRDA:288,28,0,1
BRDA:288,28,1,1
BRF:60
BRH:55
end_of_record
TN:
SF:src\services\eventService.ts
FN:43,(anonymous_0)
FN:50,(anonymous_1)
FN:52,(anonymous_2)
FN:58,(anonymous_3)
FN:60,(anonymous_4)
FN:66,(anonymous_5)
FN:69,(anonymous_6)
FN:79,(anonymous_7)
FN:86,(anonymous_8)
FN:93,(anonymous_9)
FN:110,(anonymous_10)
FN:127,(anonymous_11)
FN:132,(anonymous_12)
FN:141,(anonymous_13)
FN:150,(anonymous_14)
FN:153,(anonymous_15)
FNF:16
FNH:16
FNDA:22,(anonymous_0)
FNDA:3,(anonymous_1)
FNDA:6,(anonymous_2)
FNDA:2,(anonymous_3)
FNDA:5,(anonymous_4)
FNDA:8,(anonymous_5)
FNDA:5,(anonymous_6)
FNDA:1,(anonymous_7)
FNDA:4,(anonymous_8)
FNDA:3,(anonymous_9)
FNDA:2,(anonymous_10)
FNDA:3,(anonymous_11)
FNDA:6,(anonymous_12)
FNDA:1,(anonymous_13)
FNDA:4,(anonymous_14)
FNDA:4,(anonymous_15)
DA:38,26
DA:44,22
DA:51,3
DA:52,6
DA:59,2
DA:60,5
DA:67,8
DA:68,8
DA:69,6
DA:71,2
DA:72,2
DA:80,1
DA:87,4
DA:94,3
DA:95,3
DA:96,1
DA:99,2
DA:104,2
DA:111,2
DA:112,2
DA:113,1
DA:116,1
DA:121,1
DA:128,3
DA:129,3
DA:131,3
DA:133,6
DA:144,1
DA:151,4
DA:152,4
DA:154,4
DA:161,2
LF:32
LH:32
BRDA:60,0,0,5
BRDA:60,0,1,2
BRDA:69,1,0,6
BRDA:69,1,1,2
BRDA:95,2,0,1
BRDA:95,2,1,2
BRDA:112,3,0,1
BRDA:112,3,1,1
BRDA:133,4,0,6
BRDA:133,4,1,4
BRDA:133,4,2,2
BRDA:154,5,0,4
BRDA:154,5,1,3
BRF:13
BRH:13
end_of_record
TN:
SF:src\services\registerNumberService.ts
FN:51,(anonymous_0)
FN:60,(anonymous_1)
FN:72,(anonymous_2)
FNF:3
FNH:3
FNDA:2,(anonymous_0)
FNDA:3,(anonymous_1)
FNDA:3,(anonymous_2)
DA:52,2
DA:63,3
DA:73,3
DA:79,1
LF:4
LH:4
BRF:0
BRH:0
end_of_record
TN:
SF:src\services\api\ApiClient.ts
FN:39,(anonymous_0)
FN:51,(anonymous_1)
FN:58,(anonymous_2)
FN:63,(anonymous_3)
FN:73,(anonymous_4)
FN:92,(anonymous_5)
FN:142,(anonymous_6)
FN:146,(anonymous_7)
FN:151,(anonymous_8)
FN:156,(anonymous_9)
FN:169,(anonymous_10)
FN:178,(anonymous_11)
FN:191,(anonymous_12)
FN:197,(anonymous_13)
FN:206,(anonymous_14)
FN:210,(anonymous_15)
FN:215,(anonymous_16)
FN:219,(anonymous_17)
FNF:18
FNH:1
FNDA:1,(anonymous_0)
FNDA:0,(anonymous_1)
FNDA:0,(anonymous_2)
FNDA:0,(anonymous_3)
FNDA:0,(anonymous_4)
FNDA:0,(anonymous_5)
FNDA:0,(anonymous_6)
FNDA:0,(anonymous_7)
FNDA:0,(anonymous_8)
FNDA:0,(anonymous_9)
FNDA:0,(anonymous_10)
FNDA:0,(anonymous_11)
FNDA:0,(anonymous_12)
FNDA:0,(anonymous_13)
FNDA:0,(anonymous_14)
FNDA:0,(anonymous_15)
FNDA:0,(anonymous_16)
FNDA:0,(anonymous_17)
DA:8,1
DA:40,1
DA:50,1
DA:52,0
DA:53,0
DA:54,0
DA:56,0
DA:58,0
DA:62,1
DA:65,0
DA:66,0
DA:71,0
DA:75,0
DA:77,0
DA:80,0
DA:81,0
DA:83,0
DA:93,0
DA:95,0
DA:98,0
DA:101,0
DA:105,0
DA:107,0
DA:111,0
DA:112,0
DA:113,0
DA:117,0
DA:118,0
DA:119,0
DA:123,0
DA:125,0
DA:128,0
DA:130,0
DA:131,0
DA:133,0
DA:136,0
DA:138,0
DA:143,0
DA:147,0
DA:152,0
DA:153,0
DA:161,0
DA:166,0
DA:174,0
DA:175,0
DA:183,0
DA:188,0
DA:192,0
DA:193,0
DA:198,0
DA:202,0
DA:207,0
DA:211,0
DA:216,0
DA:220,0
DA:225,1
LF:56
LH:5
BRDA:53,0,0,0
BRDA:53,0,1,0
BRDA:65,1,0,0
BRDA:65,1,1,0
BRDA:77,2,0,0
BRDA:77,2,1,0
BRDA:93,3,0,0
BRDA:93,3,1,0
BRDA:105,4,0,0
BRDA:105,4,1,0
BRDA:111,5,0,0
BRDA:111,5,1,0
BRDA:111,6,0,0
BRDA:111,6,1,0
BRDA:117,7,0,0
BRDA:117,7,1,0
BRDA:123,8,0,0
BRDA:123,8,1,0
BRDA:123,8,2,0
BRDA:123,8,3,0
BRF:20
BRH:0
end_of_record
TN:
SF:src\services\api\administrationApi.ts
FN:22,(anonymous_0)
FN:49,(anonymous_1)
FN:59,(anonymous_2)
FN:72,(anonymous_3)
FN:85,(anonymous_4)
FN:97,(anonymous_5)
FN:104,(anonymous_6)
FNF:7
FNH:7
FNDA:5,(anonymous_0)
FNDA:1,(anonymous_1)
FNDA:1,(anonymous_2)
FNDA:1,(anonymous_3)
FNDA:1,(anonymous_4)
FNDA:1,(anonymous_5)
FNDA:1,(anonymous_6)
DA:17,12
DA:23,5
DA:24,5
DA:25,5
DA:26,5
DA:27,5
DA:29,5
DA:30,1
DA:33,5
DA:34,1
DA:37,5
DA:38,1
DA:41,5
DA:50,1
DA:63,1
DA:76,1
DA:88,1
DA:98,1
DA:105,1
DA:110,1
LF:20
LH:20
BRDA:29,0,0,1
BRDA:29,0,1,4
BRDA:33,1,0,1
BRDA:33,1,1,4
BRDA:37,2,0,1
BRDA:37,2,1,4
BRF:6
BRH:6
end_of_record
TN:
SF:src\services\api\churchMembersApi.ts
FN:25,(anonymous_0)
FN:87,(anonymous_1)
FN:94,(anonymous_2)
FN:106,(anonymous_3)
FN:119,(anonymous_4)
FN:132,(anonymous_5)
FN:139,(anonymous_6)
FN:146,(anonymous_7)
FN:153,(anonymous_8)
FN:173,(anonymous_9)
FN:210,(anonymous_10)
FN:239,(anonymous_11)
FN:270,(anonymous_12)
FN:299,(anonymous_13)
FN:329,(anonymous_14)
FNF:15
FNH:15
FNDA:10,(anonymous_0)
FNDA:1,(anonymous_1)
FNDA:1,(anonymous_2)
FNDA:1,(anonymous_3)
FNDA:1,(anonymous_4)
FNDA:1,(anonymous_5)
FNDA:1,(anonymous_6)
FNDA:1,(anonymous_7)
FNDA:3,(anonymous_8)
FNDA:2,(anonymous_9)
FNDA:2,(anonymous_10)
FNDA:2,(anonymous_11)
FNDA:2,(anonymous_12)
FNDA:2,(anonymous_13)
FNDA:1,(anonymous_14)
DA:20,32
DA:28,10
DA:29,10
DA:30,10
DA:31,10
DA:32,10
DA:34,10
DA:35,1
DA:38,10
DA:39,1
DA:42,10
DA:43,1
DA:46,10
DA:47,1
DA:50,10
DA:51,1
DA:57,10
DA:58,1
DA:61,10
DA:62,1
DA:65,10
DA:66,1
DA:72,10
DA:73,1
DA:79,10
DA:88,1
DA:97,1
DA:110,1
DA:123,1
DA:133,1
DA:140,1
DA:147,1
DA:160,3
DA:161,3
DA:162,3
DA:163,3
DA:164,3
DA:174,2
DA:184,2
DA:185,1
DA:189,1
DA:192,1
DA:195,1
DA:196,1
DA:197,1
DA:198,1
DA:199,1
DA:202,1
DA:203,1
DA:211,2
DA:221,2
DA:222,1
DA:225,1
DA:226,1
DA:227,1
DA:228,1
DA:229,1
DA:230,1
DA:231,1
DA:232,1
DA:233,1
DA:240,2
DA:250,2
DA:251,1
DA:254,1
DA:255,1
DA:256,1
DA:257,1
DA:258,1
DA:259,1
DA:260,1
DA:261,1
DA:262,1
DA:263,1
DA:271,2
DA:281,2
DA:282,1
DA:285,1
DA:286,1
DA:287,1
DA:288,1
DA:289,1
DA:290,1
DA:291,1
DA:292,1
DA:293,1
DA:300,2
DA:310,2
DA:311,1
DA:314,1
DA:315,1
DA:316,1
DA:317,1
DA:318,1
DA:319,1
DA:320,1
DA:321,1
DA:322,1
DA:323,1
DA:330,1
DA:335,1
LF:101
LH:101
BRDA:34,0,0,1
BRDA:34,0,1,9
BRDA:38,1,0,1
BRDA:38,1,1,9
BRDA:42,2,0,1
BRDA:42,2,1,9
BRDA:46,3,0,1
BRDA:46,3,1,9
BRDA:50,4,0,1
BRDA:50,4,1,9
BRDA:57,5,0,1
BRDA:57,5,1,9
BRDA:61,6,0,1
BRDA:61,6,1,9
BRDA:65,7,0,1
BRDA:65,7,1,9
BRDA:72,8,0,1
BRDA:72,8,1,9
BRDA:161,9,0,1
BRDA:161,9,1,2
BRDA:162,10,0,1
BRDA:162,10,1,2
BRDA:163,11,0,2
BRDA:163,11,1,1
BRDA:184,12,0,1
BRDA:184,12,1,1
BRDA:221,13,0,1
BRDA:221,13,1,1
BRDA:250,14,0,1
BRDA:250,14,1,1
BRDA:281,15,0,1
BRDA:281,15,1,1
BRDA:310,16,0,1
BRDA:310,16,1,1
BRF:34
BRH:34
end_of_record
TN:
SF:src\services\api\contributionHistoryApi.ts
FN:15,(anonymous_0)
FNF:1
FNH:1
FNDA:6,(anonymous_0)
DA:7,1
DA:20,6
DA:22,6
DA:23,2
DA:26,6
DA:27,2
DA:30,6
DA:31,6
DA:35,6
DA:36,6
LF:10
LH:10
BRDA:22,0,0,2
BRDA:22,0,1,4
BRDA:26,1,0,2
BRDA:26,1,1,4
BRDA:32,2,0,3
BRDA:32,2,1,3
BRF:6
BRH:6
end_of_record
TN:
SF:src\services\api\contributionsApi.ts
FN:27,(anonymous_0)
FN:71,(anonymous_1)
FN:108,(anonymous_2)
FN:130,(anonymous_3)
FN:157,(anonymous_4)
FN:164,(anonymous_5)
FN:175,(anonymous_6)
FN:183,(anonymous_7)
FNF:8
FNH:8
FNDA:12,(anonymous_0)
FNDA:9,(anonymous_1)
FNDA:9,(anonymous_2)
FNDA:2,(anonymous_3)
FNDA:1,(anonymous_4)
FNDA:1,(anonymous_5)
FNDA:1,(anonymous_6)
FNDA:1,(anonymous_7)
DA:18,14
DA:30,12
DA:32,12
DA:61,12
DA:70,11
DA:71,9
DA:90,11
DA:98,1
DA:99,1
DA:114,9
DA:122,9
DA:140,2
DA:141,2
DA:147,1
DA:149,1
DA:150,1
DA:158,1
DA:168,1
DA:176,1
DA:184,1
DA:191,1
LF:21
LH:21
BRDA:37,0,0,12
BRDA:37,0,1,0
BRDA:38,1,0,12
BRDA:38,1,1,0
BRDA:39,2,0,12
BRDA:39,2,1,0
BRDA:75,3,0,9
BRDA:75,3,1,9
BRDA:76,4,0,9
BRDA:76,4,1,0
BRDA:77,5,0,9
BRDA:77,5,1,0
BRDA:77,5,2,0
BRDA:79,6,0,9
BRDA:79,6,1,0
BRDA:79,6,2,0
BRDA:81,7,0,9
BRDA:81,7,1,0
BRDA:84,8,0,9
BRDA:84,8,1,1
BRDA:86,9,0,9
BRDA:86,9,1,0
BRDA:122,10,0,9
BRDA:122,10,1,1
BRF:24
BRH:14
end_of_record
TN:
SF:src\services\api\dashboardApi.ts
FN:40,(anonymous_0)
FNF:1
FNH:1
FNDA:2,(anonymous_0)
DA:35,3
DA:41,2
DA:46,1
LF:3
LH:3
BRF:0
BRH:0
end_of_record
TN:
SF:src\services\api\dataProtectionApi.ts
FN:18,(anonymous_0)
FN:30,(anonymous_1)
FNF:2
FNH:2
FNDA:2,(anonymous_0)
FNDA:1,(anonymous_1)
DA:11,4
DA:19,2
DA:34,1
DA:44,1
LF:4
LH:4
BRF:0
BRH:0
end_of_record
TN:
SF:src\services\api\districtsApi.ts
FN:22,(anonymous_0)
FN:32,(anonymous_1)
FN:46,(anonymous_2)
FN:57,(anonymous_3)
FN:71,(anonymous_4)
FN:86,(anonymous_5)
FN:101,(anonymous_6)
FN:115,(anonymous_7)
FN:136,(anonymous_8)
FNF:9
FNH:9
FNDA:1,(anonymous_0)
FNDA:1,(anonymous_1)
FNDA:1,(anonymous_2)
FNDA:2,(anonymous_3)
FNDA:1,(anonymous_4)
FNDA:1,(anonymous_5)
FNDA:1,(anonymous_6)
FNDA:2,(anonymous_7)
FNDA:2,(anonymous_8)
DA:16,13
DA:23,1
DA:36,1
DA:47,1
DA:60,2
DA:61,2
DA:75,1
DA:90,1
DA:105,1
DA:116,2
DA:126,2
DA:127,1
DA:130,1
DA:137,2
DA:147,2
DA:148,1
DA:151,1
DA:158,1
LF:18
LH:18
BRDA:60,0,0,1
BRDA:60,0,1,1
BRDA:126,1,0,1
BRDA:126,1,1,1
BRDA:147,2,0,1
BRDA:147,2,1,1
BRF:6
BRH:6
end_of_record
TN:
SF:src\services\api\hsbcTransactionsApi.ts
FN:16,(anonymous_0)
FN:31,(anonymous_1)
FNF:2
FNH:2
FNDA:6,(anonymous_0)
FNDA:2,(anonymous_1)
DA:8,1
DA:20,6
DA:21,6
DA:23,6
DA:24,6
DA:32,2
DA:33,1
DA:36,1
DA:43,3
DA:46,3
DA:52,3
DA:53,1
DA:57,2
DA:66,1
LF:14
LH:14
BRDA:32,0,0,1
BRDA:32,0,1,1
BRDA:32,1,0,2
BRDA:32,1,1,2
BRDA:52,2,0,1
BRDA:52,2,1,2
BRDA:58,3,0,2
BRDA:58,3,1,2
BRDA:58,3,2,1
BRF:9
BRH:9
end_of_record
TN:
SF:src\services\api\index.ts
FNF:0
FNH:0
LF:0
LH:0
BRF:0
BRH:0
end_of_record
TN:
SF:src\services\api\reminderCategoriesApi.ts
FN:18,(anonymous_0)
FN:25,(anonymous_1)
FN:34,(anonymous_2)
FN:49,(anonymous_3)
FN:64,(anonymous_4)
FNF:5
FNH:5
FNDA:1,(anonymous_0)
FNDA:1,(anonymous_1)
FNDA:1,(anonymous_2)
FNDA:1,(anonymous_3)
FNDA:1,(anonymous_4)
DA:12,6
DA:19,1
DA:26,1
DA:37,1
DA:53,1
DA:65,1
DA:70,1
LF:7
LH:7
BRF:0
BRH:0
end_of_record
TN:
SF:src\services\api\remindersApi.ts
FN:22,(anonymous_0)
FN:53,(anonymous_1)
FN:61,(anonymous_2)
FN:72,(anonymous_3)
FN:87,(anonymous_4)
FN:101,(anonymous_5)
FN:109,(anonymous_6)
FNF:7
FNH:7
FNDA:7,(anonymous_0)
FNDA:1,(anonymous_1)
FNDA:1,(anonymous_2)
FNDA:1,(anonymous_3)
FNDA:1,(anonymous_4)
FNDA:1,(anonymous_5)
FNDA:1,(anonymous_6)
DA:16,14
DA:23,7
DA:25,7
DA:26,2
DA:29,7
DA:30,1
DA:33,7
DA:34,2
DA:37,7
DA:38,1
DA:41,7
DA:42,1
DA:46,7
DA:47,7
DA:54,1
DA:62,1
DA:76,1
DA:91,1
DA:102,1
DA:110,1
DA:117,1
LF:21
LH:21
BRDA:25,0,0,2
BRDA:25,0,1,5
BRDA:29,1,0,1
BRDA:29,1,1,6
BRDA:33,2,0,2
BRDA:33,2,1,5
BRDA:37,3,0,1
BRDA:37,3,1,6
BRDA:41,4,0,1
BRDA:41,4,1,6
BRDA:46,5,0,6
BRDA:46,5,1,1
BRF:12
BRH:12
end_of_record
TN:
SF:src\services\api\riskAssessmentsApi.ts
FN:27,(anonymous_0)
FN:59,(anonymous_1)
FN:67,(anonymous_2)
FN:79,(anonymous_3)
FN:89,(anonymous_4)
FN:103,(anonymous_5)
FN:114,(anonymous_6)
FN:128,(anonymous_7)
FN:138,(anonymous_8)
FN:145,(anonymous_9)
FN:154,(anonymous_10)
FN:166,(anonymous_11)
FN:180,(anonymous_12)
FNF:13
FNH:13
FNDA:8,(anonymous_0)
FNDA:1,(anonymous_1)
FNDA:1,(anonymous_2)
FNDA:1,(anonymous_3)
FNDA:1,(anonymous_4)
FNDA:1,(anonymous_5)
FNDA:1,(anonymous_6)
FNDA:1,(anonymous_7)
FNDA:1,(anonymous_8)
FNDA:1,(anonymous_9)
FNDA:1,(anonymous_10)
FNDA:1,(anonymous_11)
FNDA:1,(anonymous_12)
DA:20,21
DA:21,21
DA:33,8
DA:35,8
DA:36,2
DA:39,8
DA:40,2
DA:43,8
DA:44,2
DA:47,8
DA:48,2
DA:52,8
DA:53,8
DA:60,1
DA:70,1
DA:80,1
DA:93,1
DA:104,1
DA:118,1
DA:129,1
DA:139,1
DA:146,1
DA:157,1
DA:170,1
DA:181,1
DA:186,1
LF:26
LH:26
BRDA:35,0,0,2
BRDA:35,0,1,6
BRDA:35,1,0,8
BRDA:35,1,1,7
BRDA:39,2,0,2
BRDA:39,2,1,6
BRDA:43,3,0,2
BRDA:43,3,1,6
BRDA:47,4,0,2
BRDA:47,4,1,6
BRDA:52,5,0,5
BRDA:52,5,1,3
BRF:12
BRH:12
end_of_record
TN:
SF:src\services\api\trainingCertificatesApi.ts
FN:25,(anonymous_0)
FN:55,(anonymous_1)
FN:66,(anonymous_2)
FN:78,(anonymous_3)
FN:91,(anonymous_4)
FN:110,(anonymous_5)
FN:122,(anonymous_6)
FN:135,(anonymous_7)
FNF:8
FNH:8
FNDA:5,(anonymous_0)
FNDA:1,(anonymous_1)
FNDA:1,(anonymous_2)
FNDA:1,(anonymous_3)
FNDA:2,(anonymous_4)
FNDA:1,(anonymous_5)
FNDA:1,(anonymous_6)
FNDA:1,(anonymous_7)
DA:18,14
DA:19,14
DA:20,14
DA:28,5
DA:29,5
DA:30,5
DA:31,5
DA:32,5
DA:33,5
DA:35,5
DA:36,1
DA:39,5
DA:40,1
DA:43,5
DA:44,1
DA:47,5
DA:58,1
DA:69,1
DA:82,1
DA:94,2
DA:95,2
DA:96,1
DA:99,2
DA:100,2
DA:104,2
DA:113,1
DA:126,1
DA:138,1
DA:145,1
LF:29
LH:29
BRDA:35,0,0,1
BRDA:35,0,1,4
BRDA:39,1,0,1
BRDA:39,1,1,4
BRDA:43,2,0,1
BRDA:43,2,1,4
BRDA:95,3,0,1
BRDA:95,3,1,1
BRDA:100,4,0,1
BRDA:100,4,1,1
BRF:10
BRH:10
end_of_record
TN:
SF:src\services\auth\authLogger.ts
FN:48,(anonymous_0)
FN:53,(anonymous_1)
FN:63,(anonymous_2)
FN:80,(anonymous_3)
FN:110,(anonymous_4)
FN:134,(anonymous_5)
FN:160,(anonymous_6)
FN:176,(anonymous_7)
FN:197,(anonymous_8)
FN:217,(anonymous_9)
FN:237,(anonymous_10)
FN:260,(anonymous_11)
FN:277,(anonymous_12)
FN:284,(anonymous_13)
FN:285,(anonymous_14)
FN:291,(anonymous_15)
FN:292,(anonymous_16)
FN:298,(anonymous_17)
FN:305,(anonymous_18)
FN:312,(anonymous_19)
FN:321,(anonymous_20)
FN:346,(anonymous_21)
FN:362,(anonymous_22)
FN:376,(anonymous_23)
FN:382,(anonymous_24)
FNF:25
FNH:24
FNDA:6,(anonymous_0)
FNDA:6,(anonymous_1)
FNDA:27,(anonymous_2)
FNDA:103,(anonymous_3)
FNDA:7,(anonymous_4)
FNDA:2,(anonymous_5)
FNDA:1,(anonymous_6)
FNDA:2,(anonymous_7)
FNDA:1,(anonymous_8)
FNDA:1,(anonymous_9)
FNDA:1,(anonymous_10)
FNDA:1,(anonymous_11)
FNDA:20,(anonymous_12)
FNDA:2,(anonymous_13)
FNDA:4,(anonymous_14)
FNDA:1,(anonymous_15)
FNDA:3,(anonymous_16)
FNDA:27,(anonymous_17)
FNDA:1,(anonymous_18)
FNDA:103,(anonymous_19)
FNDA:103,(anonymous_20)
FNDA:0,(anonymous_21)
FNDA:103,(anonymous_22)
FNDA:103,(anonymous_23)
FNDA:103,(anonymous_24)
DA:41,6
DA:42,6
DA:43,6
DA:44,6
DA:45,6
DA:50,6
DA:54,9
DA:55,6
DA:57,9
DA:69,27
DA:71,27
DA:73,27
DA:74,27
DA:87,103
DA:99,103
DA:100,103
DA:102,103
DA:103,0
DA:115,7
DA:116,7
DA:118,7
DA:139,2
DA:142,2
DA:144,2
DA:161,1
DA:177,2
DA:180,2
DA:182,2
DA:202,1
DA:222,1
DA:243,1
DA:261,1
DA:278,20
DA:285,4
DA:292,3
DA:299,27
DA:306,1
DA:313,103
DA:316,103
DA:317,5
DA:322,103
DA:324,0
DA:325,0
DA:327,103
DA:329,0
DA:330,0
DA:332,0
DA:333,0
DA:335,0
DA:336,0
DA:339,0
DA:340,0
DA:342,0
DA:347,0
DA:349,0
DA:350,0
DA:358,0
DA:364,103
DA:365,103
DA:366,103
DA:367,3
DA:368,3
DA:370,103
DA:372,0
DA:379,103
DA:383,103
DA:388,6
LF:67
LH:50
BRDA:54,0,0,6
BRDA:54,0,1,3
BRDA:70,1,0,27
BRDA:70,1,1,1
BRDA:72,2,0,27
BRDA:72,2,1,1
BRDA:73,3,0,27
BRDA:73,3,1,27
BRDA:74,4,0,27
BRDA:74,4,1,0
BRDA:102,5,0,0
BRDA:102,5,1,103
BRDA:115,6,0,2
BRDA:115,6,1,5
BRDA:116,7,0,2
BRDA:116,7,1,5
BRDA:126,8,0,4
BRDA:126,8,1,3
BRDA:127,9,0,2
BRDA:127,9,1,5
BRDA:139,10,0,1
BRDA:139,10,1,1
BRDA:142,11,0,1
BRDA:142,11,1,1
BRDA:152,12,0,1
BRDA:152,12,1,1
BRDA:153,13,0,1
BRDA:153,13,1,1
BRDA:177,14,0,1
BRDA:177,14,1,1
BRDA:180,15,0,1
BRDA:180,15,1,1
BRDA:189,16,0,1
BRDA:189,16,1,1
BRDA:277,17,0,20
BRDA:316,18,0,5
BRDA:316,18,1,98
BRDA:322,19,0,103
BRDA:322,19,1,0
BRDA:325,20,0,0
BRDA:325,20,1,0
BRDA:327,21,0,0
BRDA:327,21,1,0
BRDA:327,21,2,0
BRDA:327,21,3,0
BRDA:327,21,4,0
BRDA:327,21,5,0
BRDA:347,22,0,0
BRDA:347,22,1,0
BRDA:366,23,0,3
BRDA:366,23,1,100
BRDA:383,24,0,103
BRDA:383,24,1,0
BRF:53
BRH:39
end_of_record
TN:
SF:src\services\auth\authService.ts
FN:26,(anonymous_0)
FN:31,(anonymous_1)
FN:39,(anonymous_2)
FN:45,(anonymous_3)
FN:53,(anonymous_4)
FN:118,(anonymous_5)
FN:139,(anonymous_6)
FN:221,(anonymous_7)
FN:261,(anonymous_8)
FN:320,(anonymous_9)
FN:353,(anonymous_10)
FN:369,(anonymous_11)
FN:386,(anonymous_12)
FN:400,(anonymous_13)
FN:405,(anonymous_14)
FN:412,(anonymous_15)
FN:428,(anonymous_16)
FN:435,(anonymous_17)
FN:443,(anonymous_18)
FN:473,(anonymous_19)
FN:490,(anonymous_20)
FN:509,(anonymous_21)
FN:534,(anonymous_22)
FN:561,(anonymous_23)
FN:590,(anonymous_24)
FN:607,(anonymous_25)
FN:626,(anonymous_26)
FN:631,(anonymous_27)
FN:643,(anonymous_28)
FN:653,(anonymous_29)
FN:663,(anonymous_30)
FN:668,(anonymous_31)
FN:673,(anonymous_32)
FN:677,(anonymous_33)
FN:680,(anonymous_34)
FN:684,(anonymous_35)
FN:690,(anonymous_36)
FN:736,(anonymous_37)
FN:740,(anonymous_38)
FNF:39
FNH:7
FNDA:3,(anonymous_0)
FNDA:3,(anonymous_1)
FNDA:3,(anonymous_2)
FNDA:0,(anonymous_3)
FNDA:0,(anonymous_4)
FNDA:4,(anonymous_5)
FNDA:0,(anonymous_6)
FNDA:0,(anonymous_7)
FNDA:0,(anonymous_8)
FNDA:0,(anonymous_9)
FNDA:0,(anonymous_10)
FNDA:0,(anonymous_11)
FNDA:0,(anonymous_12)
FNDA:0,(anonymous_13)
FNDA:0,(anonymous_14)
FNDA:0,(anonymous_15)
FNDA:0,(anonymous_16)
FNDA:0,(anonymous_17)
FNDA:1,(anonymous_18)
FNDA:0,(anonymous_19)
FNDA:0,(anonymous_20)
FNDA:0,(anonymous_21)
FNDA:0,(anonymous_22)
FNDA:0,(anonymous_23)
FNDA:0,(anonymous_24)
FNDA:0,(anonymous_25)
FNDA:1,(anonymous_26)
FNDA:0,(anonymous_27)
FNDA:0,(anonymous_28)
FNDA:0,(anonymous_29)
FNDA:0,(anonymous_30)
FNDA:0,(anonymous_31)
FNDA:0,(anonymous_32)
FNDA:0,(anonymous_33)
FNDA:0,(anonymous_34)
FNDA:0,(anonymous_35)
FNDA:1,(anonymous_36)
FNDA:0,(anonymous_37)
FNDA:0,(anonymous_38)
DA:22,3
DA:23,3
DA:24,3
DA:32,3
DA:33,3
DA:35,3
DA:40,6
DA:41,1
DA:46,0
DA:47,0
DA:48,0
DA:57,0
DA:59,0
DA:62,0
DA:67,0
DA:72,0
DA:74,0
DA:80,0
DA:83,0
DA:84,0
DA:87,0
DA:88,0
DA:91,0
DA:95,0
DA:96,0
DA:104,0
DA:106,0
DA:107,0
DA:113,0
DA:119,4
DA:121,4
DA:123,4
DA:136,4
DA:137,4
DA:139,0
DA:140,4
DA:148,0
DA:154,0
DA:156,0
DA:157,0
DA:161,0
DA:188,0
DA:189,0
DA:193,0
DA:195,0
DA:201,0
DA:204,0
DA:210,4
DA:215,4
DA:216,4
DA:222,0
DA:223,0
DA:227,0
DA:232,0
DA:234,0
DA:235,0
DA:236,0
DA:239,0
DA:245,0
DA:248,0
DA:250,0
DA:255,0
DA:256,0
DA:269,0
DA:270,0
DA:274,0
DA:275,0
DA:277,0
DA:278,0
DA:279,0
DA:287,0
DA:289,0
DA:291,0
DA:299,0
DA:302,0
DA:304,0
DA:305,0
DA:315,0
DA:321,0
DA:322,0
DA:325,0
DA:326,0
DA:329,0
DA:330,0
DA:333,0
DA:334,0
DA:337,0
DA:338,0
DA:341,0
DA:342,0
DA:345,0
DA:346,0
DA:348,0
DA:354,0
DA:355,0
DA:358,0
DA:369,0
DA:370,0
DA:371,0
DA:378,0
DA:379,0
DA:386,0
DA:387,0
DA:388,0
DA:395,0
DA:407,0
DA:408,0
DA:413,0
DA:415,0
DA:419,0
DA:420,0
DA:423,0
DA:429,0
DA:430,0
DA:431,0
DA:436,0
DA:437,0
DA:438,0
DA:444,1
DA:446,1
DA:447,1
DA:450,0
DA:451,0
DA:459,0
DA:460,0
DA:461,0
DA:464,0
DA:466,0
DA:467,0
DA:468,0
DA:474,0
DA:475,0
DA:480,0
DA:481,0
DA:484,0
DA:485,0
DA:491,0
DA:492,0
DA:497,0
DA:498,0
DA:503,0
DA:504,0
DA:510,0
DA:511,0
DA:517,0
DA:518,0
DA:526,0
DA:528,0
DA:529,0
DA:535,0
DA:536,0
DA:541,0
DA:542,0
DA:543,0
DA:547,0
DA:548,0
DA:549,0
DA:550,0
DA:553,0
DA:555,0
DA:556,0
DA:562,0
DA:564,0
DA:565,0
DA:568,0
DA:570,0
DA:571,0
DA:572,0
DA:576,0
DA:577,0
DA:578,0
DA:579,0
DA:582,0
DA:584,0
DA:585,0
DA:591,0
DA:592,0
DA:597,0
DA:598,0
DA:601,0
DA:602,0
DA:608,0
DA:609,0
DA:614,0
DA:615,0
DA:620,0
DA:621,0
DA:627,1
DA:632,0
DA:633,0
DA:634,0
DA:635,0
DA:637,0
DA:638,0
DA:644,0
DA:645,0
DA:646,0
DA:648,0
DA:654,0
DA:655,0
DA:656,0
DA:658,0
DA:664,0
DA:665,0
DA:669,0
DA:670,0
DA:674,0
DA:675,0
DA:677,0
DA:681,0
DA:682,0
DA:684,0
DA:685,0
DA:694,1
DA:696,1
DA:697,0
DA:698,0
DA:703,1
DA:704,1
DA:709,0
DA:710,0
DA:711,0
DA:713,0
DA:714,0
DA:715,0
DA:722,1
DA:724,0
DA:725,0
DA:728,0
DA:729,0
DA:731,0
DA:740,0
DA:741,0
DA:742,0
DA:748,3
LF:235
LH:27
BRDA:32,0,0,3
BRDA:32,0,1,0
BRDA:40,1,0,1
BRDA:40,1,1,5
BRDA:46,2,0,0
BRDA:46,2,1,0
BRDA:55,3,0,0
BRDA:69,4,0,0
BRDA:69,4,1,0
BRDA:95,5,0,0
BRDA:95,5,1,0
BRDA:97,6,0,0
BRDA:97,6,1,0
BRDA:98,7,0,0
BRDA:98,7,1,0
BRDA:106,8,0,0
BRDA:106,8,1,0
BRDA:131,9,0,4
BRDA:131,9,1,4
BRDA:136,10,0,4
BRDA:136,10,1,0
BRDA:142,11,0,4
BRDA:142,11,1,0
BRDA:143,12,0,4
BRDA:143,12,1,4
BRDA:144,13,0,4
BRDA:144,13,1,4
BRDA:154,14,0,0
BRDA:154,14,1,0
BRDA:165,15,0,0
BRDA:165,15,1,0
BRDA:171,16,0,0
BRDA:171,16,1,0
BRDA:188,17,0,0
BRDA:188,17,1,0
BRDA:205,18,0,0
BRDA:205,18,1,0
BRDA:211,19,0,0
BRDA:211,19,1,4
BRDA:232,20,0,0
BRDA:232,20,1,0
BRDA:232,21,0,0
BRDA:232,21,1,0
BRDA:234,22,0,0
BRDA:234,22,1,0
BRDA:248,23,0,0
BRDA:248,23,1,0
BRDA:251,24,0,0
BRDA:251,24,1,0
BRDA:262,25,0,0
BRDA:269,26,0,0
BRDA:269,26,1,0
BRDA:289,27,0,0
BRDA:289,27,1,0
BRDA:302,28,0,0
BRDA:302,28,1,0
BRDA:378,29,0,0
BRDA:378,29,1,0
BRDA:419,30,0,0
BRDA:419,30,1,0
BRDA:430,31,0,0
BRDA:430,31,1,0
BRDA:437,32,0,0
BRDA:437,32,1,0
BRDA:438,33,0,0
BRDA:438,33,1,0
BRDA:446,34,0,1
BRDA:446,34,1,0
BRDA:459,35,0,0
BRDA:459,35,1,0
BRDA:459,36,0,0
BRDA:459,36,1,0
BRDA:464,37,0,0
BRDA:464,37,1,0
BRDA:480,38,0,0
BRDA:480,38,1,0
BRDA:481,39,0,0
BRDA:481,39,1,0
BRDA:497,40,0,0
BRDA:497,40,1,0
BRDA:499,41,0,0
BRDA:499,41,1,0
BRDA:517,42,0,0
BRDA:517,42,1,0
BRDA:519,43,0,0
BRDA:519,43,1,0
BRDA:520,44,0,0
BRDA:520,44,1,0
BRDA:541,45,0,0
BRDA:541,45,1,0
BRDA:541,46,0,0
BRDA:541,46,1,0
BRDA:547,47,0,0
BRDA:547,47,1,0
BRDA:547,48,0,0
BRDA:547,48,1,0
BRDA:547,48,2,0
BRDA:553,49,0,0
BRDA:553,49,1,0
BRDA:564,50,0,0
BRDA:564,50,1,0
BRDA:570,51,0,0
BRDA:570,51,1,0
BRDA:570,52,0,0
BRDA:570,52,1,0
BRDA:576,53,0,0
BRDA:576,53,1,0
BRDA:576,54,0,0
BRDA:576,54,1,0
BRDA:576,54,2,0
BRDA:582,55,0,0
BRDA:582,55,1,0
BRDA:597,56,0,0
BRDA:597,56,1,0
BRDA:598,57,0,0
BRDA:598,57,1,0
BRDA:614,58,0,0
BRDA:614,58,1,0
BRDA:616,59,0,0
BRDA:616,59,1,0
BRDA:627,60,0,1
BRDA:627,60,1,0
BRDA:635,61,0,0
BRDA:635,61,1,0
BRDA:665,62,0,0
BRDA:665,62,1,0
BRDA:670,63,0,0
BRDA:670,63,1,0
BRDA:675,64,0,0
BRDA:675,64,1,0
BRDA:682,65,0,0
BRDA:682,65,1,0
BRDA:696,66,0,0
BRDA:696,66,1,1
BRDA:709,67,0,0
BRDA:709,67,1,0
BRDA:711,68,0,0
BRDA:711,68,1,0
BRDA:713,69,0,0
BRDA:713,69,1,0
BRDA:713,70,0,0
BRDA:713,70,1,0
BRDA:724,71,0,0
BRDA:724,71,1,0
BRF:144
BRH:15
end_of_record
TN:
SF:src\services\auth\httpInterceptor.ts
FN:12,(anonymous_0)
FN:14,(anonymous_1)
FN:24,(anonymous_2)
FN:63,(anonymous_3)
FN:114,(anonymous_4)
FN:126,(anonymous_5)
FN:144,(anonymous_6)
FN:164,(anonymous_7)
FN:171,(anonymous_8)
FN:178,(anonymous_9)
FN:187,(anonymous_10)
FN:188,(anonymous_11)
FN:194,(anonymous_12)
FN:201,(anonymous_13)
FNF:14
FNH:14
FNDA:4,(anonymous_0)
FNDA:4,(anonymous_1)
FNDA:14,(anonymous_2)
FNDA:13,(anonymous_3)
FNDA:18,(anonymous_4)
FNDA:3,(anonymous_5)
FNDA:18,(anonymous_6)
FNDA:4,(anonymous_7)
FNDA:2,(anonymous_8)
FNDA:14,(anonymous_9)
FNDA:2,(anonymous_10)
FNDA:2,(anonymous_11)
FNDA:15,(anonymous_12)
FNDA:1,(anonymous_13)
DA:9,4
DA:10,4
DA:15,7
DA:16,4
DA:18,7
DA:29,14
DA:32,14
DA:35,14
DA:36,1
DA:38,1
DA:42,13
DA:49,13
DA:51,13
DA:52,13
DA:53,11
DA:56,13
DA:68,13
DA:70,13
DA:71,18
DA:73,18
DA:76,18
DA:78,18
DA:81,14
DA:82,10
DA:86,4
DA:88,3
DA:89,3
DA:90,3
DA:94,1
DA:97,4
DA:98,2
DA:99,2
DA:100,2
DA:104,2
DA:108,0
DA:115,18
DA:116,18
DA:119,0
DA:127,3
DA:129,3
DA:130,3
DA:132,2
DA:134,1
DA:137,0
DA:148,18
DA:150,18
DA:151,17
DA:154,18
DA:165,4
DA:172,2
DA:179,14
DA:180,14
DA:181,14
DA:188,2
DA:195,15
DA:202,1
DA:207,4
LF:57
LH:54
BRDA:15,0,0,4
BRDA:15,0,1,3
BRDA:26,1,0,14
BRDA:27,2,0,14
BRDA:29,3,0,13
BRDA:29,3,1,1
BRDA:35,4,0,1
BRDA:35,4,1,13
BRDA:81,5,0,10
BRDA:81,5,1,4
BRDA:81,6,0,14
BRDA:81,6,1,4
BRDA:86,7,0,3
BRDA:86,7,1,1
BRDA:97,8,0,2
BRDA:97,8,1,2
BRDA:97,9,0,4
BRDA:97,9,1,2
BRDA:130,10,0,2
BRDA:130,10,1,1
BRDA:150,11,0,17
BRDA:150,11,1,1
BRDA:165,12,0,4
BRDA:165,12,1,1
BRDA:172,13,0,2
BRDA:172,13,1,2
BRDA:179,14,0,14
BRDA:179,14,1,13
BRDA:180,15,0,1
BRDA:180,15,1,13
BRF:30
BRH:30
end_of_record
TN:
SF:src\services\auth\index.ts
FNF:0
FNH:0
LF:0
LH:0
BRF:0
BRH:0
end_of_record
TN:
SF:src\services\auth\sessionManager.ts
FN:53,(anonymous_0)
FN:59,(anonymous_1)
FN:70,(anonymous_2)
FN:80,(anonymous_3)
FN:106,(anonymous_4)
FN:123,(anonymous_5)
FN:143,(anonymous_6)
FN:147,(anonymous_7)
FN:155,(anonymous_8)
FN:156,(anonymous_9)
FN:168,(anonymous_10)
FN:171,(anonymous_11)
FN:181,(anonymous_12)
FN:191,(anonymous_13)
FN:238,(anonymous_14)
FN:252,(anonymous_15)
FN:261,(anonymous_16)
FN:271,(anonymous_17)
FN:277,(anonymous_18)
FN:282,(anonymous_19)
FN:283,(anonymous_20)
FN:295,(anonymous_21)
FN:302,(anonymous_22)
FN:313,(anonymous_23)
FN:320,(anonymous_24)
FN:322,(anonymous_25)
FN:336,(anonymous_26)
FN:344,(anonymous_27)
FN:346,(anonymous_28)
FN:355,(anonymous_29)
FN:360,(anonymous_30)
FN:366,(anonymous_31)
FN:374,(anonymous_32)
FN:383,(anonymous_33)
FN:404,(anonymous_34)
FN:421,(anonymous_35)
FNF:36
FNH:17
FNDA:17,(anonymous_0)
FNDA:3,(anonymous_1)
FNDA:3,(anonymous_2)
FNDA:6,(anonymous_3)
FNDA:20,(anonymous_4)
FNDA:10,(anonymous_5)
FNDA:2,(anonymous_6)
FNDA:2,(anonymous_7)
FNDA:1,(anonymous_8)
FNDA:0,(anonymous_9)
FNDA:0,(anonymous_10)
FNDA:0,(anonymous_11)
FNDA:0,(anonymous_12)
FNDA:0,(anonymous_13)
FNDA:2,(anonymous_14)
FNDA:0,(anonymous_15)
FNDA:0,(anonymous_16)
FNDA:0,(anonymous_17)
FNDA:0,(anonymous_18)
FNDA:0,(anonymous_19)
FNDA:0,(anonymous_20)
FNDA:0,(anonymous_21)
FNDA:0,(anonymous_22)
FNDA:0,(anonymous_23)
FNDA:0,(anonymous_24)
FNDA:0,(anonymous_25)
FNDA:0,(anonymous_26)
FNDA:17,(anonymous_27)
FNDA:0,(anonymous_28)
FNDA:5,(anonymous_29)
FNDA:0,(anonymous_30)
FNDA:5,(anonymous_31)
FNDA:1,(anonymous_32)
FNDA:2,(anonymous_33)
FNDA:1,(anonymous_34)
FNDA:4,(anonymous_35)
DA:28,3
DA:43,3
DA:45,17
DA:48,17
DA:49,17
DA:50,17
DA:51,17
DA:54,17
DA:55,17
DA:60,18
DA:61,17
DA:62,1
DA:64,0
DA:66,18
DA:71,14
DA:72,14
DA:73,14
DA:81,6
DA:83,5
DA:84,5
DA:85,5
DA:88,5
DA:89,0
DA:93,5
DA:94,0
DA:98,5
DA:99,0
DA:107,20
DA:109,5
DA:112,5
DA:113,0
DA:114,0
DA:117,5
DA:118,0
DA:119,0
DA:123,5
DA:124,10
DA:125,10
DA:127,0
DA:130,5
DA:133,5
DA:136,5
DA:137,5
DA:144,2
DA:147,2
DA:148,2
DA:156,1
DA:157,0
DA:158,0
DA:160,0
DA:169,0
DA:171,0
DA:172,0
DA:174,0
DA:175,0
DA:177,0
DA:181,0
DA:182,0
DA:183,0
DA:192,0
DA:193,0
DA:194,0
DA:195,0
DA:197,0
DA:201,0
DA:203,0
DA:205,0
DA:206,0
DA:207,0
DA:210,0
DA:215,0
DA:216,0
DA:220,0
DA:221,0
DA:222,0
DA:223,0
DA:224,0
DA:225,0
DA:228,0
DA:229,0
DA:230,0
DA:239,2
DA:240,2
DA:242,0
DA:243,0
DA:244,0
DA:246,0
DA:253,0
DA:254,0
DA:262,0
DA:271,0
DA:272,0
DA:273,0
DA:277,0
DA:278,0
DA:282,0
DA:283,0
DA:284,0
DA:289,0
DA:296,0
DA:297,0
DA:300,0
DA:302,0
DA:303,0
DA:304,0
DA:305,0
DA:314,0
DA:322,0
DA:323,0
DA:324,0
DA:326,0
DA:327,0
DA:329,0
DA:334,0
DA:336,0
DA:337,0
DA:346,17
DA:347,0
DA:349,0
DA:353,17
DA:355,17
DA:356,5
DA:360,17
DA:361,0
DA:364,17
DA:366,17
DA:367,5
DA:375,1
DA:376,1
DA:377,1
DA:390,2
DA:392,2
DA:405,1
DA:407,1
DA:408,0
DA:411,1
DA:413,1
DA:414,0
DA:422,4
DA:427,3
LF:140
LH:59
BRDA:60,0,0,17
BRDA:60,0,1,1
BRDA:62,1,0,0
BRDA:62,1,1,1
BRDA:62,2,0,1
BRDA:62,2,1,0
BRDA:71,3,0,14
BRDA:71,3,1,0
BRDA:81,4,0,1
BRDA:81,4,1,5
BRDA:88,5,0,0
BRDA:88,5,1,5
BRDA:93,6,0,0
BRDA:93,6,1,5
BRDA:98,7,0,0
BRDA:98,7,1,5
BRDA:107,8,0,15
BRDA:107,8,1,5
BRDA:112,9,0,0
BRDA:112,9,1,5
BRDA:117,10,0,0
BRDA:117,10,1,5
BRDA:172,11,0,0
BRDA:172,11,1,0
BRDA:182,12,0,0
BRDA:182,12,1,0
BRDA:192,13,0,0
BRDA:192,13,1,0
BRDA:193,14,0,0
BRDA:193,14,1,0
BRDA:203,15,0,0
BRDA:203,15,1,0
BRDA:210,16,0,0
BRDA:210,16,1,0
BRDA:211,17,0,0
BRDA:211,17,1,0
BRDA:220,18,0,0
BRDA:220,18,1,0
BRDA:223,19,0,0
BRDA:223,19,1,0
BRDA:240,20,0,2
BRDA:240,20,1,0
BRDA:253,21,0,0
BRDA:253,21,1,0
BRDA:296,22,0,0
BRDA:296,22,1,0
BRDA:303,23,0,0
BRDA:303,23,1,0
BRDA:323,24,0,0
BRDA:323,24,1,0
BRDA:324,25,0,0
BRDA:324,25,1,0
BRDA:327,26,0,0
BRDA:327,26,1,0
BRDA:347,27,0,0
BRDA:347,27,1,0
BRDA:347,28,0,0
BRDA:347,28,1,0
BRDA:394,29,0,2
BRDA:394,29,1,0
BRDA:407,30,0,0
BRDA:407,30,1,1
BRDA:413,31,0,0
BRDA:413,31,1,1
BRF:64
BRH:18
end_of_record
TN:
SF:src\services\auth\tokenService.ts
FN:9,(anonymous_0)
FN:56,(anonymous_1)
FN:78,(anonymous_2)
FN:115,(anonymous_3)
FN:123,(anonymous_4)
FN:134,(anonymous_5)
FN:143,(anonymous_6)
FN:154,(anonymous_7)
FN:184,(anonymous_8)
FN:189,(anonymous_9)
FN:194,(anonymous_10)
FN:218,(anonymous_11)
FN:243,(anonymous_12)
FN:248,(anonymous_13)
FN:270,(anonymous_14)
FN:280,(anonymous_15)
FN:298,(anonymous_16)
FN:312,(anonymous_17)
FN:318,(anonymous_18)
FN:324,(anonymous_19)
FN:328,(anonymous_20)
FN:332,(anonymous_21)
FN:336,(anonymous_22)
FN:342,(anonymous_23)
FN:406,(anonymous_24)
FN:437,(anonymous_25)
FN:450,(anonymous_26)
FN:451,(anonymous_27)
FN:455,(anonymous_28)
FN:478,(anonymous_29)
FN:479,(anonymous_30)
FN:482,(anonymous_31)
FN:488,(anonymous_32)
FN:494,(anonymous_33)
FN:495,(anonymous_34)
FN:505,(anonymous_35)
FN:510,(anonymous_36)
FN:540,(anonymous_37)
FN:550,(anonymous_38)
FN:555,(anonymous_39)
FN:562,(anonymous_40)
FN:576,(anonymous_41)
FN:578,(anonymous_42)
FN:589,(anonymous_43)
FN:594,(anonymous_44)
FNF:45
FNH:25
FNDA:4,(anonymous_0)
FNDA:4,(anonymous_1)
FNDA:4,(anonymous_2)
FNDA:4,(anonymous_3)
FNDA:4,(anonymous_4)
FNDA:4,(anonymous_5)
FNDA:0,(anonymous_6)
FNDA:15,(anonymous_7)
FNDA:16,(anonymous_8)
FNDA:4,(anonymous_9)
FNDA:26,(anonymous_10)
FNDA:38,(anonymous_11)
FNDA:4,(anonymous_12)
FNDA:1,(anonymous_13)
FNDA:0,(anonymous_14)
FNDA:6,(anonymous_15)
FNDA:2,(anonymous_16)
FNDA:0,(anonymous_17)
FNDA:0,(anonymous_18)
FNDA:0,(anonymous_19)
FNDA:0,(anonymous_20)
FNDA:0,(anonymous_21)
FNDA:0,(anonymous_22)
FNDA:0,(anonymous_23)
FNDA:0,(anonymous_24)
FNDA:0,(anonymous_25)
FNDA:0,(anonymous_26)
FNDA:0,(anonymous_27)
FNDA:22,(anonymous_28)
FNDA:0,(anonymous_29)
FNDA:0,(anonymous_30)
FNDA:4,(anonymous_31)
FNDA:4,(anonymous_32)
FNDA:0,(anonymous_33)
FNDA:0,(anonymous_34)
FNDA:1,(anonymous_35)
FNDA:0,(anonymous_36)
FNDA:2,(anonymous_37)
FNDA:3,(anonymous_38)
FNDA:0,(anonymous_39)
FNDA:0,(anonymous_40)
FNDA:3,(anonymous_41)
FNDA:1,(anonymous_42)
FNDA:2,(anonymous_43)
FNDA:4,(anonymous_44)
DA:9,4
DA:11,4
DA:15,4
DA:19,0
DA:21,0
DA:22,0
DA:23,0
DA:30,0
DA:34,0
DA:39,0
DA:40,0
DA:44,0
DA:48,0
DA:52,0
DA:56,4
DA:58,4
DA:63,4
DA:66,4
DA:68,4
DA:78,4
DA:79,4
DA:81,4
DA:98,4
DA:101,4
DA:103,4
DA:104,4
DA:106,4
DA:107,4
DA:111,4
DA:112,4
DA:113,4
DA:116,4
DA:119,4
DA:124,4
DA:125,4
DA:126,0
DA:128,0
DA:130,4
DA:135,0
DA:137,0
DA:138,0
DA:144,0
DA:145,0
DA:146,0
DA:148,0
DA:149,0
DA:150,0
DA:155,15
DA:156,15
DA:157,15
DA:160,15
DA:161,15
DA:163,0
DA:166,15
DA:174,15
DA:176,0
DA:179,0
DA:185,16
DA:190,4
DA:195,26
DA:196,26
DA:197,26
DA:199,26
DA:200,9
DA:203,17
DA:208,17
DA:219,38
DA:220,38
DA:221,38
DA:222,38
DA:223,38
DA:226,38
DA:227,13
DA:228,13
DA:231,37
DA:235,1
DA:244,4
DA:249,1
DA:250,1
DA:251,0
DA:252,0
DA:255,1
DA:256,1
DA:257,1
DA:259,1
DA:266,1
DA:271,0
DA:272,0
DA:274,0
DA:276,0
DA:281,6
DA:282,6
DA:284,4
DA:285,4
DA:286,4
DA:289,3
DA:290,3
DA:293,0
DA:299,2
DA:300,2
DA:302,1
DA:313,0
DA:314,0
DA:319,0
DA:320,0
DA:325,0
DA:326,0
DA:328,0
DA:333,0
DA:334,0
DA:336,0
DA:337,0
DA:343,0
DA:344,0
DA:348,0
DA:349,0
DA:350,0
DA:354,0
DA:355,0
DA:356,0
DA:358,0
DA:362,0
DA:363,0
DA:364,0
DA:368,0
DA:370,0
DA:372,0
DA:373,0
DA:375,0
DA:378,0
DA:381,0
DA:383,0
DA:387,0
DA:389,0
DA:394,0
DA:397,0
DA:398,0
DA:400,0
DA:401,0
DA:411,0
DA:413,0
DA:414,0
DA:415,0
DA:417,0
DA:420,0
DA:421,0
DA:425,0
DA:426,0
DA:427,0
DA:433,0
DA:438,0
DA:441,0
DA:451,0
DA:457,22
DA:458,1
DA:461,22
DA:462,0
DA:465,22
DA:466,22
DA:467,7
DA:471,15
DA:472,15
DA:473,15
DA:478,15
DA:479,0
DA:485,4
DA:488,4
DA:489,4
DA:495,0
DA:496,0
DA:497,0
DA:506,1
DA:511,0
DA:520,0
DA:521,0
DA:524,0
DA:526,0
DA:527,0
DA:530,0
DA:541,2
DA:542,2
DA:544,1
DA:554,3
DA:555,0
DA:559,3
DA:561,3
DA:562,1
DA:563,0
DA:564,0
DA:565,0
DA:566,0
DA:569,1
DA:573,3
DA:576,3
DA:578,3
DA:581,3
DA:582,1
DA:583,1
DA:590,2
DA:595,4
DA:600,4
LF:201
LH:100
BRDA:11,0,0,4
BRDA:11,0,1,0
BRDA:12,1,0,4
BRDA:12,1,1,4
BRDA:19,2,0,0
BRDA:19,2,1,0
BRDA:22,3,0,0
BRDA:22,3,1,0
BRDA:22,4,0,0
BRDA:22,4,1,0
BRDA:30,5,0,0
BRDA:30,5,1,0
BRDA:31,6,0,0
BRDA:31,6,1,0
BRDA:39,7,0,0
BRDA:39,7,1,0
BRDA:39,8,0,0
BRDA:39,8,1,0
BRDA:44,9,0,0
BRDA:44,9,1,0
BRDA:45,10,0,0
BRDA:45,10,1,0
BRDA:58,11,0,4
BRDA:58,11,1,4
BRDA:58,11,2,0
BRDA:58,11,3,0
BRDA:63,12,0,4
BRDA:63,12,1,4
BRDA:63,12,2,0
BRDA:63,12,3,0
BRDA:66,13,0,4
BRDA:66,13,1,0
BRDA:73,14,0,4
BRDA:73,14,1,0
BRDA:84,15,0,4
BRDA:84,15,1,4
BRDA:86,16,0,4
BRDA:86,16,1,4
BRDA:115,17,0,4
BRDA:123,18,0,4
BRDA:124,19,0,4
BRDA:124,19,1,0
BRDA:126,20,0,0
BRDA:126,20,1,0
BRDA:135,21,0,0
BRDA:135,21,1,0
BRDA:144,22,0,0
BRDA:144,22,1,0
BRDA:160,23,0,15
BRDA:160,23,1,0
BRDA:177,24,0,0
BRDA:177,24,1,0
BRDA:199,25,0,9
BRDA:199,25,1,17
BRDA:199,26,0,26
BRDA:199,26,1,17
BRDA:199,26,2,17
BRDA:226,27,0,13
BRDA:226,27,1,25
BRDA:236,28,0,1
BRDA:236,28,1,0
BRDA:250,29,0,0
BRDA:250,29,1,1
BRDA:272,30,0,0
BRDA:272,30,1,0
BRDA:275,31,0,0
BRDA:275,31,1,0
BRDA:281,32,0,6
BRDA:281,32,1,4
BRDA:282,33,0,2
BRDA:282,33,1,4
BRDA:286,34,0,1
BRDA:286,34,1,3
BRDA:300,35,0,1
BRDA:300,35,1,1
BRDA:306,36,0,1
BRDA:306,36,1,1
BRDA:307,37,0,2
BRDA:307,37,1,1
BRDA:314,38,0,0
BRDA:314,38,1,0
BRDA:320,39,0,0
BRDA:320,39,1,0
BRDA:326,40,0,0
BRDA:326,40,1,0
BRDA:334,41,0,0
BRDA:334,41,1,0
BRDA:343,42,0,0
BRDA:343,42,1,0
BRDA:348,43,0,0
BRDA:348,43,1,0
BRDA:348,44,0,0
BRDA:348,44,1,0
BRDA:354,45,0,0
BRDA:354,45,1,0
BRDA:363,46,0,0
BRDA:363,46,1,0
BRDA:390,47,0,0
BRDA:390,47,1,0
BRDA:408,48,0,0
BRDA:409,49,0,0
BRDA:420,50,0,0
BRDA:420,50,1,0
BRDA:425,51,0,0
BRDA:425,51,1,0
BRDA:433,52,0,0
BRDA:433,52,1,0
BRDA:438,53,0,0
BRDA:438,53,1,0
BRDA:442,54,0,0
BRDA:442,54,1,0
BRDA:442,54,2,0
BRDA:442,54,3,0
BRDA:457,55,0,1
BRDA:457,55,1,21
BRDA:461,56,0,0
BRDA:461,56,1,22
BRDA:466,57,0,7
BRDA:466,57,1,15
BRDA:520,58,0,0
BRDA:520,58,1,0
BRDA:526,59,0,0
BRDA:526,59,1,0
BRDA:526,60,0,0
BRDA:526,60,1,0
BRDA:527,61,0,0
BRDA:527,61,1,0
BRDA:542,62,0,1
BRDA:542,62,1,1
BRDA:554,63,0,0
BRDA:554,63,1,3
BRDA:561,64,0,1
BRDA:561,64,1,2
BRDA:561,65,0,3
BRDA:561,65,1,2
BRDA:563,66,0,0
BRDA:563,66,1,0
BRDA:563,67,0,0
BRDA:563,67,1,0
BRDA:565,68,0,0
BRDA:565,68,1,0
BRDA:565,69,0,0
BRDA:565,69,1,0
BRDA:581,70,0,1
BRDA:581,70,1,2
BRF:145
BRH:52
end_of_record
TN:
SF:src\services\auth\types.ts
FNF:0
FNH:0
LF:0
LH:0
BRF:0
BRH:0
end_of_record
TN:
SF:src\utils\authErrors.ts
FN:202,(anonymous_0)
FN:254,(anonymous_1)
FN:265,(anonymous_2)
FN:268,(anonymous_3)
FN:276,(anonymous_4)
FN:291,(anonymous_5)
FN:306,(anonymous_6)
FNF:7
FNH:7
FNDA:20,(anonymous_0)
FNDA:3,(anonymous_1)
FNDA:3,(anonymous_2)
FNDA:3,(anonymous_3)
FNDA:5,(anonymous_4)
FNDA:5,(anonymous_5)
FNDA:5,(anonymous_6)
DA:4,3
DA:43,3
DA:202,3
DA:203,20
DA:204,17
DA:206,17
DA:207,4
DA:209,13
DA:210,2
DA:212,11
DA:213,1
DA:215,10
DA:216,1
DA:218,9
DA:219,1
DA:221,8
DA:222,1
DA:224,7
DA:225,3
DA:227,4
DA:228,1
DA:230,3
DA:231,1
DA:234,2
DA:237,3
DA:238,1
DA:242,2
DA:243,1
DA:246,1
DA:247,1
DA:250,0
DA:254,3
DA:257,3
DA:258,3
DA:265,3
DA:268,3
DA:270,3
DA:271,3
DA:276,3
DA:277,5
DA:287,5
DA:291,3
DA:292,5
DA:302,5
DA:306,3
DA:307,5
DA:309,1
DA:311,1
DA:313,1
DA:315,2
LF:50
LH:49
BRDA:203,0,0,17
BRDA:203,0,1,3
BRDA:206,1,0,4
BRDA:206,1,1,13
BRDA:206,2,0,17
BRDA:206,2,1,14
BRDA:209,3,0,2
BRDA:209,3,1,11
BRDA:212,4,0,1
BRDA:212,4,1,10
BRDA:215,5,0,1
BRDA:215,5,1,9
BRDA:215,6,0,10
BRDA:215,6,1,2
BRDA:218,7,0,1
BRDA:218,7,1,8
BRDA:218,8,0,9
BRDA:218,8,1,1
BRDA:221,9,0,1
BRDA:221,9,1,7
BRDA:221,10,0,8
BRDA:221,10,1,1
BRDA:224,11,0,3
BRDA:224,11,1,4
BRDA:224,12,0,7
BRDA:224,12,1,5
BRDA:227,13,0,1
BRDA:227,13,1,3
BRDA:227,14,0,4
BRDA:227,14,1,4
BRDA:230,15,0,1
BRDA:230,15,1,2
BRDA:237,16,0,1
BRDA:237,16,1,2
BRDA:242,17,0,1
BRDA:242,17,1,1
BRDA:242,18,0,2
BRDA:242,18,1,1
BRDA:246,19,0,1
BRDA:246,19,1,0
BRDA:259,20,0,3
BRDA:259,20,1,0
BRDA:307,21,0,1
BRDA:307,21,1,1
BRDA:307,21,2,1
BRDA:307,21,3,2
BRF:46
BRH:44
end_of_record
TN:
SF:src\utils\errorUtils.ts
FN:18,extractErrorMessages
FN:52,getErrorMessage
FN:61,hasValidationErrors
FNF:3
FNH:3
FNDA:12,extractErrorMessages
FNDA:4,getErrorMessage
FNDA:5,hasValidationErrors
DA:19,12
DA:20,3
DA:24,9
DA:26,12
DA:28,8
DA:29,5
DA:33,3
DA:34,2
DA:39,2
DA:40,1
DA:44,1
DA:53,4
DA:54,4
DA:62,5
DA:63,5
LF:15
LH:15
BRDA:19,0,0,3
BRDA:19,0,1,9
BRDA:26,1,0,8
BRDA:26,1,1,4
BRDA:28,2,0,5
BRDA:28,2,1,3
BRDA:28,3,0,8
BRDA:28,3,1,5
BRDA:33,4,0,2
BRDA:33,4,1,1
BRDA:39,5,0,1
BRDA:39,5,1,1
BRDA:64,6,0,5
BRDA:64,6,1,3
BRDA:64,6,2,2
BRF:15
BRH:15
end_of_record
TN:
SF:src\utils\excelExport.ts
FN:24,exportMemberContributionsToExcel
FN:34,(anonymous_1)
FN:104,exportChurchMembersWithDetailsToExcel
FN:114,(anonymous_3)
FN:118,(anonymous_4)
FN:125,(anonymous_5)
FN:129,(anonymous_6)
FN:138,(anonymous_7)
FN:143,(anonymous_8)
FN:212,(anonymous_9)
FN:248,(anonymous_10)
FN:291,formatNameNumber
FN:295,(anonymous_12)
FN:304,formatAddress
FN:314,(anonymous_14)
FN:325,exportTrainingCertificatesToExcel
FN:332,(anonymous_16)
FN:375,(anonymous_17)
FN:456,exportRemindersToExcel
FN:463,(anonymous_19)
FN:508,(anonymous_20)
FNF:21
FNH:18
FNDA:8,exportMemberContributionsToExcel
FNDA:7,(anonymous_1)
FNDA:12,exportChurchMembersWithDetailsToExcel
FNDA:12,(anonymous_3)
FNDA:0,(anonymous_4)
FNDA:12,(anonymous_5)
FNDA:0,(anonymous_6)
FNDA:12,(anonymous_7)
FNDA:0,(anonymous_8)
FNDA:12,(anonymous_9)
FNDA:72,(anonymous_10)
FNDA:7,formatNameNumber
FNDA:12,(anonymous_12)
FNDA:12,formatAddress
FNDA:66,(anonymous_14)
FNDA:13,exportTrainingCertificatesToExcel
FNDA:12,(anonymous_16)
FNDA:12,(anonymous_17)
FNDA:14,exportRemindersToExcel
FNDA:15,(anonymous_19)
FNDA:15,(anonymous_20)
DA:29,8
DA:31,8
DA:34,8
DA:35,7
DA:36,7
DA:37,7
DA:39,7
DA:56,8
DA:59,8
DA:71,8
DA:74,8
DA:75,8
DA:76,40
DA:77,40
DA:78,0
DA:87,8
DA:88,8
DA:91,8
DA:92,8
DA:93,8
DA:96,8
DA:109,12
DA:113,12
DA:115,12
DA:116,12
DA:119,0
DA:120,0
DA:121,0
DA:124,12
DA:126,12
DA:127,12
DA:130,0
DA:131,0
DA:132,0
DA:135,12
DA:138,12
DA:143,0
DA:173,12
DA:176,12
DA:196,12
DA:199,12
DA:200,12
DA:201,216
DA:202,216
DA:203,0
DA:212,12
DA:213,12
DA:214,12
DA:216,12
DA:217,4
DA:219,4
DA:220,1
DA:221,3
DA:222,1
DA:223,2
DA:224,1
DA:225,1
DA:226,1
DA:229,4
DA:230,4
DA:231,0
DA:233,4
DA:247,12
DA:248,12
DA:249,72
DA:250,72
DA:251,6
DA:252,6
DA:254,6
DA:255,4
DA:256,2
DA:257,2
DA:260,6
DA:261,6
DA:262,6
DA:264,6
DA:276,12
DA:277,12
DA:280,12
DA:281,12
DA:282,12
DA:285,12
DA:292,7
DA:294,6
DA:295,12
DA:298,6
DA:305,12
DA:307,11
DA:314,66
DA:316,11
DA:329,13
DA:332,13
DA:348,13
DA:351,13
DA:358,13
DA:361,13
DA:362,13
DA:363,65
DA:364,65
DA:365,0
DA:375,13
DA:376,12
DA:379,12
DA:380,12
DA:381,2
DA:382,2
DA:383,1
DA:384,1
DA:385,1
DA:388,2
DA:389,2
DA:390,0
DA:392,2
DA:406,12
DA:407,12
DA:408,4
DA:409,4
DA:410,1
DA:411,3
DA:412,1
DA:413,2
DA:414,1
DA:415,1
DA:416,1
DA:419,4
DA:420,4
DA:421,0
DA:423,4
DA:438,13
DA:439,13
DA:442,13
DA:443,13
DA:444,13
DA:447,13
DA:460,14
DA:463,15
DA:478,14
DA:481,14
DA:492,14
DA:495,14
DA:496,14
DA:497,126
DA:498,126
DA:499,0
DA:508,14
DA:509,15
DA:512,15
DA:513,15
DA:514,1
DA:521,15
DA:522,15
DA:523,3
DA:525,3
DA:526,1
DA:527,2
DA:528,2
DA:531,3
DA:532,3
DA:541,14
DA:542,14
DA:545,14
DA:546,14
DA:547,14
DA:550,14
LF:164
LH:150
BRDA:31,0,0,8
BRDA:31,0,1,7
BRDA:36,1,0,7
BRDA:36,1,1,0
BRDA:37,2,0,7
BRDA:37,2,1,0
BRDA:40,3,0,7
BRDA:40,3,1,1
BRDA:44,4,0,7
BRDA:44,4,1,1
BRDA:45,5,0,7
BRDA:45,5,1,1
BRDA:46,6,0,7
BRDA:46,6,1,1
BRDA:48,7,0,6
BRDA:48,7,1,1
BRDA:51,8,0,6
BRDA:51,8,1,1
BRDA:74,9,0,8
BRDA:74,9,1,0
BRDA:77,10,0,0
BRDA:77,10,1,40
BRDA:119,11,0,0
BRDA:119,11,1,0
BRDA:120,12,0,0
BRDA:120,12,1,0
BRDA:131,13,0,0
BRDA:131,13,1,0
BRDA:139,14,0,12
BRDA:139,14,1,0
BRDA:142,15,0,12
BRDA:142,15,1,10
BRDA:144,16,0,12
BRDA:144,16,1,0
BRDA:145,17,0,12
BRDA:145,17,1,0
BRDA:146,18,0,12
BRDA:146,18,1,0
BRDA:147,19,0,12
BRDA:147,19,1,0
BRDA:148,20,0,12
BRDA:148,20,1,0
BRDA:149,21,0,12
BRDA:149,21,1,0
BRDA:152,22,0,0
BRDA:152,22,1,12
BRDA:156,23,0,12
BRDA:156,23,1,0
BRDA:159,24,0,0
BRDA:159,24,1,12
BRDA:162,25,0,12
BRDA:162,25,1,0
BRDA:163,26,0,0
BRDA:163,26,1,12
BRDA:167,27,0,12
BRDA:167,27,1,0
BRDA:199,28,0,12
BRDA:199,28,1,0
BRDA:202,29,0,0
BRDA:202,29,1,216
BRDA:216,30,0,4
BRDA:216,30,1,8
BRDA:216,31,0,12
BRDA:216,31,1,4
BRDA:219,32,0,1
BRDA:219,32,1,3
BRDA:221,33,0,1
BRDA:221,33,1,2
BRDA:221,34,0,3
BRDA:221,34,1,2
BRDA:223,35,0,1
BRDA:223,35,1,1
BRDA:225,36,0,1
BRDA:225,36,1,0
BRDA:229,37,0,4
BRDA:229,37,1,0
BRDA:230,38,0,0
BRDA:230,38,1,4
BRDA:250,39,0,6
BRDA:250,39,1,66
BRDA:254,40,0,4
BRDA:254,40,1,2
BRDA:256,41,0,2
BRDA:256,41,1,0
BRDA:260,42,0,6
BRDA:260,42,1,0
BRDA:261,43,0,6
BRDA:261,43,1,0
BRDA:292,44,0,1
BRDA:292,44,1,6
BRDA:295,45,0,12
BRDA:295,45,1,12
BRDA:305,46,0,1
BRDA:305,46,1,11
BRDA:314,47,0,66
BRDA:314,47,1,55
BRDA:336,48,0,2
BRDA:336,48,1,10
BRDA:338,49,0,2
BRDA:338,49,1,8
BRDA:341,50,0,11
BRDA:341,50,1,1
BRDA:361,51,0,13
BRDA:361,51,1,0
BRDA:364,52,0,0
BRDA:364,52,1,65
BRDA:380,53,0,2
BRDA:380,53,1,10
BRDA:380,54,0,12
BRDA:380,54,1,2
BRDA:382,55,0,1
BRDA:382,55,1,1
BRDA:384,56,0,1
BRDA:384,56,1,0
BRDA:388,57,0,2
BRDA:388,57,1,0
BRDA:389,58,0,0
BRDA:389,58,1,2
BRDA:407,59,0,4
BRDA:407,59,1,8
BRDA:407,60,0,12
BRDA:407,60,1,4
BRDA:409,61,0,1
BRDA:409,61,1,3
BRDA:411,62,0,1
BRDA:411,62,1,2
BRDA:413,63,0,1
BRDA:413,63,1,1
BRDA:415,64,0,1
BRDA:415,64,1,0
BRDA:419,65,0,4
BRDA:419,65,1,0
BRDA:420,66,0,0
BRDA:420,66,1,4
BRDA:467,67,0,15
BRDA:467,67,1,1
BRDA:468,68,0,3
BRDA:468,68,1,12
BRDA:470,69,0,15
BRDA:470,69,1,15
BRDA:471,70,0,15
BRDA:471,70,1,14
BRDA:472,71,0,1
BRDA:472,71,1,14
BRDA:495,72,0,14
BRDA:495,72,1,0
BRDA:498,73,0,0
BRDA:498,73,1,126
BRDA:513,74,0,1
BRDA:513,74,1,14
BRDA:513,75,0,15
BRDA:513,75,1,2
BRDA:522,76,0,3
BRDA:522,76,1,12
BRDA:525,77,0,1
BRDA:525,77,1,2
BRDA:527,78,0,2
BRDA:527,78,1,0
BRDA:531,79,0,3
BRDA:531,79,1,0
BRF:160
BRH:117
end_of_record
TN:
SF:src\utils\exportAttendanceAnalyticsPdf.ts
FN:5,(anonymous_0)
FN:59,(anonymous_1)
FN:77,(anonymous_2)
FN:87,(anonymous_3)
FNF:4
FNH:4
FNDA:13,(anonymous_0)
FNDA:24,(anonymous_1)
FNDA:24,(anonymous_2)
FNDA:4,(anonymous_3)
DA:5,1
DA:9,13
DA:10,13
DA:13,13
DA:20,13
DA:23,13
DA:24,13
DA:25,13
DA:26,13
DA:27,13
DA:28,13
DA:29,13
DA:32,13
DA:33,13
DA:34,13
DA:35,13
DA:38,13
DA:43,13
DA:44,24
DA:45,24
DA:48,24
DA:49,1
DA:53,24
DA:54,24
DA:55,24
DA:56,24
DA:59,24
DA:62,24
DA:73,24
DA:74,24
DA:77,24
DA:81,24
DA:87,1
DA:91,4
DA:96,4
DA:97,4
DA:98,4
DA:99,4
DA:100,4
DA:101,4
DA:102,4
DA:103,4
LF:42
LH:42
BRDA:48,0,0,1
BRDA:48,0,1,23
BRDA:48,1,0,24
BRDA:48,1,1,14
BRF:4
BRH:4
end_of_record
TN:
SF:src\utils\exportRiskAssessmentsPdf.ts
FN:7,(anonymous_0)
FN:24,(anonymous_1)
FN:77,(anonymous_2)
FN:86,(anonymous_3)
FN:91,(anonymous_4)
FN:101,(anonymous_5)
FN:116,(anonymous_6)
FN:137,(anonymous_7)
FN:220,(anonymous_8)
FN:230,(anonymous_9)
FNF:10
FNH:10
FNDA:25,(anonymous_0)
FNDA:58,(anonymous_1)
FNDA:29,(anonymous_2)
FNDA:29,(anonymous_3)
FNDA:203,(anonymous_4)
FNDA:203,(anonymous_5)
FNDA:29,(anonymous_6)
FNDA:175,(anonymous_7)
FNDA:196,(anonymous_8)
FNDA:29,(anonymous_9)
DA:7,1
DA:10,25
DA:12,25
DA:18,25
DA:19,25
DA:20,25
DA:21,25
DA:24,25
DA:25,58
DA:26,57
DA:34,25
DA:39,25
DA:45,25
DA:46,25
DA:47,25
DA:49,25
DA:50,25
DA:51,25
DA:52,25
DA:53,25
DA:60,25
DA:63,25
DA:72,25
DA:73,25
DA:74,25
DA:77,25
DA:78,29
DA:79,5
DA:80,5
DA:82,24
DA:86,25
DA:87,29
DA:88,29
DA:91,203
DA:96,29
DA:97,29
DA:98,29
DA:100,29
DA:101,29
DA:102,203
DA:103,203
DA:106,29
DA:107,29
DA:110,25
DA:113,25
DA:114,25
DA:116,25
DA:119,29
DA:120,29
DA:121,29
DA:124,29
DA:127,29
DA:128,5
DA:132,29
DA:133,25
DA:134,25
DA:137,175
DA:143,29
DA:146,29
DA:147,29
DA:148,1
DA:150,29
DA:151,29
DA:154,29
DA:155,29
DA:156,1
DA:158,29
DA:159,29
DA:162,29
DA:167,29
DA:170,29
DA:171,29
DA:172,29
DA:174,29
DA:175,2
DA:176,27
DA:177,2
DA:179,29
DA:180,29
DA:181,29
DA:184,29
DA:185,29
DA:186,29
DA:188,0
DA:190,29
DA:191,29
DA:192,29
DA:195,29
DA:196,29
DA:197,29
DA:200,29
DA:201,2
DA:202,2
DA:203,27
DA:204,2
DA:205,2
DA:207,25
DA:208,25
DA:211,29
DA:214,29
DA:215,28
DA:216,28
DA:217,28
DA:220,196
DA:221,28
DA:227,28
DA:228,28
DA:230,28
DA:231,29
DA:232,29
DA:235,28
DA:236,28
DA:237,28
DA:239,28
DA:244,25
DA:245,25
DA:246,24
DA:247,24
DA:248,24
DA:249,24
DA:250,24
DA:253,24
DA:259,24
DA:262,24
DA:264,1
DA:265,1
LF:126
LH:125
BRDA:25,0,0,1
BRDA:25,0,1,57
BRDA:78,1,0,5
BRDA:78,1,1,24
BRDA:119,2,0,29
BRDA:119,2,1,28
BRDA:120,3,0,28
BRDA:120,3,1,1
BRDA:127,4,0,5
BRDA:127,4,1,24
BRDA:132,5,0,25
BRDA:132,5,1,4
BRDA:146,6,0,29
BRDA:146,6,1,1
BRDA:147,7,0,1
BRDA:147,7,1,28
BRDA:154,8,0,29
BRDA:154,8,1,1
BRDA:155,9,0,1
BRDA:155,9,1,28
BRDA:174,10,0,2
BRDA:174,10,1,27
BRDA:174,11,0,29
BRDA:174,11,1,27
BRDA:176,12,0,2
BRDA:176,12,1,25
BRDA:184,13,0,29
BRDA:184,13,1,0
BRDA:185,14,0,29
BRDA:185,14,1,0
BRDA:200,15,0,2
BRDA:200,15,1,27
BRDA:200,16,0,29
BRDA:200,16,1,27
BRDA:203,17,0,2
BRDA:203,17,1,25
BRDA:214,18,0,28
BRDA:214,18,1,1
BRDA:222,19,0,28
BRDA:222,19,1,0
BRF:40
BRH:37
end_of_record
TN:
SF:src\utils\exportUtils.ts
FN:8,exportRegisterNumbersToCSV
FN:22,(anonymous_1)
FN:33,(anonymous_2)
FN:33,(anonymous_3)
FN:64,exportToCSV
FN:78,(anonymous_5)
FN:79,(anonymous_6)
FN:95,(anonymous_7)
FN:95,(anonymous_8)
FNF:9
FNH:9
FNDA:8,exportRegisterNumbersToCSV
FNDA:7,(anonymous_1)
FNDA:7,(anonymous_2)
FNDA:35,(anonymous_3)
FNDA:9,exportToCSV
FNDA:12,(anonymous_5)
FNDA:32,(anonymous_6)
FNDA:12,(anonymous_7)
FNDA:32,(anonymous_8)
DA:13,8
DA:22,8
DA:31,8
DA:33,35
DA:37,8
DA:38,8
DA:40,8
DA:42,8
DA:43,8
DA:45,8
DA:46,8
DA:47,8
DA:49,8
DA:50,8
DA:51,8
DA:54,8
DA:69,9
DA:70,2
DA:71,2
DA:75,7
DA:78,9
DA:79,12
DA:80,32
DA:82,32
DA:83,1
DA:85,31
DA:86,1
DA:88,30
DA:93,9
DA:95,32
DA:99,9
DA:100,9
DA:102,9
DA:103,7
DA:104,7
DA:105,7
DA:107,7
DA:108,7
DA:109,7
DA:111,7
DA:112,7
DA:113,7
DA:115,7
LF:43
LH:43
BRDA:24,0,0,7
BRDA:24,0,1,0
BRDA:27,1,0,7
BRDA:27,1,1,1
BRDA:40,2,0,8
BRDA:40,2,1,0
BRDA:69,3,0,2
BRDA:69,3,1,7
BRDA:75,4,0,7
BRDA:75,4,1,6
BRDA:82,5,0,1
BRDA:82,5,1,31
BRDA:82,6,0,32
BRDA:82,6,1,31
BRDA:85,7,0,1
BRDA:85,7,1,30
BRDA:102,8,0,7
BRDA:102,8,1,2
BRF:18
BRH:16
end_of_record
TN:
SF:src\utils\index.ts
FNF:0
FNH:0
LF:0
LH:0
BRF:0
BRH:0
end_of_record
TN:
SF:src\utils\logger.ts
FN:16,(anonymous_0)
FN:26,(anonymous_1)
FN:39,(anonymous_2)
FN:52,(anonymous_3)
FN:63,(anonymous_4)
FN:87,(anonymous_5)
FNF:6
FNH:6
FNDA:7,(anonymous_0)
FNDA:13,(anonymous_1)
FNDA:3,(anonymous_2)
FNDA:3,(anonymous_3)
FNDA:4,(anonymous_4)
FNDA:4,(anonymous_5)
DA:18,7
DA:27,13
DA:28,3
DA:29,1
DA:31,2
DA:40,3
DA:41,3
DA:42,1
DA:44,2
DA:53,3
DA:54,1
DA:56,2
DA:68,4
DA:69,1
DA:77,3
DA:78,1
DA:80,2
DA:88,4
DA:90,1
DA:91,1
DA:93,1
DA:94,1
DA:96,1
DA:97,1
DA:99,1
DA:100,1
DA:106,7
LF:27
LH:27
BRDA:19,0,0,7
BRDA:19,0,1,7
BRDA:27,1,0,3
BRDA:27,1,1,10
BRDA:28,2,0,1
BRDA:28,2,1,2
BRDA:40,3,0,3
BRDA:40,3,1,0
BRDA:41,4,0,1
BRDA:41,4,1,2
BRDA:53,5,0,1
BRDA:53,5,1,2
BRDA:68,6,0,1
BRDA:68,6,1,3
BRDA:73,7,0,0
BRDA:73,7,1,1
BRDA:77,8,0,1
BRDA:77,8,1,2
BRDA:88,9,0,1
BRDA:88,9,1,1
BRDA:88,9,2,1
BRDA:88,9,3,1
BRF:22
BRH:20
end_of_record
TN:
SF:src\utils\notificationManager.ts
FN:18,(anonymous_0)
FN:25,(anonymous_1)
FN:39,(anonymous_2)
FN:46,(anonymous_3)
FN:53,(anonymous_4)
FN:60,(anonymous_5)
FNF:6
FNH:6
FNDA:130,(anonymous_0)
FNDA:8,(anonymous_1)
FNDA:1,(anonymous_2)
FNDA:1,(anonymous_3)
FNDA:1,(anonymous_4)
FNDA:1,(anonymous_5)
DA:13,12
DA:19,130
DA:29,8
DA:30,6
DA:32,2
DA:40,1
DA:47,1
DA:54,1
DA:61,1
DA:66,12
LF:10
LH:10
BRDA:27,0,0,8
BRDA:29,1,0,6
BRDA:29,1,1,2
BRF:3
BRH:3
end_of_record
TN:
SF:src\utils\passwordSecurity.ts
FN:175,(anonymous_0)
FN:182,(anonymous_1)
FN:196,(anonymous_2)
FN:197,(anonymous_3)
FN:200,(anonymous_4)
FN:201,(anonymous_5)
FN:219,(anonymous_6)
FN:358,(anonymous_7)
FN:375,(anonymous_8)
FN:385,(anonymous_9)
FN:388,(anonymous_10)
FN:393,(anonymous_11)
FN:399,(anonymous_12)
FN:412,(anonymous_13)
FN:418,(anonymous_14)
FN:469,(anonymous_15)
FN:476,(anonymous_16)
FN:496,(anonymous_17)
FN:503,(anonymous_18)
FN:526,(anonymous_19)
FN:548,(anonymous_20)
FN:552,(anonymous_21)
FN:561,(anonymous_22)
FN:568,(anonymous_23)
FN:575,(anonymous_24)
FN:584,(anonymous_25)
FN:596,(anonymous_26)
FN:600,(anonymous_27)
FN:613,(anonymous_28)
FN:635,(anonymous_29)
FNF:30
FNH:28
FNDA:2,(anonymous_0)
FNDA:31,(anonymous_1)
FNDA:345,(anonymous_2)
FNDA:41,(anonymous_3)
FNDA:345,(anonymous_4)
FNDA:16,(anonymous_5)
FNDA:31,(anonymous_6)
FNDA:31,(anonymous_7)
FNDA:62,(anonymous_8)
FNDA:690,(anonymous_9)
FNDA:690,(anonymous_10)
FNDA:442,(anonymous_11)
FNDA:248,(anonymous_12)
FNDA:31,(anonymous_13)
FNDA:345,(anonymous_14)
FNDA:62,(anonymous_15)
FNDA:4,(anonymous_16)
FNDA:6,(anonymous_17)
FNDA:62,(anonymous_18)
FNDA:31,(anonymous_19)
FNDA:62,(anonymous_20)
FNDA:890,(anonymous_21)
FNDA:62,(anonymous_22)
FNDA:0,(anonymous_23)
FNDA:0,(anonymous_24)
FNDA:13,(anonymous_25)
FNDA:8,(anonymous_26)
FNDA:10,(anonymous_27)
FNDA:6,(anonymous_28)
FNDA:8,(anonymous_29)
DA:57,2
DA:78,2
DA:99,2
DA:143,2
DA:163,2
DA:176,2
DA:191,31
DA:192,31
DA:193,31
DA:195,31
DA:196,345
DA:197,41
DA:199,31
DA:200,345
DA:201,16
DA:203,31
DA:205,31
DA:228,31
DA:231,31
DA:239,31
DA:248,31
DA:249,31
DA:258,31
DA:259,31
DA:268,31
DA:269,31
DA:278,31
DA:279,31
DA:282,31
DA:292,31
DA:293,31
DA:302,31
DA:303,31
DA:312,31
DA:313,4
DA:322,31
DA:323,31
DA:332,31
DA:333,31
DA:342,31
DA:343,31
DA:352,31
DA:362,31
DA:364,31
DA:365,15
DA:366,8
DA:367,7
DA:368,4
DA:369,0
DA:376,62
DA:378,62
DA:381,62
DA:382,62
DA:384,62
DA:385,690
DA:387,62
DA:388,690
DA:392,62
DA:393,442
DA:398,62
DA:399,248
DA:404,62
DA:416,31
DA:417,31
DA:418,345
DA:421,31
DA:422,17
DA:425,31
DA:426,7
DA:427,7
DA:430,31
DA:431,2
DA:434,31
DA:435,8
DA:438,31
DA:439,8
DA:442,31
DA:448,9
DA:451,31
DA:452,5
DA:455,31
DA:456,5
DA:459,31
DA:460,5
DA:463,31
DA:470,62
DA:485,4
DA:486,4
DA:488,4
DA:495,4
DA:496,6
DA:504,62
DA:506,62
DA:507,178
DA:508,3018
DA:509,3018
DA:511,3018
DA:515,10
DA:520,52
DA:527,31
DA:528,31
DA:530,31
DA:531,295
DA:532,20
DA:533,20
DA:534,1
DA:537,275
DA:538,275
DA:542,30
DA:549,62
DA:551,62
DA:553,890
DA:562,62
DA:569,0
DA:576,0
DA:581,2
DA:584,2
DA:593,13
DA:596,2
DA:597,8
DA:600,2
DA:609,10
DA:613,2
DA:616,6
DA:618,1
DA:620,1
DA:622,1
DA:624,1
DA:626,1
DA:628,1
DA:630,0
DA:635,2
DA:638,8
DA:640,1
DA:642,2
DA:644,1
DA:646,1
DA:648,2
DA:650,1
DA:652,0
LF:140
LH:135
BRDA:175,0,0,2
BRDA:196,1,0,345
BRDA:196,1,1,221
BRDA:200,2,0,345
BRDA:200,2,1,124
BRDA:248,3,0,31
BRDA:248,3,1,0
BRDA:258,4,0,31
BRDA:258,4,1,0
BRDA:268,5,0,31
BRDA:268,5,1,0
BRDA:278,6,0,31
BRDA:278,6,1,0
BRDA:302,7,0,31
BRDA:302,7,1,0
BRDA:312,8,0,4
BRDA:312,8,1,27
BRDA:312,9,0,31
BRDA:312,9,1,31
BRDA:322,10,0,31
BRDA:322,10,1,0
BRDA:332,11,0,31
BRDA:332,11,1,0
BRDA:342,12,0,31
BRDA:342,12,1,0
BRDA:364,13,0,16
BRDA:364,13,1,15
BRDA:365,14,0,7
BRDA:365,14,1,8
BRDA:366,15,0,1
BRDA:366,15,1,7
BRDA:367,16,0,3
BRDA:367,16,1,4
BRDA:368,17,0,4
BRDA:368,17,1,0
BRDA:378,18,0,0
BRDA:378,18,1,62
BRDA:392,19,0,62
BRDA:392,19,1,0
BRDA:398,20,0,62
BRDA:398,20,1,0
BRDA:418,21,0,345
BRDA:418,21,1,221
BRDA:421,22,0,17
BRDA:421,22,1,14
BRDA:425,23,0,7
BRDA:425,23,1,24
BRDA:427,24,0,5
BRDA:427,24,1,2
BRDA:430,25,0,2
BRDA:430,25,1,29
BRDA:430,26,0,31
BRDA:430,26,1,2
BRDA:434,27,0,8
BRDA:434,27,1,23
BRDA:434,28,0,31
BRDA:434,28,1,8
BRDA:438,29,0,8
BRDA:438,29,1,23
BRDA:438,30,0,31
BRDA:438,30,1,8
BRDA:442,31,0,9
BRDA:442,31,1,22
BRDA:443,32,0,31
BRDA:443,32,1,9
BRDA:451,33,0,5
BRDA:451,33,1,26
BRDA:455,34,0,5
BRDA:455,34,1,26
BRDA:459,35,0,5
BRDA:459,35,1,26
BRDA:496,36,0,6
BRDA:496,36,1,6
BRDA:496,36,2,6
BRDA:511,37,0,10
BRDA:511,37,1,3008
BRDA:512,38,0,3018
BRDA:512,38,1,3008
BRDA:531,39,0,20
BRDA:531,39,1,275
BRDA:533,40,0,1
BRDA:533,40,1,19
BRDA:553,41,0,890
BRDA:553,41,1,880
BRDA:616,42,0,1
BRDA:616,42,1,1
BRDA:616,42,2,1
BRDA:616,42,3,1
BRDA:616,42,4,1
BRDA:616,42,5,1
BRDA:616,42,6,0
BRDA:638,43,0,1
BRDA:638,43,1,2
BRDA:638,43,2,1
BRDA:638,43,3,1
BRDA:638,43,4,2
BRDA:638,43,5,1
BRDA:638,43,6,0
BRF:98
BRH:84
end_of_record
TN:
SF:src\utils\queryKeys.ts
FN:25,(anonymous_0)
FN:26,(anonymous_1)
FN:28,(anonymous_2)
FN:29,(anonymous_3)
FN:30,(anonymous_4)
FN:31,(anonymous_5)
FN:32,(anonymous_6)
FN:40,(anonymous_7)
FN:41,(anonymous_8)
FN:43,(anonymous_9)
FN:45,(anonymous_10)
FN:46,(anonymous_11)
FN:55,(anonymous_12)
FN:56,(anonymous_13)
FN:57,(anonymous_14)
FN:58,(anonymous_15)
FN:59,(anonymous_16)
FN:67,(anonymous_17)
FN:68,(anonymous_18)
FN:69,(anonymous_19)
FN:78,(anonymous_20)
FN:80,(anonymous_21)
FN:82,(anonymous_22)
FN:89,(anonymous_23)
FN:90,(anonymous_24)
FN:97,(anonymous_25)
FN:105,(anonymous_26)
FN:106,(anonymous_27)
FN:114,(anonymous_28)
FN:115,(anonymous_29)
FN:116,(anonymous_30)
FN:118,(anonymous_31)
FN:119,(anonymous_32)
FN:120,(anonymous_33)
FN:121,(anonymous_34)
FN:123,(anonymous_35)
FN:124,(anonymous_36)
FN:125,(anonymous_37)
FN:133,(anonymous_38)
FN:134,(anonymous_39)
FN:136,(anonymous_40)
FN:137,(anonymous_41)
FN:138,(anonymous_42)
FN:146,(anonymous_43)
FN:147,(anonymous_44)
FN:148,(anonymous_45)
FN:156,(anonymous_46)
FN:157,(anonymous_47)
FN:167,(anonymous_48)
FN:168,(anonymous_49)
FN:169,(anonymous_50)
FN:170,(anonymous_51)
FN:171,(anonymous_52)
FN:180,(anonymous_53)
FN:181,(anonymous_54)
FN:183,(anonymous_55)
FN:184,(anonymous_56)
FN:185,(anonymous_57)
FN:194,(anonymous_58)
FN:203,(anonymous_59)
FNF:60
FNH:54
FNDA:2,(anonymous_0)
FNDA:1,(anonymous_1)
FNDA:2,(anonymous_2)
FNDA:1,(anonymous_3)
FNDA:1,(anonymous_4)
FNDA:1,(anonymous_5)
FNDA:1,(anonymous_6)
FNDA:1,(anonymous_7)
FNDA:0,(anonymous_8)
FNDA:2,(anonymous_9)
FNDA:1,(anonymous_10)
FNDA:0,(anonymous_11)
FNDA:0,(anonymous_12)
FNDA:0,(anonymous_13)
FNDA:1,(anonymous_14)
FNDA:1,(anonymous_15)
FNDA:1,(anonymous_16)
FNDA:1,(anonymous_17)
FNDA:1,(anonymous_18)
FNDA:1,(anonymous_19)
FNDA:8,(anonymous_20)
FNDA:7,(anonymous_21)
FNDA:1,(anonymous_22)
FNDA:1,(anonymous_23)
FNDA:1,(anonymous_24)
FNDA:1,(anonymous_25)
FNDA:1,(anonymous_26)
FNDA:1,(anonymous_27)
FNDA:11,(anonymous_28)
FNDA:3,(anonymous_29)
FNDA:3,(anonymous_30)
FNDA:10,(anonymous_31)
FNDA:3,(anonymous_32)
FNDA:3,(anonymous_33)
FNDA:3,(anonymous_34)
FNDA:3,(anonymous_35)
FNDA:1,(anonymous_36)
FNDA:6,(anonymous_37)
FNDA:7,(anonymous_38)
FNDA:7,(anonymous_39)
FNDA:4,(anonymous_40)
FNDA:4,(anonymous_41)
FNDA:5,(anonymous_42)
FNDA:6,(anonymous_43)
FNDA:4,(anonymous_44)
FNDA:4,(anonymous_45)
FNDA:7,(anonymous_46)
FNDA:7,(anonymous_47)
FNDA:3,(anonymous_48)
FNDA:3,(anonymous_49)
FNDA:4,(anonymous_50)
FNDA:6,(anonymous_51)
FNDA:3,(anonymous_52)
FNDA:0,(anonymous_53)
FNDA:0,(anonymous_54)
FNDA:2,(anonymous_55)
FNDA:1,(anonymous_56)
FNDA:1,(anonymous_57)
FNDA:8,(anonymous_58)
FNDA:7,(anonymous_59)
DA:23,9
DA:25,2
DA:27,1
DA:28,2
DA:29,1
DA:30,1
DA:31,1
DA:32,1
DA:38,9
DA:40,1
DA:42,0
DA:44,2
DA:45,1
DA:47,0
DA:53,9
DA:55,0
DA:56,0
DA:57,1
DA:58,1
DA:59,1
DA:65,9
DA:67,1
DA:68,1
DA:70,1
DA:76,9
DA:79,8
DA:81,7
DA:82,1
DA:88,9
DA:89,1
DA:90,1
DA:96,9
DA:97,1
DA:103,9
DA:105,1
DA:106,1
DA:112,9
DA:114,11
DA:115,3
DA:117,3
DA:118,10
DA:119,3
DA:120,3
DA:122,3
DA:123,3
DA:124,1
DA:125,6
DA:131,9
DA:133,7
DA:135,7
DA:136,4
DA:137,4
DA:138,5
DA:144,9
DA:146,6
DA:147,4
DA:148,4
DA:154,9
DA:156,7
DA:163,7
DA:167,3
DA:168,3
DA:169,4
DA:170,6
DA:172,3
DA:178,9
DA:180,0
DA:182,0
DA:183,2
DA:184,1
DA:186,1
DA:192,9
DA:195,8
DA:201,9
DA:203,7
DA:214,9
LF:76
LH:70
BRF:0
BRH:0
end_of_record
TN:
SF:src\utils\rbac.ts
FN:286,(anonymous_0)
FN:289,(anonymous_1)
FN:296,(anonymous_2)
FN:298,(anonymous_3)
FN:304,(anonymous_4)
FN:306,(anonymous_5)
FN:312,(anonymous_6)
FN:318,(anonymous_7)
FN:320,(anonymous_8)
FN:325,(anonymous_9)
FN:334,(anonymous_10)
FN:345,(anonymous_11)
FN:350,(anonymous_12)
FN:356,(anonymous_13)
FN:361,(anonymous_14)
FN:367,(anonymous_15)
FN:376,(anonymous_16)
FN:399,(anonymous_17)
FN:412,(anonymous_18)
FN:425,(anonymous_19)
FN:435,(anonymous_20)
FN:456,(anonymous_21)
FN:465,(anonymous_22)
FN:481,(anonymous_23)
FN:516,(anonymous_24)
FNF:25
FNH:25
FNDA:224,(anonymous_0)
FNDA:205,(anonymous_1)
FNDA:8,(anonymous_2)
FNDA:12,(anonymous_3)
FNDA:6,(anonymous_4)
FNDA:11,(anonymous_5)
FNDA:202,(anonymous_6)
FNDA:183,(anonymous_7)
FNDA:2386,(anonymous_8)
FNDA:2,(anonymous_9)
FNDA:164,(anonymous_10)
FNDA:4,(anonymous_11)
FNDA:4,(anonymous_12)
FNDA:13,(anonymous_13)
FNDA:14,(anonymous_14)
FNDA:11,(anonymous_15)
FNDA:8,(anonymous_16)
FNDA:25,(anonymous_17)
FNDA:22,(anonymous_18)
FNDA:8,(anonymous_19)
FNDA:9,(anonymous_20)
FNDA:4,(anonymous_21)
FNDA:33,(anonymous_22)
FNDA:10,(anonymous_23)
FNDA:2,(anonymous_24)
DA:6,3
DA:16,3
DA:73,3
DA:262,3
DA:286,3
DA:287,224
DA:288,204
DA:289,205
DA:296,3
DA:297,8
DA:298,12
DA:304,3
DA:305,6
DA:306,11
DA:312,3
DA:313,202
DA:315,183
DA:318,183
DA:319,183
DA:320,2386
DA:324,183
DA:325,183
DA:328,183
DA:334,3
DA:338,164
DA:339,164
DA:345,3
DA:349,4
DA:350,4
DA:356,3
DA:360,13
DA:361,14
DA:367,3
DA:368,11
DA:369,11
DA:370,5
DA:376,3
DA:381,8
DA:384,8
DA:385,3
DA:389,5
DA:390,2
DA:393,3
DA:399,3
DA:400,25
DA:402,22
DA:411,22
DA:412,22
DA:413,22
DA:414,22
DA:415,22
DA:419,22
DA:425,3
DA:429,8
DA:435,3
DA:439,9
DA:442,7
DA:445,5
DA:446,3
DA:450,2
DA:456,3
DA:457,4
DA:458,4
DA:459,4
DA:461,4
DA:464,2
DA:465,2
DA:466,33
DA:470,2
DA:472,1
DA:475,2
DA:481,3
DA:487,10
DA:489,10
DA:490,0
DA:493,10
DA:494,1
DA:498,9
DA:499,3
DA:500,2
DA:508,7
DA:509,4
DA:514,4
DA:515,2
DA:516,2
DA:519,2
DA:520,2
DA:528,5
LF:88
LH:87
BRDA:287,0,0,20
BRDA:287,0,1,204
BRDA:287,1,0,224
BRDA:287,1,1,204
BRDA:297,2,0,1
BRDA:297,2,1,7
BRDA:297,3,0,8
BRDA:297,3,1,8
BRDA:297,3,2,8
BRDA:305,4,0,0
BRDA:305,4,1,6
BRDA:305,5,0,6
BRDA:305,5,1,6
BRDA:305,5,2,6
BRDA:313,6,0,19
BRDA:313,6,1,183
BRDA:313,7,0,202
BRDA:313,7,1,183
BRDA:319,8,0,183
BRDA:319,8,1,0
BRDA:324,9,0,183
BRDA:324,9,1,0
BRDA:349,10,0,1
BRDA:349,10,1,3
BRDA:360,11,0,1
BRDA:360,11,1,12
BRDA:369,12,0,6
BRDA:369,12,1,5
BRDA:369,13,0,11
BRDA:369,13,1,7
BRDA:379,14,0,8
BRDA:384,15,0,3
BRDA:384,15,1,5
BRDA:389,16,0,2
BRDA:389,16,1,3
BRDA:389,17,0,5
BRDA:389,17,1,4
BRDA:400,18,0,3
BRDA:400,18,1,22
BRDA:400,19,0,25
BRDA:400,19,1,22
BRDA:413,20,0,22
BRDA:413,20,1,0
BRDA:414,21,0,22
BRDA:414,21,1,0
BRDA:439,22,0,2
BRDA:439,22,1,7
BRDA:439,23,0,9
BRDA:439,23,1,8
BRDA:442,24,0,2
BRDA:442,24,1,5
BRDA:445,25,0,3
BRDA:445,25,1,2
BRDA:461,26,0,2
BRDA:461,26,1,2
BRDA:470,27,0,1
BRDA:470,27,1,1
BRDA:485,28,0,10
BRDA:489,29,0,0
BRDA:489,29,1,10
BRDA:493,30,0,1
BRDA:493,30,1,9
BRDA:498,31,0,3
BRDA:498,31,1,6
BRDA:498,32,0,9
BRDA:498,32,1,3
BRDA:499,33,0,2
BRDA:499,33,1,1
BRDA:508,34,0,4
BRDA:508,34,1,3
BRDA:508,35,0,7
BRDA:508,35,1,4
BRDA:514,36,0,2
BRDA:514,36,1,2
BRDA:519,37,0,2
BRDA:519,37,1,0
BRDA:519,38,0,2
BRDA:519,38,1,1
BRF:78
BRH:71
end_of_record
TN:
SF:src\utils\typeGuards.ts
FN:29,isString
FN:34,isNumber
FN:39,isBoolean
FN:44,isPlainObject
FN:51,isNonEmptyString
FN:56,isNullish
FN:61,isPresent
FN:84,isAuthError
FN:104,isApiError
FN:115,extractErrorMessage
FN:148,safeParseJson
FN:168,safeValidate
FN:181,(anonymous_12)
FN:227,filterWithGuard
FN:242,isKeyboardEvent
FN:258,isKeyPress
FN:268,isMouseEvent
FN:282,isActivationKey
FN:345,validateApiArray
FN:350,(anonymous_19)
FNF:20
FNH:16
FNDA:55,isString
FNDA:10,isNumber
FNDA:4,isBoolean
FNDA:27,isPlainObject
FNDA:3,isNonEmptyString
FNDA:5,isNullish
FNDA:6,isPresent
FNDA:0,isAuthError
FNDA:0,isApiError
FNDA:33,extractErrorMessage
FNDA:3,safeParseJson
FNDA:0,safeValidate
FNDA:0,(anonymous_12)
FNDA:1,filterWithGuard
FNDA:5,isKeyboardEvent
FNDA:7,isKeyPress
FNDA:5,isMouseEvent
FNDA:4,isActivationKey
FNDA:5,validateApiArray
FNDA:5,(anonymous_19)
DA:30,55
DA:35,10
DA:40,4
DA:47,27
DA:52,3
DA:57,5
DA:62,6
DA:85,0
DA:94,10
DA:105,0
DA:119,33
DA:120,32
DA:121,7
DA:122,3
DA:124,2
DA:125,2
DA:126,2
DA:127,2
DA:129,2
DA:130,1
DA:134,4
DA:152,3
DA:153,3
DA:154,3
DA:155,3
DA:157,1
DA:172,0
DA:173,0
DA:181,10
DA:182,0
DA:191,10
DA:206,10
DA:231,1
DA:245,5
DA:262,7
DA:271,5
DA:285,4
DA:295,10
DA:311,10
DA:325,10
DA:349,5
DA:350,3
DA:351,5
DA:352,5
DA:353,4
DA:356,1
DA:361,5
LF:47
LH:42
BRDA:35,0,0,10
BRDA:35,0,1,8
BRDA:47,1,0,27
BRDA:47,1,1,20
BRDA:47,1,2,16
BRDA:52,2,0,3
BRDA:52,2,1,3
BRDA:57,3,0,5
BRDA:57,3,1,4
BRDA:62,4,0,6
BRDA:62,4,1,5
BRDA:86,5,0,0
BRDA:86,5,1,0
BRDA:86,5,2,0
BRDA:86,5,3,0
BRDA:117,6,0,33
BRDA:119,7,0,1
BRDA:119,7,1,32
BRDA:120,8,0,25
BRDA:120,8,1,7
BRDA:121,9,0,3
BRDA:121,9,1,4
BRDA:122,10,0,1
BRDA:122,10,1,2
BRDA:125,11,0,2
BRDA:125,11,1,0
BRDA:127,12,0,2
BRDA:127,12,1,0
BRDA:129,13,0,1
BRDA:129,13,1,1
BRDA:130,14,0,1
BRDA:130,14,1,0
BRDA:155,15,0,1
BRDA:155,15,1,1
BRDA:173,16,0,0
BRDA:173,16,1,0
BRDA:246,17,0,5
BRDA:246,17,1,3
BRDA:246,17,2,2
BRDA:272,18,0,5
BRDA:272,18,1,3
BRDA:272,18,2,2
BRDA:349,19,0,2
BRDA:349,19,1,3
BRDA:352,20,0,4
BRDA:352,20,1,1
BRF:46
BRH:37
end_of_record
TN:
SF:src\utils\validation.ts
FN:8,(anonymous_0)
FN:16,(anonymous_1)
FN:24,(anonymous_2)
FN:32,(anonymous_3)
FN:42,(anonymous_4)
FN:49,(anonymous_5)
FN:56,(anonymous_6)
FN:63,(anonymous_7)
FN:70,(anonymous_8)
FN:77,(anonymous_9)
FN:84,(anonymous_10)
FN:91,(anonymous_11)
FN:99,(anonymous_12)
FN:107,(anonymous_13)
FN:114,(anonymous_14)
FN:164,(anonymous_15)
FNF:16
FNH:15
FNDA:11,(anonymous_0)
FNDA:9,(anonymous_1)
FNDA:15,(anonymous_2)
FNDA:13,(anonymous_3)
FNDA:10,(anonymous_4)
FNDA:8,(anonymous_5)
FNDA:9,(anonymous_6)
FNDA:6,(anonymous_7)
FNDA:6,(anonymous_8)
FNDA:5,(anonymous_9)
FNDA:5,(anonymous_10)
FNDA:11,(anonymous_11)
FNDA:9,(anonymous_12)
FNDA:0,(anonymous_13)
FNDA:15,(anonymous_14)
FNDA:5,(anonymous_15)
DA:8,2
DA:9,11
DA:10,11
DA:16,2
DA:17,9
DA:18,9
DA:24,2
DA:25,15
DA:26,15
DA:32,2
DA:33,13
DA:34,11
DA:35,6
DA:36,4
DA:42,2
DA:43,10
DA:49,2
DA:50,8
DA:56,2
DA:57,9
DA:63,2
DA:64,6
DA:70,2
DA:71,6
DA:77,2
DA:78,5
DA:84,2
DA:85,5
DA:91,2
DA:92,11
DA:93,11
DA:99,2
DA:100,9
DA:101,9
DA:107,2
DA:108,0
DA:114,2
DA:119,15
DA:121,1
DA:123,1
DA:125,1
DA:127,1
DA:129,1
DA:131,1
DA:133,1
DA:135,1
DA:137,1
DA:139,1
DA:141,1
DA:143,1
DA:145,1
DA:147,1
DA:149,1
DA:164,2
DA:171,5
DA:172,6
DA:173,2
DA:176,3
LF:58
LH:57
BRDA:33,0,0,2
BRDA:33,0,1,11
BRDA:33,1,0,13
BRDA:33,1,1,12
BRDA:34,2,0,5
BRDA:34,2,1,6
BRDA:35,3,0,2
BRDA:35,3,1,4
BRDA:57,4,0,9
BRDA:57,4,1,7
BRDA:101,5,0,9
BRDA:101,5,1,4
BRDA:108,6,0,0
BRDA:108,6,1,0
BRDA:119,7,0,1
BRDA:119,7,1,1
BRDA:119,7,2,1
BRDA:119,7,3,1
BRDA:119,7,4,1
BRDA:119,7,5,1
BRDA:119,7,6,1
BRDA:119,7,7,1
BRDA:119,7,8,1
BRDA:119,7,9,1
BRDA:119,7,10,1
BRDA:119,7,11,1
BRDA:119,7,12,1
BRDA:119,7,13,1
BRDA:119,7,14,1
BRDA:172,8,0,2
BRDA:172,8,1,4
BRF:31
BRH:29
end_of_record
TN:
SF:src\utils\withErrorBoundary.tsx
FN:6,(anonymous_0)
FN:10,(anonymous_1)
FNF:2
FNH:0
FNDA:0,(anonymous_0)
FNDA:0,(anonymous_1)
DA:6,1
DA:10,0
DA:11,0
DA:16,0
DA:18,0
LF:5
LH:1
BRDA:16,0,0,0
BRDA:16,0,1,0
BRF:2
BRH:0
end_of_record
